#
# There is insufficient memory for the Java Runtime Environment to continue.
# Native memory allocation (mmap) failed to map 65536 bytes for Failed to commit metaspace.
# Possible reasons:
#   The system is out of physical RAM or swap space
#   The process is running with CompressedOops enabled, and the Java Heap may be blocking the growth of the native heap
# Possible solutions:
#   Reduce memory load on the system
#   Increase physical memory or swap space
#   Check if swap backing store is full
#   Decrease Java heap size (-Xmx/-Xms)
#   Decrease number of Java threads
#   Decrease Java thread stack sizes (-Xss)
#   Set larger code cache with -XX:ReservedCodeCacheSize=
#   JVM is running with Zero Based Compressed Oops mode in which the Java heap is
#     placed in the first 32GB address space. The Java Heap base address is the
#     maximum limit for the native heap growth. Please use -XX:HeapBaseMinAddress
#     to set the Java Heap base and to place the Java Heap above 32GB virtual address.
# This output file may be truncated or incomplete.
#
#  Out of Memory Error (virtualSpaceNode.cpp:110), pid=5288, tid=1920
#
# JRE version: Java(TM) SE Runtime Environment (17.0.12+8) (build 17.0.12+8-LTS-286)
# Java VM: Java HotSpot(TM) 64-Bit Server VM (17.0.12+8-LTS-286, mixed mode, emulated-client, sharing, tiered, compressed oops, compressed class ptrs, g1 gc, windows-amd64)
# No core dump will be written. Minidumps are not enabled by default on client versions of Windows
#

---------------  S U M M A R Y ------------

Command Line: -XX:TieredStopAtLevel=1 -Dspring.output.ansi.enabled=always -Dcom.sun.management.jmxremote -Dspring.jmx.enabled=true -Dspring.liveBeansView.mbeanDomain -Dspring.application.admin.enabled=true -Dmanagement.endpoints.jmx.exposure.include=* -javaagent:D:\intel\IntelliJ IDEA 2024.1\lib\idea_rt.jar=53052:D:\intel\IntelliJ IDEA 2024.1\bin -Dfile.encoding=UTF-8 com.example.gatewayservice.GatewayServiceApplication

Host: AMD Ryzen 5 5500U with Radeon Graphics         , 12 cores, 23G,  Windows 10 , 64 bit Build 19041 (10.0.19041.5915)
Time: Fri Aug 29 15:29:39 2025 SE Asia Standard Time elapsed time: 1.576412 seconds (0d 0h 0m 1s)

---------------  T H R E A D  ---------------

Current thread (0x000001fb919efa50):  JavaThread "main" [_thread_in_vm, id=1920, stack(0x0000009fa6100000,0x0000009fa6200000)]

Stack: [0x0000009fa6100000,0x0000009fa6200000]
Native frames: (J=compiled Java code, j=interpreted, Vv=VM code, C=native code)
V  [jvm.dll+0x67a04a]
V  [jvm.dll+0x7da4ed]
V  [jvm.dll+0x7dbe33]
V  [jvm.dll+0x7dc4a3]
V  [jvm.dll+0x24508f]
V  [jvm.dll+0x7d60bb]
V  [jvm.dll+0x6206c6]
V  [jvm.dll+0x1bed07]
V  [jvm.dll+0x623022]
V  [jvm.dll+0x621086]
V  [jvm.dll+0x23936f]
V  [jvm.dll+0x62af35]
V  [jvm.dll+0x1e84b2]
V  [jvm.dll+0x1e89d5]
V  [jvm.dll+0x1e931b]
V  [jvm.dll+0x1dea41]
V  [jvm.dll+0x53f78c]
V  [jvm.dll+0x7553b8]
V  [jvm.dll+0x7554a4]
V  [jvm.dll+0x40d1af]
V  [jvm.dll+0x413c39]
C  [java.dll+0x17ec]

Java frames: (J=compiled Java code, j=interpreted, Vv=VM code)
J 1175  java.lang.ClassLoader.defineClass1(Ljava/lang/ClassLoader;Ljava/lang/String;[BIILjava/security/ProtectionDomain;Ljava/lang/String;)Ljava/lang/Class; java.base@17.0.12 (0 bytes) @ 0x000001fb9967d4e3 [0x000001fb9967d420+0x00000000000000c3]
J 1265 c1 java.lang.ClassLoader.defineClass(Ljava/lang/String;[BIILjava/security/ProtectionDomain;)Ljava/lang/Class; java.base@17.0.12 (43 bytes) @ 0x000001fb996a0eec [0x000001fb996a0de0+0x000000000000010c]
J 1178 c1 jdk.internal.loader.BuiltinClassLoader.defineClass(Ljava/lang/String;Ljdk/internal/loader/Resource;)Ljava/lang/Class; java.base@17.0.12 (121 bytes) @ 0x000001fb996827f4 [0x000001fb99682320+0x00000000000004d4]
J 1176 c1 jdk.internal.loader.BuiltinClassLoader.findClassOnClassPathOrNull(Ljava/lang/String;)Ljava/lang/Class; java.base@17.0.12 (64 bytes) @ 0x000001fb996803c4 [0x000001fb99680100+0x00000000000002c4]
J 954 c1 jdk.internal.loader.BuiltinClassLoader.loadClassOrNull(Ljava/lang/String;Z)Ljava/lang/Class; java.base@17.0.12 (143 bytes) @ 0x000001fb99618f04 [0x000001fb99618a80+0x0000000000000484]
J 1093 c1 jdk.internal.loader.ClassLoaders$AppClassLoader.loadClass(Ljava/lang/String;Z)Ljava/lang/Class; java.base@17.0.12 (40 bytes) @ 0x000001fb9965bb2c [0x000001fb9965b9e0+0x000000000000014c]
J 1092 c1 java.lang.ClassLoader.loadClass(Ljava/lang/String;)Ljava/lang/Class; java.base@17.0.12 (7 bytes) @ 0x000001fb9965af64 [0x000001fb9965af20+0x0000000000000044]
v  ~StubRoutines::call_stub
j  com.fasterxml.jackson.databind.ObjectMapper._newReader(Lcom/fasterxml/jackson/databind/DeserializationConfig;)Lcom/fasterxml/jackson/databind/ObjectReader;+0
j  com.fasterxml.jackson.databind.ObjectMapper.reader()Lcom/fasterxml/jackson/databind/ObjectReader;+5
j  org.springframework.http.converter.json.AbstractJackson2HttpMessageConverter.readJavaType(Lcom/fasterxml/jackson/databind/JavaType;Lorg/springframework/http/HttpInputMessage;)Ljava/lang/Object;+192
j  org.springframework.http.converter.json.AbstractJackson2HttpMessageConverter.read(Ljava/lang/reflect/Type;Ljava/lang/Class;Lorg/springframework/http/HttpInputMessage;)Ljava/lang/Object;+12
j  org.springframework.web.client.HttpMessageConverterExtractor.extractData(Lorg/springframework/http/client/ClientHttpResponse;)Ljava/lang/Object;+140
j  org.springframework.web.client.RestTemplate$ResponseEntityResponseExtractor.extractData(Lorg/springframework/http/client/ClientHttpResponse;)Lorg/springframework/http/ResponseEntity;+12
j  org.springframework.web.client.RestTemplate$ResponseEntityResponseExtractor.extractData(Lorg/springframework/http/client/ClientHttpResponse;)Ljava/lang/Object;+2
j  org.springframework.web.client.RestTemplate.doExecute(Ljava/net/URI;Ljava/lang/String;Lorg/springframework/http/HttpMethod;Lorg/springframework/web/client/RequestCallback;Lorg/springframework/web/client/ResponseExtractor;)Ljava/lang/Object;+137
j  org.springframework.web.client.RestTemplate.execute(Ljava/lang/String;Lorg/springframework/http/HttpMethod;Lorg/springframework/web/client/RequestCallback;Lorg/springframework/web/client/ResponseExtractor;[Ljava/lang/Object;)Ljava/lang/Object;+22
j  org.springframework.web.client.RestTemplate.exchange(Ljava/lang/String;Lorg/springframework/http/HttpMethod;Lorg/springframework/http/HttpEntity;Ljava/lang/Class;[Ljava/lang/Object;)Lorg/springframework/http/ResponseEntity;+26
j  org.springframework.cloud.config.client.ConfigServerConfigDataLoader.getRemoteEnvironment(Lorg/springframework/boot/context/config/ConfigDataLoaderContext;Lorg/springframework/cloud/config/client/ConfigServerConfigDataResource;Ljava/lang/String;Ljava/lang/String;)Lorg/springframework/cloud/config/environment/Environment;+407
j  org.springframework.cloud.config.client.ConfigServerConfigDataLoader.doLoad(Lorg/springframework/boot/context/config/ConfigDataLoaderContext;Lorg/springframework/cloud/config/client/ConfigServerConfigDataResource;)Lorg/springframework/boot/context/config/ConfigData;+91
j  org.springframework.cloud.config.client.ConfigServerConfigDataLoader.load(Lorg/springframework/boot/context/config/ConfigDataLoaderContext;Lorg/springframework/cloud/config/client/ConfigServerConfigDataResource;)Lorg/springframework/boot/context/config/ConfigData;+150
j  org.springframework.cloud.config.client.ConfigServerConfigDataLoader.load(Lorg/springframework/boot/context/config/ConfigDataLoaderContext;Lorg/springframework/boot/context/config/ConfigDataResource;)Lorg/springframework/boot/context/config/ConfigData;+6
j  org.springframework.boot.context.config.ConfigDataLoaders.load(Lorg/springframework/boot/context/config/ConfigDataLoaderContext;Lorg/springframework/boot/context/config/ConfigDataResource;)Lorg/springframework/boot/context/config/ConfigData;+29
j  org.springframework.boot.context.config.ConfigDataImporter.load(Lorg/springframework/boot/context/config/ConfigDataLoaderContext;Ljava/util/List;)Ljava/util/Map;+142
j  org.springframework.boot.context.config.ConfigDataImporter.resolveAndLoad(Lorg/springframework/boot/context/config/ConfigDataActivationContext;Lorg/springframework/boot/context/config/ConfigDataLocationResolverContext;Lorg/springframework/boot/context/config/ConfigDataLoaderContext;Ljava/util/List;)Ljava/util/Map;+29
j  org.springframework.boot.context.config.ConfigDataEnvironmentContributors.withProcessedImports(Lorg/springframework/boot/context/config/ConfigDataImporter;Lorg/springframework/boot/context/config/ConfigDataActivationContext;)Lorg/springframework/boot/context/config/ConfigDataEnvironmentContributors;+181
j  org.springframework.boot.context.config.ConfigDataEnvironment.processInitial(Lorg/springframework/boot/context/config/ConfigDataEnvironmentContributors;Lorg/springframework/boot/context/config/ConfigDataImporter;)Lorg/springframework/boot/context/config/ConfigDataEnvironmentContributors;+15
j  org.springframework.boot.context.config.ConfigDataEnvironment.processAndApply()V+42
j  org.springframework.boot.context.config.ConfigDataEnvironmentPostProcessor.postProcessEnvironment(Lorg/springframework/core/env/ConfigurableEnvironment;Lorg/springframework/core/io/ResourceLoader;Ljava/util/Collection;)V+34
j  org.springframework.boot.context.config.ConfigDataEnvironmentPostProcessor.postProcessEnvironment(Lorg/springframework/core/env/ConfigurableEnvironment;Lorg/springframework/boot/SpringApplication;)V+10
j  org.springframework.boot.env.EnvironmentPostProcessorApplicationListener.onApplicationEnvironmentPreparedEvent(Lorg/springframework/boot/context/event/ApplicationEnvironmentPreparedEvent;)V+55
j  org.springframework.boot.env.EnvironmentPostProcessorApplicationListener.onApplicationEvent(Lorg/springframework/context/ApplicationEvent;)V+14
j  org.springframework.context.event.SimpleApplicationEventMulticaster.doInvokeListener(Lorg/springframework/context/ApplicationListener;Lorg/springframework/context/ApplicationEvent;)V+2
j  org.springframework.context.event.SimpleApplicationEventMulticaster.invokeListener(Lorg/springframework/context/ApplicationListener;Lorg/springframework/context/ApplicationEvent;)V+34
j  org.springframework.context.event.SimpleApplicationEventMulticaster.multicastEvent(Lorg/springframework/context/ApplicationEvent;Lorg/springframework/core/ResolvableType;)V+92
j  org.springframework.context.event.SimpleApplicationEventMulticaster.multicastEvent(Lorg/springframework/context/ApplicationEvent;)V+3
j  org.springframework.boot.context.event.EventPublishingRunListener.multicastInitialEvent(Lorg/springframework/context/ApplicationEvent;)V+9
j  org.springframework.boot.context.event.EventPublishingRunListener.environmentPrepared(Lorg/springframework/boot/ConfigurableBootstrapContext;Lorg/springframework/core/env/ConfigurableEnvironment;)V+18
j  org.springframework.boot.SpringApplicationRunListeners.lambda$environmentPrepared$2(Lorg/springframework/boot/ConfigurableBootstrapContext;Lorg/springframework/core/env/ConfigurableEnvironment;Lorg/springframework/boot/SpringApplicationRunListener;)V+3
j  org.springframework.boot.SpringApplicationRunListeners$$Lambda$160+0x000001fbaf1271c0.accept(Ljava/lang/Object;)V+12
j  java.lang.Iterable.forEach(Ljava/util/function/Consumer;)V+30 java.base@17.0.12
j  org.springframework.boot.SpringApplicationRunListeners.doWithListeners(Ljava/lang/String;Ljava/util/function/Consumer;Ljava/util/function/Consumer;)V+17
j  org.springframework.boot.SpringApplicationRunListeners.doWithListeners(Ljava/lang/String;Ljava/util/function/Consumer;)V+4
j  org.springframework.boot.SpringApplicationRunListeners.environmentPrepared(Lorg/springframework/boot/ConfigurableBootstrapContext;Lorg/springframework/core/env/ConfigurableEnvironment;)V+10
j  org.springframework.boot.SpringApplication.prepareEnvironment(Lorg/springframework/boot/SpringApplicationRunListeners;Lorg/springframework/boot/DefaultBootstrapContext;Lorg/springframework/boot/ApplicationArguments;)Lorg/springframework/core/env/ConfigurableEnvironment;+27
j  org.springframework.boot.SpringApplication.run([Ljava/lang/String;)Lorg/springframework/context/ConfigurableApplicationContext;+62
j  org.springframework.boot.SpringApplication.run([Ljava/lang/Class;[Ljava/lang/String;)Lorg/springframework/context/ConfigurableApplicationContext;+9
j  org.springframework.boot.SpringApplication.run(Ljava/lang/Class;[Ljava/lang/String;)Lorg/springframework/context/ConfigurableApplicationContext;+9
j  com.example.gatewayservice.GatewayServiceApplication.main([Ljava/lang/String;)V+3
v  ~StubRoutines::call_stub

---------------  P R O C E S S  ---------------

Threads class SMR info:
_java_thread_list=0x000001fbf3696f30, length=18, elements={
0x000001fb919efa50, 0x000001fbad0cd670, 0x000001fbad0ce400, 0x000001fbad0dfa80,
0x000001fbad0e2720, 0x000001fbad0e4000, 0x000001fbad0e4ee0, 0x000001fbad0e57b0,
0x000001fbad1f8490, 0x000001fbad2f77f0, 0x000001fbad2feae0, 0x000001fbad5ec070,
0x000001fbad5ec550, 0x000001fbad95a820, 0x000001fbada21010, 0x000001fbf3643100,
0x000001fbf36944b0, 0x000001fbf36bd550
}

Java Threads: ( => current thread )
=>0x000001fb919efa50 JavaThread "main" [_thread_in_vm, id=1920, stack(0x0000009fa6100000,0x0000009fa6200000)]
  0x000001fbad0cd670 JavaThread "Reference Handler" daemon [_thread_blocked, id=10336, stack(0x0000009fa6800000,0x0000009fa6900000)]
  0x000001fbad0ce400 JavaThread "Finalizer" daemon [_thread_blocked, id=15184, stack(0x0000009fa6900000,0x0000009fa6a00000)]
  0x000001fbad0dfa80 JavaThread "Signal Dispatcher" daemon [_thread_blocked, id=2372, stack(0x0000009fa6a00000,0x0000009fa6b00000)]
  0x000001fbad0e2720 JavaThread "Attach Listener" daemon [_thread_blocked, id=14384, stack(0x0000009fa6b00000,0x0000009fa6c00000)]
  0x000001fbad0e4000 JavaThread "Service Thread" daemon [_thread_blocked, id=10736, stack(0x0000009fa6c00000,0x0000009fa6d00000)]
  0x000001fbad0e4ee0 JavaThread "Monitor Deflation Thread" daemon [_thread_blocked, id=18352, stack(0x0000009fa6d00000,0x0000009fa6e00000)]
  0x000001fbad0e57b0 JavaThread "C1 CompilerThread0" daemon [_thread_blocked, id=11276, stack(0x0000009fa6e00000,0x0000009fa6f00000)]
  0x000001fbad1f8490 JavaThread "Sweeper thread" daemon [_thread_blocked, id=15448, stack(0x0000009fa6f00000,0x0000009fa7000000)]
  0x000001fbad2f77f0 JavaThread "Common-Cleaner" daemon [_thread_blocked, id=588, stack(0x0000009fa7000000,0x0000009fa7100000)]
  0x000001fbad2feae0 JavaThread "C1 CompilerThread1" daemon [_thread_blocked, id=5340, stack(0x0000009fa7100000,0x0000009fa7200000)]
  0x000001fbad5ec070 JavaThread "Monitor Ctrl-Break" daemon [_thread_in_native, id=7088, stack(0x0000009fa7200000,0x0000009fa7300000)]
  0x000001fbad5ec550 JavaThread "Notification Thread" daemon [_thread_blocked, id=20376, stack(0x0000009fa7300000,0x0000009fa7400000)]
  0x000001fbad95a820 JavaThread "C1 CompilerThread2" daemon [_thread_blocked, id=17916, stack(0x0000009fa7400000,0x0000009fa7500000)]
  0x000001fbada21010 JavaThread "RMI TCP Accept-0" daemon [_thread_in_native, id=12868, stack(0x0000009fa7500000,0x0000009fa7600000)]
  0x000001fbf3643100 JavaThread "RMI TCP Connection(1)-192.168.3.163" daemon [_thread_in_native, id=21340, stack(0x0000009fa8000000,0x0000009fa8100000)]
  0x000001fbf36944b0 JavaThread "RMI Scheduler(0)" daemon [_thread_blocked, id=4140, stack(0x0000009fa8100000,0x0000009fa8200000)]
  0x000001fbf36bd550 JavaThread "C1 CompilerThread3" daemon [_thread_blocked, id=21660, stack(0x0000009fa8300000,0x0000009fa8400000)]

Other Threads:
  0x000001fbad0c7b50 VMThread "VM Thread" [stack: 0x0000009fa6700000,0x0000009fa6800000] [id=1688]
  0x000001fbada261d0 WatcherThread [stack: 0x0000009fa7600000,0x0000009fa7700000] [id=21120]
  0x000001fb91a76730 GCTaskThread "GC Thread#0" [stack: 0x0000009fa6200000,0x0000009fa6300000] [id=15260]
  0x000001fbadd2f990 GCTaskThread "GC Thread#1" [stack: 0x0000009fa7700000,0x0000009fa7800000] [id=22768]
  0x000001fbaddbc910 GCTaskThread "GC Thread#2" [stack: 0x0000009fa7800000,0x0000009fa7900000] [id=1080]
  0x000001fbaddbf1f0 GCTaskThread "GC Thread#3" [stack: 0x0000009fa7900000,0x0000009fa7a00000] [id=11112]
  0x000001fbaddbf4b0 GCTaskThread "GC Thread#4" [stack: 0x0000009fa7a00000,0x0000009fa7b00000] [id=22508]
  0x000001fbaddc0400 GCTaskThread "GC Thread#5" [stack: 0x0000009fa7b00000,0x0000009fa7c00000] [id=4924]
  0x000001fbaddc06c0 GCTaskThread "GC Thread#6" [stack: 0x0000009fa7c00000,0x0000009fa7d00000] [id=14520]
  0x000001fbaddc0980 GCTaskThread "GC Thread#7" [stack: 0x0000009fa7d00000,0x0000009fa7e00000] [id=17980]
  0x000001fbaddc1050 GCTaskThread "GC Thread#8" [stack: 0x0000009fa7e00000,0x0000009fa7f00000] [id=23672]
  0x000001fb91a840a0 ConcurrentGCThread "G1 Main Marker" [stack: 0x0000009fa6300000,0x0000009fa6400000] [id=19180]
  0x000001fb91a849c0 ConcurrentGCThread "G1 Conc#0" [stack: 0x0000009fa6400000,0x0000009fa6500000] [id=8432]
  0x000001fbacf80630 ConcurrentGCThread "G1 Refine#0" [stack: 0x0000009fa6500000,0x0000009fa6600000] [id=16240]
  0x000001fbaddc7fa0 ConcurrentGCThread "G1 Refine#1" [stack: 0x0000009fa7f00000,0x0000009fa8000000] [id=14388]
  0x000001fbacf80e70 ConcurrentGCThread "G1 Service" [stack: 0x0000009fa6600000,0x0000009fa6700000] [id=19512]

Threads with active compile tasks:

VM state: not at safepoint (normal execution)

VM Mutex/Monitor currently owned by a thread:  ([mutex/lock_event])
[0x000001fb919eb520] Metaspace_lock - owner thread: 0x000001fb919efa50

Heap address: 0x000000068a000000, size: 5984 MB, Compressed Oops mode: Zero based, Oop shift amount: 3

CDS archive(s) mapped at: [0x000001fbae000000-0x000001fbaebd0000-0x000001fbaebd0000), size 12386304, SharedBaseAddress: 0x000001fbae000000, ArchiveRelocationMode: 1.
Compressed class space mapped at: 0x000001fbaf000000-0x000001fbef000000, reserved size: 1073741824
Narrow klass base: 0x000001fbae000000, Narrow klass shift: 0, Narrow klass range: 0x100000000

GC Precious Log:
 CPUs: 12 total, 12 available
 Memory: 23925M
 Large Page Support: Disabled
 NUMA Support: Disabled
 Compressed Oops: Enabled (Zero based)
 Heap Region Size: 4M
 Heap Min Capacity: 8M
 Heap Initial Capacity: 376M
 Heap Max Capacity: 5984M
 Pre-touch: Disabled
 Parallel Workers: 10
 Concurrent Workers: 3
 Concurrent Refinement Workers: 10
 Periodic GC: Disabled

Heap:
 garbage-first heap   total 385024K, used 44959K [0x000000068a000000, 0x0000000800000000)
  region size 4096K, 11 young (45056K), 1 survivors (4096K)
 Metaspace       used 16883K, committed 17152K, reserved 1114112K
  class space    used 2223K, committed 2368K, reserved 1048576K

Heap Regions: E=young(eden), S=young(survivor), O=old, HS=humongous(starts), HC=humongous(continues), CS=collection set, F=free, OA=open archive, CA=closed archive, TAMS=top-at-mark-start (previous, next)
|   0|0x000000068a000000, 0x000000068a400000, 0x000000068a400000|100%| O|  |TAMS 0x000000068a000000, 0x000000068a000000| Untracked 
|   1|0x000000068a400000, 0x000000068a6ce000, 0x000000068a800000| 70%| O|  |TAMS 0x000000068a400000, 0x000000068a400000| Untracked 
|   2|0x000000068a800000, 0x000000068a800000, 0x000000068ac00000|  0%| F|  |TAMS 0x000000068a800000, 0x000000068a800000| Untracked 
|   3|0x000000068ac00000, 0x000000068ac00000, 0x000000068b000000|  0%| F|  |TAMS 0x000000068ac00000, 0x000000068ac00000| Untracked 
|   4|0x000000068b000000, 0x000000068b000000, 0x000000068b400000|  0%| F|  |TAMS 0x000000068b000000, 0x000000068b000000| Untracked 
|   5|0x000000068b400000, 0x000000068b400000, 0x000000068b800000|  0%| F|  |TAMS 0x000000068b400000, 0x000000068b400000| Untracked 
|   6|0x000000068b800000, 0x000000068b800000, 0x000000068bc00000|  0%| F|  |TAMS 0x000000068b800000, 0x000000068b800000| Untracked 
|   7|0x000000068bc00000, 0x000000068bc00000, 0x000000068c000000|  0%| F|  |TAMS 0x000000068bc00000, 0x000000068bc00000| Untracked 
|   8|0x000000068c000000, 0x000000068c000000, 0x000000068c400000|  0%| F|  |TAMS 0x000000068c000000, 0x000000068c000000| Untracked 
|   9|0x000000068c400000, 0x000000068c400000, 0x000000068c800000|  0%| F|  |TAMS 0x000000068c400000, 0x000000068c400000| Untracked 
|  10|0x000000068c800000, 0x000000068c800000, 0x000000068cc00000|  0%| F|  |TAMS 0x000000068c800000, 0x000000068c800000| Untracked 
|  11|0x000000068cc00000, 0x000000068cc00000, 0x000000068d000000|  0%| F|  |TAMS 0x000000068cc00000, 0x000000068cc00000| Untracked 
|  12|0x000000068d000000, 0x000000068d000000, 0x000000068d400000|  0%| F|  |TAMS 0x000000068d000000, 0x000000068d000000| Untracked 
|  13|0x000000068d400000, 0x000000068d400000, 0x000000068d800000|  0%| F|  |TAMS 0x000000068d400000, 0x000000068d400000| Untracked 
|  14|0x000000068d800000, 0x000000068d800000, 0x000000068dc00000|  0%| F|  |TAMS 0x000000068d800000, 0x000000068d800000| Untracked 
|  15|0x000000068dc00000, 0x000000068dc00000, 0x000000068e000000|  0%| F|  |TAMS 0x000000068dc00000, 0x000000068dc00000| Untracked 
|  16|0x000000068e000000, 0x000000068e000000, 0x000000068e400000|  0%| F|  |TAMS 0x000000068e000000, 0x000000068e000000| Untracked 
|  17|0x000000068e400000, 0x000000068e400000, 0x000000068e800000|  0%| F|  |TAMS 0x000000068e400000, 0x000000068e400000| Untracked 
|  18|0x000000068e800000, 0x000000068e800000, 0x000000068ec00000|  0%| F|  |TAMS 0x000000068e800000, 0x000000068e800000| Untracked 
|  19|0x000000068ec00000, 0x000000068ec00000, 0x000000068f000000|  0%| F|  |TAMS 0x000000068ec00000, 0x000000068ec00000| Untracked 
|  20|0x000000068f000000, 0x000000068f000000, 0x000000068f400000|  0%| F|  |TAMS 0x000000068f000000, 0x000000068f000000| Untracked 
|  21|0x000000068f400000, 0x000000068f400000, 0x000000068f800000|  0%| F|  |TAMS 0x000000068f400000, 0x000000068f400000| Untracked 
|  22|0x000000068f800000, 0x000000068f800000, 0x000000068fc00000|  0%| F|  |TAMS 0x000000068f800000, 0x000000068f800000| Untracked 
|  23|0x000000068fc00000, 0x000000068fc00000, 0x0000000690000000|  0%| F|  |TAMS 0x000000068fc00000, 0x000000068fc00000| Untracked 
|  24|0x0000000690000000, 0x0000000690000000, 0x0000000690400000|  0%| F|  |TAMS 0x0000000690000000, 0x0000000690000000| Untracked 
|  25|0x0000000690400000, 0x0000000690400000, 0x0000000690800000|  0%| F|  |TAMS 0x0000000690400000, 0x0000000690400000| Untracked 
|  26|0x0000000690800000, 0x0000000690800000, 0x0000000690c00000|  0%| F|  |TAMS 0x0000000690800000, 0x0000000690800000| Untracked 
|  27|0x0000000690c00000, 0x0000000690c00000, 0x0000000691000000|  0%| F|  |TAMS 0x0000000690c00000, 0x0000000690c00000| Untracked 
|  28|0x0000000691000000, 0x0000000691000000, 0x0000000691400000|  0%| F|  |TAMS 0x0000000691000000, 0x0000000691000000| Untracked 
|  29|0x0000000691400000, 0x0000000691400000, 0x0000000691800000|  0%| F|  |TAMS 0x0000000691400000, 0x0000000691400000| Untracked 
|  30|0x0000000691800000, 0x0000000691800000, 0x0000000691c00000|  0%| F|  |TAMS 0x0000000691800000, 0x0000000691800000| Untracked 
|  31|0x0000000691c00000, 0x0000000691c00000, 0x0000000692000000|  0%| F|  |TAMS 0x0000000691c00000, 0x0000000691c00000| Untracked 
|  32|0x0000000692000000, 0x0000000692000000, 0x0000000692400000|  0%| F|  |TAMS 0x0000000692000000, 0x0000000692000000| Untracked 
|  33|0x0000000692400000, 0x0000000692400000, 0x0000000692800000|  0%| F|  |TAMS 0x0000000692400000, 0x0000000692400000| Untracked 
|  34|0x0000000692800000, 0x0000000692800000, 0x0000000692c00000|  0%| F|  |TAMS 0x0000000692800000, 0x0000000692800000| Untracked 
|  35|0x0000000692c00000, 0x0000000692c00000, 0x0000000693000000|  0%| F|  |TAMS 0x0000000692c00000, 0x0000000692c00000| Untracked 
|  36|0x0000000693000000, 0x0000000693000000, 0x0000000693400000|  0%| F|  |TAMS 0x0000000693000000, 0x0000000693000000| Untracked 
|  37|0x0000000693400000, 0x0000000693400000, 0x0000000693800000|  0%| F|  |TAMS 0x0000000693400000, 0x0000000693400000| Untracked 
|  38|0x0000000693800000, 0x0000000693800000, 0x0000000693c00000|  0%| F|  |TAMS 0x0000000693800000, 0x0000000693800000| Untracked 
|  39|0x0000000693c00000, 0x0000000693c00000, 0x0000000694000000|  0%| F|  |TAMS 0x0000000693c00000, 0x0000000693c00000| Untracked 
|  40|0x0000000694000000, 0x0000000694000000, 0x0000000694400000|  0%| F|  |TAMS 0x0000000694000000, 0x0000000694000000| Untracked 
|  41|0x0000000694400000, 0x0000000694400000, 0x0000000694800000|  0%| F|  |TAMS 0x0000000694400000, 0x0000000694400000| Untracked 
|  42|0x0000000694800000, 0x0000000694800000, 0x0000000694c00000|  0%| F|  |TAMS 0x0000000694800000, 0x0000000694800000| Untracked 
|  43|0x0000000694c00000, 0x0000000694c00000, 0x0000000695000000|  0%| F|  |TAMS 0x0000000694c00000, 0x0000000694c00000| Untracked 
|  44|0x0000000695000000, 0x0000000695000000, 0x0000000695400000|  0%| F|  |TAMS 0x0000000695000000, 0x0000000695000000| Untracked 
|  45|0x0000000695400000, 0x0000000695400000, 0x0000000695800000|  0%| F|  |TAMS 0x0000000695400000, 0x0000000695400000| Untracked 
|  46|0x0000000695800000, 0x0000000695800000, 0x0000000695c00000|  0%| F|  |TAMS 0x0000000695800000, 0x0000000695800000| Untracked 
|  47|0x0000000695c00000, 0x0000000695c00000, 0x0000000696000000|  0%| F|  |TAMS 0x0000000695c00000, 0x0000000695c00000| Untracked 
|  48|0x0000000696000000, 0x0000000696000000, 0x0000000696400000|  0%| F|  |TAMS 0x0000000696000000, 0x0000000696000000| Untracked 
|  49|0x0000000696400000, 0x0000000696400000, 0x0000000696800000|  0%| F|  |TAMS 0x0000000696400000, 0x0000000696400000| Untracked 
|  50|0x0000000696800000, 0x0000000696800000, 0x0000000696c00000|  0%| F|  |TAMS 0x0000000696800000, 0x0000000696800000| Untracked 
|  51|0x0000000696c00000, 0x0000000696c00000, 0x0000000697000000|  0%| F|  |TAMS 0x0000000696c00000, 0x0000000696c00000| Untracked 
|  52|0x0000000697000000, 0x0000000697000000, 0x0000000697400000|  0%| F|  |TAMS 0x0000000697000000, 0x0000000697000000| Untracked 
|  53|0x0000000697400000, 0x0000000697400000, 0x0000000697800000|  0%| F|  |TAMS 0x0000000697400000, 0x0000000697400000| Untracked 
|  54|0x0000000697800000, 0x0000000697800000, 0x0000000697c00000|  0%| F|  |TAMS 0x0000000697800000, 0x0000000697800000| Untracked 
|  55|0x0000000697c00000, 0x0000000697c00000, 0x0000000698000000|  0%| F|  |TAMS 0x0000000697c00000, 0x0000000697c00000| Untracked 
|  56|0x0000000698000000, 0x0000000698000000, 0x0000000698400000|  0%| F|  |TAMS 0x0000000698000000, 0x0000000698000000| Untracked 
|  57|0x0000000698400000, 0x0000000698400000, 0x0000000698800000|  0%| F|  |TAMS 0x0000000698400000, 0x0000000698400000| Untracked 
|  58|0x0000000698800000, 0x0000000698800000, 0x0000000698c00000|  0%| F|  |TAMS 0x0000000698800000, 0x0000000698800000| Untracked 
|  59|0x0000000698c00000, 0x0000000698c00000, 0x0000000699000000|  0%| F|  |TAMS 0x0000000698c00000, 0x0000000698c00000| Untracked 
|  60|0x0000000699000000, 0x0000000699000000, 0x0000000699400000|  0%| F|  |TAMS 0x0000000699000000, 0x0000000699000000| Untracked 
|  61|0x0000000699400000, 0x0000000699400000, 0x0000000699800000|  0%| F|  |TAMS 0x0000000699400000, 0x0000000699400000| Untracked 
|  62|0x0000000699800000, 0x0000000699800000, 0x0000000699c00000|  0%| F|  |TAMS 0x0000000699800000, 0x0000000699800000| Untracked 
|  63|0x0000000699c00000, 0x0000000699c00000, 0x000000069a000000|  0%| F|  |TAMS 0x0000000699c00000, 0x0000000699c00000| Untracked 
|  64|0x000000069a000000, 0x000000069a000000, 0x000000069a400000|  0%| F|  |TAMS 0x000000069a000000, 0x000000069a000000| Untracked 
|  65|0x000000069a400000, 0x000000069a400000, 0x000000069a800000|  0%| F|  |TAMS 0x000000069a400000, 0x000000069a400000| Untracked 
|  66|0x000000069a800000, 0x000000069a800000, 0x000000069ac00000|  0%| F|  |TAMS 0x000000069a800000, 0x000000069a800000| Untracked 
|  67|0x000000069ac00000, 0x000000069ac00000, 0x000000069b000000|  0%| F|  |TAMS 0x000000069ac00000, 0x000000069ac00000| Untracked 
|  68|0x000000069b000000, 0x000000069b000000, 0x000000069b400000|  0%| F|  |TAMS 0x000000069b000000, 0x000000069b000000| Untracked 
|  69|0x000000069b400000, 0x000000069b400000, 0x000000069b800000|  0%| F|  |TAMS 0x000000069b400000, 0x000000069b400000| Untracked 
|  70|0x000000069b800000, 0x000000069b800000, 0x000000069bc00000|  0%| F|  |TAMS 0x000000069b800000, 0x000000069b800000| Untracked 
|  71|0x000000069bc00000, 0x000000069bc00000, 0x000000069c000000|  0%| F|  |TAMS 0x000000069bc00000, 0x000000069bc00000| Untracked 
|  72|0x000000069c000000, 0x000000069c000000, 0x000000069c400000|  0%| F|  |TAMS 0x000000069c000000, 0x000000069c000000| Untracked 
|  73|0x000000069c400000, 0x000000069c400000, 0x000000069c800000|  0%| F|  |TAMS 0x000000069c400000, 0x000000069c400000| Untracked 
|  74|0x000000069c800000, 0x000000069c800000, 0x000000069cc00000|  0%| F|  |TAMS 0x000000069c800000, 0x000000069c800000| Untracked 
|  75|0x000000069cc00000, 0x000000069cc00000, 0x000000069d000000|  0%| F|  |TAMS 0x000000069cc00000, 0x000000069cc00000| Untracked 
|  76|0x000000069d000000, 0x000000069d000000, 0x000000069d400000|  0%| F|  |TAMS 0x000000069d000000, 0x000000069d000000| Untracked 
|  77|0x000000069d400000, 0x000000069d400000, 0x000000069d800000|  0%| F|  |TAMS 0x000000069d400000, 0x000000069d400000| Untracked 
|  78|0x000000069d800000, 0x000000069d800000, 0x000000069dc00000|  0%| F|  |TAMS 0x000000069d800000, 0x000000069d800000| Untracked 
|  79|0x000000069dc00000, 0x000000069dc00000, 0x000000069e000000|  0%| F|  |TAMS 0x000000069dc00000, 0x000000069dc00000| Untracked 
|  80|0x000000069e000000, 0x000000069e000000, 0x000000069e400000|  0%| F|  |TAMS 0x000000069e000000, 0x000000069e000000| Untracked 
|  81|0x000000069e400000, 0x000000069e400000, 0x000000069e800000|  0%| F|  |TAMS 0x000000069e400000, 0x000000069e400000| Untracked 
|  82|0x000000069e800000, 0x000000069e800000, 0x000000069ec00000|  0%| F|  |TAMS 0x000000069e800000, 0x000000069e800000| Untracked 
|  83|0x000000069ec00000, 0x000000069eeb6d38, 0x000000069f000000| 67%| E|  |TAMS 0x000000069ec00000, 0x000000069ec00000| Complete 
|  84|0x000000069f000000, 0x000000069f400000, 0x000000069f400000|100%| E|CS|TAMS 0x000000069f000000, 0x000000069f000000| Complete 
|  85|0x000000069f400000, 0x000000069f800000, 0x000000069f800000|100%| E|CS|TAMS 0x000000069f400000, 0x000000069f400000| Complete 
|  86|0x000000069f800000, 0x000000069fc00000, 0x000000069fc00000|100%| E|CS|TAMS 0x000000069f800000, 0x000000069f800000| Complete 
|  87|0x000000069fc00000, 0x00000006a0000000, 0x00000006a0000000|100%| E|CS|TAMS 0x000000069fc00000, 0x000000069fc00000| Complete 
|  88|0x00000006a0000000, 0x00000006a0400000, 0x00000006a0400000|100%| E|CS|TAMS 0x00000006a0000000, 0x00000006a0000000| Complete 
|  89|0x00000006a0400000, 0x00000006a0800000, 0x00000006a0800000|100%| E|CS|TAMS 0x00000006a0400000, 0x00000006a0400000| Complete 
|  90|0x00000006a0800000, 0x00000006a0919c28, 0x00000006a0c00000| 27%| S|CS|TAMS 0x00000006a0800000, 0x00000006a0800000| Complete 
|  91|0x00000006a0c00000, 0x00000006a1000000, 0x00000006a1000000|100%| E|CS|TAMS 0x00000006a0c00000, 0x00000006a0c00000| Complete 
|  92|0x00000006a1000000, 0x00000006a1400000, 0x00000006a1400000|100%| E|CS|TAMS 0x00000006a1000000, 0x00000006a1000000| Complete 
|  93|0x00000006a1400000, 0x00000006a1800000, 0x00000006a1800000|100%| E|CS|TAMS 0x00000006a1400000, 0x00000006a1400000| Complete 

Card table byte_map: [0x000001fb9d180000,0x000001fb9dd30000] _byte_map_base: 0x000001fb99d30000

Marking Bits (Prev, Next): (CMBitMap*) 0x000001fb91a77c70, (CMBitMap*) 0x000001fb91a77cb0
 Prev Bits: [0x000001fb9e8e0000, 0x000001fba4660000)
 Next Bits: [0x000001fba4660000, 0x000001fbaa3e0000)

Polling page: 0x000001fb911b0000

Metaspace:

Usage:
  Non-class:     14.32 MB used.
      Class:      2.17 MB used.
       Both:     16.49 MB used.

Virtual space:
  Non-class space:       64.00 MB reserved,      14.44 MB ( 23%) committed,  1 nodes.
      Class space:        1.00 GB reserved,       2.31 MB ( <1%) committed,  1 nodes.
             Both:        1.06 GB reserved,      16.75 MB (  2%) committed. 

Chunk freelists:
   Non-Class:  688.00 KB
       Class:  13.55 MB
        Both:  14.22 MB

MaxMetaspaceSize: unlimited
CompressedClassSpaceSize: 1.00 GB
Initial GC threshold: 21.00 MB
Current GC threshold: 21.00 MB
CDS: on
MetaspaceReclaimPolicy: balanced
 - commit_granule_bytes: 65536.
 - commit_granule_words: 8192.
 - virtual_space_node_default_size: 8388608.
 - enlarge_chunks_in_place: 1.
 - new_chunks_are_fully_committed: 0.
 - uncommit_free_chunks: 1.
 - use_allocation_guard: 0.
 - handle_deallocations: 1.


Internal statistics:

num_allocs_failed_limit: 0.
num_arena_births: 304.
num_arena_deaths: 0.
num_vsnodes_births: 2.
num_vsnodes_deaths: 0.
num_space_committed: 268.
num_space_uncommitted: 0.
num_chunks_returned_to_freelist: 0.
num_chunks_taken_from_freelist: 803.
num_chunk_merges: 0.
num_chunk_splits: 541.
num_chunks_enlarged: 390.
num_inconsistent_stats: 0.

CodeCache: size=49152Kb used=5971Kb max_used=5971Kb free=43180Kb
 bounds [0x000001fb992a0000, 0x000001fb99880000, 0x000001fb9c2a0000]
 total_blobs=2572 nmethods=2087 adapters=409
 compilation: enabled
              stopped_count=0, restarted_count=0
 full_count=0

Compilation events (20 events):
Event: 1.546 Thread 0x000001fbad2feae0 nmethod 2076 0x000001fb9986ee90 code [0x000001fb9986f020, 0x000001fb9986f0f8]
Event: 1.546 Thread 0x000001fbad95a820 nmethod 2071 0x000001fb9986f190 code [0x000001fb9986f320, 0x000001fb9986f438]
Event: 1.546 Thread 0x000001fbf36bd550 nmethod 2066 0x000001fb9986f490 code [0x000001fb9986f720, 0x000001fb998705d8]
Event: 1.546 Thread 0x000001fbad0e57b0 nmethod 2073 0x000001fb99871090 code [0x000001fb99871320, 0x000001fb99871e88]
Event: 1.550 Thread 0x000001fbad0e57b0 2078       1       jdk.internal.misc.Unsafe::putLongRelease (9 bytes)
Event: 1.550 Thread 0x000001fbad0e57b0 nmethod 2078 0x000001fb99872910 code [0x000001fb99872aa0, 0x000001fb99872b78]
Event: 1.551 Thread 0x000001fbad0e57b0 2080       1       com.fasterxml.jackson.databind.DeserializationContext::getConfig (5 bytes)
Event: 1.552 Thread 0x000001fbad95a820 2081       1       com.fasterxml.jackson.databind.util.internal.PrivateMaxEntriesMap$Node::getPrevious (5 bytes)
Event: 1.552 Thread 0x000001fbad0e57b0 nmethod 2080 0x000001fb99872c10 code [0x000001fb99872da0, 0x000001fb99872e78]
Event: 1.552 Thread 0x000001fbad95a820 nmethod 2081 0x000001fb99872f10 code [0x000001fb998730a0, 0x000001fb99873178]
Event: 1.552 Thread 0x000001fbad95a820 2083       1       java.lang.invoke.InvokerBytecodeGenerator::setClassWriter (6 bytes)
Event: 1.552 Thread 0x000001fbad2feae0 2084       1       java.util.ImmutableCollections$List12::<init> (20 bytes)
Event: 1.552 Thread 0x000001fbad95a820 nmethod 2083 0x000001fb99873510 code [0x000001fb998736a0, 0x000001fb998737b8]
Event: 1.552 Thread 0x000001fbad95a820 2085       1       java.lang.Class::getClassData (5 bytes)
Event: 1.552 Thread 0x000001fbad95a820 nmethod 2085 0x000001fb99873810 code [0x000001fb998739a0, 0x000001fb99873a78]
Event: 1.552 Thread 0x000001fbad2feae0 nmethod 2084 0x000001fb99873b10 code [0x000001fb99873cc0, 0x000001fb99873f08]
Event: 1.553 Thread 0x000001fbad2feae0 2086       1       java.lang.Class::getDeclaredConstructors (27 bytes)
Event: 1.553 Thread 0x000001fbad2feae0 nmethod 2086 0x000001fb99874010 code [0x000001fb998741c0, 0x000001fb99874338]
Event: 1.553 Thread 0x000001fbad2feae0 2087       1       java.net.URI$Parser::scan (76 bytes)
Event: 1.554 Thread 0x000001fbad2feae0 nmethod 2087 0x000001fb99874410 code [0x000001fb998745e0, 0x000001fb99874958]

GC Heap History (4 events):
Event: 0.609 GC heap before
{Heap before GC invocations=0 (full 0):
 garbage-first heap   total 385024K, used 16384K [0x000000068a000000, 0x0000000800000000)
  region size 4096K, 5 young (20480K), 0 survivors (0K)
 Metaspace       used 6104K, committed 6272K, reserved 1114112K
  class space    used 763K, committed 832K, reserved 1048576K
}
Event: 0.614 GC heap after
{Heap after GC invocations=1 (full 0):
 garbage-first heap   total 385024K, used 6996K [0x000000068a000000, 0x0000000800000000)
  region size 4096K, 1 young (4096K), 1 survivors (4096K)
 Metaspace       used 6104K, committed 6272K, reserved 1114112K
  class space    used 763K, committed 832K, reserved 1048576K
}
Event: 1.039 GC heap before
{Heap before GC invocations=1 (full 0):
 garbage-first heap   total 385024K, used 19284K [0x000000068a000000, 0x0000000800000000)
  region size 4096K, 4 young (16384K), 1 survivors (4096K)
 Metaspace       used 8899K, committed 9152K, reserved 1114112K
  class space    used 1179K, committed 1280K, reserved 1048576K
}
Event: 1.042 GC heap after
{Heap after GC invocations=2 (full 0):
 garbage-first heap   total 385024K, used 8095K [0x000000068a000000, 0x0000000800000000)
  region size 4096K, 1 young (4096K), 1 survivors (4096K)
 Metaspace       used 8899K, committed 9152K, reserved 1114112K
  class space    used 1179K, committed 1280K, reserved 1048576K
}

Deoptimization events (0 events):
No events

Classes unloaded (0 events):
No events

Classes redefined (0 events):
No events

Internal exceptions (20 events):
Event: 1.090 Thread 0x000001fb919efa50 Exception <a 'java/lang/NoSuchMethodError'{0x00000006a177c428}: 'void java.lang.invoke.DirectMethodHandle$Holder.invokeSpecial(java.lang.Object, java.lang.Object, java.lang.Object, java.lang.Object, java.lang.Object)'> (0x00000006a177c428) 
thrown [s\open\src\hotspot\share\interpreter\linkResolver.cpp, line 759]
Event: 1.161 Thread 0x000001fb919efa50 Exception <a 'java/lang/NoSuchMethodError'{0x00000006a1192be0}: 'void java.lang.invoke.DirectMethodHandle$Holder.invokeSpecial(java.lang.Object, java.lang.Object, java.lang.Object, java.lang.Object, java.lang.Object, java.lang.Object)'> (0x00000006a1192be0) 
thrown [s\open\src\hotspot\share\interpreter\linkResolver.cpp, line 759]
Event: 1.191 Thread 0x000001fbf3643100 Exception <a 'java/lang/NoSuchMethodError'{0x00000006a0c67de0}: static [B.<clinit>()V> (0x00000006a0c67de0) 
thrown [s\open\src\hotspot\share\prims\jni.cpp, line 1112]
Event: 1.198 Thread 0x000001fbf3643100 Exception <a 'java/lang/ClassNotFoundException'{0x00000006a0da8050}: javax/management/remote/rmi/RMIConnectionImpl_Skel> (0x00000006a0da8050) 
thrown [s\open\src\hotspot\share\classfile\systemDictionary.cpp, line 256]
Event: 1.199 Thread 0x000001fbf36a9c20 Exception <a 'java/lang/NoSuchMethodError'{0x00000006a0dfbc28}: 'java.lang.Object java.lang.invoke.Invokers$Holder.linkToTargetMethod(java.lang.Object, long, java.lang.Object)'> (0x00000006a0dfbc28) 
thrown [s\open\src\hotspot\share\interpreter\linkResolver.cpp, line 759]
Event: 1.203 Thread 0x000001fb919efa50 Exception <a 'java/lang/NoSuchMethodError'{0x00000006a0cfce38}: 'java.lang.Object java.lang.invoke.DirectMethodHandle$Holder.invokeSpecial(java.lang.Object, java.lang.Object, java.lang.Object, int, java.lang.Object)'> (0x00000006a0cfce38) 
thrown [s\open\src\hotspot\share\interpreter\linkResolver.cpp, line 759]
Event: 1.204 Thread 0x000001fb919efa50 Exception <a 'java/lang/NoSuchMethodError'{0x00000006a0d053a0}: 'java.lang.Object java.lang.invoke.DirectMethodHandle$Holder.newInvokeSpecial(java.lang.Object, java.lang.Object, java.lang.Object, int, java.lang.Object)'> (0x00000006a0d053a0) 
thrown [s\open\src\hotspot\share\interpreter\linkResolver.cpp, line 759]
Event: 1.204 Thread 0x000001fb919efa50 Exception <a 'java/lang/NoSuchMethodError'{0x00000006a0d0cd70}: 'java.lang.Object java.lang.invoke.Invokers$Holder.linkToTargetMethod(java.lang.Object, java.lang.Object, int, java.lang.Object, java.lang.Object)'> (0x00000006a0d0cd70) 
thrown [s\open\src\hotspot\share\interpreter\linkResolver.cpp, line 759]
Event: 1.205 Thread 0x000001fb919efa50 Exception <a 'java/lang/NoSuchMethodError'{0x00000006a0d18340}: 'java.lang.Object java.lang.invoke.DirectMethodHandle$Holder.newInvokeSpecial(java.lang.Object, int, java.lang.Object)'> (0x00000006a0d18340) 
thrown [s\open\src\hotspot\share\interpreter\linkResolver.cpp, line 759]
Event: 1.205 Thread 0x000001fb919efa50 Exception <a 'java/lang/NoSuchMethodError'{0x00000006a0d1c208}: 'int java.lang.invoke.DirectMethodHandle$Holder.invokeSpecialIFC(java.lang.Object, java.lang.Object, java.lang.Object, java.lang.Object)'> (0x00000006a0d1c208) 
thrown [s\open\src\hotspot\share\interpreter\linkResolver.cpp, line 759]
Event: 1.208 Thread 0x000001fbf3643100 Exception <a 'java/lang/reflect/InvocationTargetException'{0x00000006a0e1d738}> (0x00000006a0e1d738) 
thrown [s\open\src\hotspot\share\runtime\reflection.cpp, line 1121]
Event: 1.213 Thread 0x000001fbf3643100 Exception <a 'java/lang/NoSuchMethodError'{0x00000006a0e47f70}: static [Ljava/lang/StackTraceElement;.<clinit>()V> (0x00000006a0e47f70) 
thrown [s\open\src\hotspot\share\prims\jni.cpp, line 1112]
Event: 1.451 Thread 0x000001fb919efa50 Exception <a 'java/lang/NoSuchMethodError'{0x000000069f758900}: 'long java.lang.invoke.DirectMethodHandle$Holder.invokeSpecial(java.lang.Object, java.lang.Object)'> (0x000000069f758900) 
thrown [s\open\src\hotspot\share\interpreter\linkResolver.cpp, line 759]
Event: 1.452 Thread 0x000001fb919efa50 Exception <a 'java/lang/NoSuchMethodError'{0x000000069f763e28}: 'long java.lang.invoke.DirectMethodHandle$Holder.invokeStatic(java.lang.Object, java.lang.Object)'> (0x000000069f763e28) 
thrown [s\open\src\hotspot\share\interpreter\linkResolver.cpp, line 759]
Event: 1.452 Thread 0x000001fb919efa50 Exception <a 'java/lang/NoSuchMethodError'{0x000000069f7676d0}: 'long java.lang.invoke.DirectMethodHandle$Holder.invokeStaticInit(java.lang.Object, java.lang.Object)'> (0x000000069f7676d0) 
thrown [s\open\src\hotspot\share\interpreter\linkResolver.cpp, line 759]
Event: 1.453 Thread 0x000001fb919efa50 Exception <a 'java/lang/NoSuchMethodError'{0x000000069f7754a0}: 'long java.lang.invoke.DirectMethodHandle$Holder.invokeInterface(java.lang.Object, java.lang.Object)'> (0x000000069f7754a0) 
thrown [s\open\src\hotspot\share\interpreter\linkResolver.cpp, line 759]
Event: 1.454 Thread 0x000001fb919efa50 Exception <a 'java/lang/IncompatibleClassChangeError'{0x000000069f778cd8}: Found class java.lang.Object, but interface was expected> (0x000000069f778cd8) 
thrown [s\open\src\hotspot\share\interpreter\linkResolver.cpp, line 826]
Event: 1.461 Thread 0x000001fb919efa50 Exception <a 'java/lang/NoSuchMethodError'{0x000000069f0039e0}: 'java.lang.Object java.lang.invoke.DirectMethodHandle$Holder.invokeVirtual(java.lang.Object, java.lang.Object, java.lang.Object, java.lang.Object)'> (0x000000069f0039e0) 
thrown [s\open\src\hotspot\share\interpreter\linkResolver.cpp, line 759]
Event: 1.467 Thread 0x000001fb919efa50 Exception <a 'java/lang/NoSuchMethodError'{0x000000069f05e6b0}: 'void java.lang.invoke.DirectMethodHandle$Holder.invokeVirtual(java.lang.Object, java.lang.Object, java.lang.Object, java.lang.Object)'> (0x000000069f05e6b0) 
thrown [s\open\src\hotspot\share\interpreter\linkResolver.cpp, line 759]
Event: 1.552 Thread 0x000001fb919efa50 Exception <a 'java/lang/NoSuchMethodError'{0x000000069edac6e8}: 'int java.lang.invoke.DirectMethodHandle$Holder.invokeVirtual(java.lang.Object, java.lang.Object, java.lang.Object)'> (0x000000069edac6e8) 
thrown [s\open\src\hotspot\share\interpreter\linkResolver.cpp, line 759]

VM Operations (20 events):
Event: 0.746 Executing VM operation: HandshakeAllThreads
Event: 0.746 Executing VM operation: HandshakeAllThreads done
Event: 0.900 Executing VM operation: HandshakeAllThreads
Event: 0.900 Executing VM operation: HandshakeAllThreads done
Event: 1.038 Executing VM operation: G1CollectForAllocation
Event: 1.042 Executing VM operation: G1CollectForAllocation done
Event: 1.198 Executing VM operation: HandshakeAllThreads
Event: 1.198 Executing VM operation: HandshakeAllThreads done
Event: 1.238 Executing VM operation: HandshakeAllThreads
Event: 1.238 Executing VM operation: HandshakeAllThreads done
Event: 1.268 Executing VM operation: HandshakeAllThreads
Event: 1.268 Executing VM operation: HandshakeAllThreads done
Event: 1.347 Executing VM operation: HandshakeAllThreads
Event: 1.347 Executing VM operation: HandshakeAllThreads done
Event: 1.349 Executing VM operation: HandshakeAllThreads
Event: 1.349 Executing VM operation: HandshakeAllThreads done
Event: 1.468 Executing VM operation: HandshakeAllThreads
Event: 1.468 Executing VM operation: HandshakeAllThreads done
Event: 1.505 Executing VM operation: HandshakeAllThreads
Event: 1.505 Executing VM operation: HandshakeAllThreads done

Events (20 events):
Event: 1.554 loading class sun/net/www/http/HttpCapture$1
Event: 1.554 loading class sun/net/www/http/HttpCapture$1 done
Event: 1.555 loading class sun/net/www/protocol/http/AuthenticatorKeys
Event: 1.556 loading class sun/net/www/protocol/http/AuthenticatorKeys done
Event: 1.556 loading class sun/net/www/protocol/http/AuthenticationInfo
Event: 1.556 loading class sun/net/www/protocol/http/AuthCacheValue
Event: 1.556 loading class sun/net/www/protocol/http/AuthCacheValue done
Event: 1.556 loading class sun/net/www/protocol/http/AuthenticationInfo done
Event: 1.556 loading class sun/net/www/protocol/http/AuthCacheImpl
Event: 1.556 loading class sun/net/www/protocol/http/AuthCache
Event: 1.556 loading class sun/net/www/protocol/http/AuthCache done
Event: 1.556 loading class sun/net/www/protocol/http/AuthCacheImpl done
Event: 1.568 loading class sun/net/www/HeaderParser
Event: 1.569 loading class sun/net/www/HeaderParser done
Event: 1.569 loading class sun/net/www/http/ChunkedInputStream
Event: 1.569 loading class sun/net/www/http/Hurryable
Event: 1.569 loading class sun/net/www/http/Hurryable done
Event: 1.569 loading class sun/net/www/http/ChunkedInputStream done
Event: 1.569 loading class sun/net/www/protocol/http/HttpURLConnection$HttpInputStream
Event: 1.569 loading class sun/net/www/protocol/http/HttpURLConnection$HttpInputStream done


Dynamic libraries:
0x00007ff6e0310000 - 0x00007ff6e0320000 	C:\Program Files\Java\jdk-17\bin\java.exe
0x00007ffa65ef0000 - 0x00007ffa660e8000 	C:\Windows\SYSTEM32\ntdll.dll
0x00007ffa65900000 - 0x00007ffa659c2000 	C:\Windows\System32\KERNEL32.DLL
0x00007ffa63810000 - 0x00007ffa63b07000 	C:\Windows\System32\KERNELBASE.dll
0x00007ffa636e0000 - 0x00007ffa637e0000 	C:\Windows\System32\ucrtbase.dll
0x00007ffa5c980000 - 0x00007ffa5c999000 	C:\Program Files\Java\jdk-17\bin\jli.dll
0x00007ffa5c480000 - 0x00007ffa5c49b000 	C:\Program Files\Java\jdk-17\bin\VCRUNTIME140.dll
0x00007ffa645d0000 - 0x00007ffa64681000 	C:\Windows\System32\ADVAPI32.dll
0x00007ffa65720000 - 0x00007ffa657be000 	C:\Windows\System32\msvcrt.dll
0x00007ffa64b40000 - 0x00007ffa64bdf000 	C:\Windows\System32\sechost.dll
0x00007ffa65ba0000 - 0x00007ffa65cc6000 	C:\Windows\System32\RPCRT4.dll
0x00007ffa63b10000 - 0x00007ffa63b37000 	C:\Windows\System32\bcrypt.dll
0x00007ffa64850000 - 0x00007ffa649ed000 	C:\Windows\System32\USER32.dll
0x00007ffa637e0000 - 0x00007ffa63802000 	C:\Windows\System32\win32u.dll
0x00007ffa4fea0000 - 0x00007ffa5013a000 	C:\Windows\WinSxS\amd64_microsoft.windows.common-controls_6595b64144ccf1df_6.0.19041.5915_none_60b4b9d171f9c7c7\COMCTL32.dll
0x00007ffa65e80000 - 0x00007ffa65eab000 	C:\Windows\System32\GDI32.dll
0x00007ffa63b40000 - 0x00007ffa63c59000 	C:\Windows\System32\gdi32full.dll
0x00007ffa63d40000 - 0x00007ffa63ddd000 	C:\Windows\System32\msvcp_win.dll
0x00007ffa57da0000 - 0x00007ffa57daa000 	C:\Windows\SYSTEM32\VERSION.dll
0x00007ffa65870000 - 0x00007ffa6589f000 	C:\Windows\System32\IMM32.DLL
0x00007ffa5c660000 - 0x00007ffa5c66c000 	C:\Program Files\Java\jdk-17\bin\vcruntime140_1.dll
0x00007ffa54920000 - 0x00007ffa549ae000 	C:\Program Files\Java\jdk-17\bin\msvcp140.dll
0x00007ff9d3a30000 - 0x00007ff9d4610000 	C:\Program Files\Java\jdk-17\bin\server\jvm.dll
0x00007ffa64040000 - 0x00007ffa64048000 	C:\Windows\System32\PSAPI.DLL
0x00007ffa57d70000 - 0x00007ffa57d97000 	C:\Windows\SYSTEM32\WINMM.dll
0x00007ffa45ec0000 - 0x00007ffa45ec9000 	C:\Windows\SYSTEM32\WSOCK32.dll
0x00007ffa64ad0000 - 0x00007ffa64b3b000 	C:\Windows\System32\WS2_32.dll
0x00007ffa613a0000 - 0x00007ffa613b2000 	C:\Windows\SYSTEM32\kernel.appcore.dll
0x00007ffa5c510000 - 0x00007ffa5c51a000 	C:\Program Files\Java\jdk-17\bin\jimage.dll
0x00007ffa55b70000 - 0x00007ffa55d71000 	C:\Windows\SYSTEM32\DBGHELP.DLL
0x00007ffa52080000 - 0x00007ffa520b4000 	C:\Windows\SYSTEM32\dbgcore.DLL
0x00007ffa63cb0000 - 0x00007ffa63d32000 	C:\Windows\System32\bcryptPrimitives.dll
0x00007ffa5c3f0000 - 0x00007ffa5c3fe000 	C:\Program Files\Java\jdk-17\bin\instrument.dll
0x00007ffa5bd20000 - 0x00007ffa5bd45000 	C:\Program Files\Java\jdk-17\bin\java.dll
0x00007ffa36f20000 - 0x00007ffa36ff7000 	C:\Program Files\Java\jdk-17\bin\jsvml.dll
0x00007ffa64fb0000 - 0x00007ffa6571e000 	C:\Windows\System32\SHELL32.dll
0x00007ffa615c0000 - 0x00007ffa61d64000 	C:\Windows\SYSTEM32\windows.storage.dll
0x00007ffa64c50000 - 0x00007ffa64fa3000 	C:\Windows\System32\combase.dll
0x00007ffa62f60000 - 0x00007ffa62f8b000 	C:\Windows\SYSTEM32\Wldp.dll
0x00007ffa63f10000 - 0x00007ffa63fdd000 	C:\Windows\System32\OLEAUT32.dll
0x00007ffa657c0000 - 0x00007ffa6586d000 	C:\Windows\System32\SHCORE.dll
0x00007ffa658a0000 - 0x00007ffa658fb000 	C:\Windows\System32\shlwapi.dll
0x00007ffa634b0000 - 0x00007ffa634d4000 	C:\Windows\SYSTEM32\profapi.dll
0x00007ffa5bc80000 - 0x00007ffa5bc98000 	C:\Program Files\Java\jdk-17\bin\zip.dll
0x00007ffa5c460000 - 0x00007ffa5c479000 	C:\Program Files\Java\jdk-17\bin\net.dll
0x00007ffa5fb80000 - 0x00007ffa5fc8a000 	C:\Windows\SYSTEM32\WINHTTP.dll
0x00007ffa62ca0000 - 0x00007ffa62d0a000 	C:\Windows\system32\mswsock.dll
0x00007ffa5bca0000 - 0x00007ffa5bcb6000 	C:\Program Files\Java\jdk-17\bin\nio.dll
0x00007ffa5b230000 - 0x00007ffa5b24a000 	D:\intel\IntelliJ IDEA 2024.1\bin\breakgen64.dll
0x00007ffa629c0000 - 0x00007ffa62a8a000 	C:\Windows\SYSTEM32\DNSAPI.dll
0x00007ffa62980000 - 0x00007ffa629bb000 	C:\Windows\SYSTEM32\IPHLPAPI.DLL
0x00007ffa64150000 - 0x00007ffa64158000 	C:\Windows\System32\NSI.dll
0x0000000058ca0000 - 0x0000000058cc6000 	C:\Program Files\Bonjour\mdnsNSP.dll
0x00007ffa5dec0000 - 0x00007ffa5deca000 	C:\Windows\System32\rasadhlp.dll
0x00007ffa5b530000 - 0x00007ffa5b5b0000 	C:\Windows\System32\fwpuclnt.dll
0x00007ffa5bc70000 - 0x00007ffa5bc7a000 	C:\Program Files\Java\jdk-17\bin\management.dll
0x00007ffa5b880000 - 0x00007ffa5b88b000 	C:\Program Files\Java\jdk-17\bin\management_ext.dll
0x00007ffa62ea0000 - 0x00007ffa62eb8000 	C:\Windows\SYSTEM32\CRYPTSP.dll
0x00007ffa62530000 - 0x00007ffa62568000 	C:\Windows\system32\rsaenh.dll
0x00007ffa63470000 - 0x00007ffa6349e000 	C:\Windows\SYSTEM32\USERENV.dll
0x00007ffa62e90000 - 0x00007ffa62e9c000 	C:\Windows\SYSTEM32\CRYPTBASE.dll
0x00007ffa5df10000 - 0x00007ffa5df27000 	C:\Windows\SYSTEM32\dhcpcsvc6.DLL
0x00007ffa5e2b0000 - 0x00007ffa5e2cd000 	C:\Windows\SYSTEM32\dhcpcsvc.DLL
0x00007ffa39230000 - 0x00007ffa39247000 	C:\Windows\system32\napinsp.dll
0x00007ffa39170000 - 0x00007ffa3918b000 	C:\Windows\system32\pnrpnsp.dll
0x00007ffa5ff90000 - 0x00007ffa5ffad000 	C:\Windows\system32\wshbth.dll
0x00007ffa5fb60000 - 0x00007ffa5fb7d000 	C:\Windows\system32\NLAapi.dll
0x00007ffa38f70000 - 0x00007ffa38f82000 	C:\Windows\System32\winrnr.dll

dbghelp: loaded successfully - version: 4.0.5 - missing functions: none
symbol engine: initialized successfully - sym options: 0x614 - pdb path: .;C:\Program Files\Java\jdk-17\bin;C:\Windows\SYSTEM32;C:\Windows\WinSxS\amd64_microsoft.windows.common-controls_6595b64144ccf1df_6.0.19041.5915_none_60b4b9d171f9c7c7;C:\Program Files\Java\jdk-17\bin\server;D:\intel\IntelliJ IDEA 2024.1\bin;C:\Program Files\Bonjour

VM Arguments:
jvm_args: -XX:TieredStopAtLevel=1 -Dspring.output.ansi.enabled=always -Dcom.sun.management.jmxremote -Dspring.jmx.enabled=true -Dspring.liveBeansView.mbeanDomain -Dspring.application.admin.enabled=true -Dmanagement.endpoints.jmx.exposure.include=* -javaagent:D:\intel\IntelliJ IDEA 2024.1\lib\idea_rt.jar=53052:D:\intel\IntelliJ IDEA 2024.1\bin -Dfile.encoding=UTF-8 
java_command: com.example.gatewayservice.GatewayServiceApplication
java_class_path (initial): E:\microservice\gateway-service\target\classes;C:\Users\USER\.m2\repository\org\springframework\cloud\spring-cloud-starter-gateway\4.1.0\spring-cloud-starter-gateway-4.1.0.jar;C:\Users\USER\.m2\repository\org\springframework\cloud\spring-cloud-starter\4.1.0\spring-cloud-starter-4.1.0.jar;C:\Users\USER\.m2\repository\org\springframework\boot\spring-boot-starter\3.2.0\spring-boot-starter-3.2.0.jar;C:\Users\USER\.m2\repository\org\springframework\boot\spring-boot\3.2.0\spring-boot-3.2.0.jar;C:\Users\USER\.m2\repository\org\springframework\spring-context\6.1.1\spring-context-6.1.1.jar;C:\Users\USER\.m2\repository\org\springframework\spring-aop\6.1.1\spring-aop-6.1.1.jar;C:\Users\USER\.m2\repository\org\springframework\spring-expression\6.1.1\spring-expression-6.1.1.jar;C:\Users\USER\.m2\repository\org\springframework\boot\spring-boot-starter-logging\3.2.0\spring-boot-starter-logging-3.2.0.jar;C:\Users\USER\.m2\repository\ch\qos\logback\logback-classic\1.4.11\logback-classic-1.4.11.jar;C:\Users\USER\.m2\repository\ch\qos\logback\logback-core\1.4.11\logback-core-1.4.11.jar;C:\Users\USER\.m2\repository\org\apache\logging\log4j\log4j-to-slf4j\2.21.1\log4j-to-slf4j-2.21.1.jar;C:\Users\USER\.m2\repository\org\apache\logging\log4j\log4j-api\2.21.1\log4j-api-2.21.1.jar;C:\Users\USER\.m2\repository\org\slf4j\jul-to-slf4j\2.0.9\jul-to-slf4j-2.0.9.jar;C:\Users\USER\.m2\repository\org\springframework\spring-core\6.1.1\spring-core-6.1.1.jar;C:\Users\USER\.m2\repository\org\springframework\spring-jcl\6.1.1\spring-jcl-6.1.1.jar;C:\Users\USER\.m2\repository\org\yaml\snakeyaml\2.2\snakeyaml-2.2.jar;C:\Users\USER\.m2\repository\org\springframework\cloud\spring-cloud-context\4.1.0\spring-cloud-context-4.1.0.jar;C:\Users\USER\.m2\repository\org\springframework\security\spring-security-crypto\6.2.0\spring-security-crypto-6.2.0.jar;C:\Users\USER\.m2\repository\org\springframework\cloud\spring-cloud-commons\4.1.0\spring-cloud-commons-4.1.0.jar;C:\Users\USER\.m2\re
Launcher Type: SUN_STANDARD

[Global flags]
     intx CICompilerCount                          = 4                                         {product} {ergonomic}
     uint ConcGCThreads                            = 3                                         {product} {ergonomic}
     uint G1ConcRefinementThreads                  = 10                                        {product} {ergonomic}
   size_t G1HeapRegionSize                         = 4194304                                   {product} {ergonomic}
    uintx GCDrainStackTargetSize                   = 64                                        {product} {ergonomic}
   size_t InitialHeapSize                          = 394264576                                 {product} {ergonomic}
     bool ManagementServer                         = true                                      {product} {command line}
   size_t MarkStackSize                            = 4194304                                   {product} {ergonomic}
   size_t MaxHeapSize                              = 6274678784                                {product} {ergonomic}
   size_t MaxNewSize                               = 3762290688                                {product} {ergonomic}
   size_t MinHeapDeltaBytes                        = 4194304                                   {product} {ergonomic}
   size_t MinHeapSize                              = 8388608                                   {product} {ergonomic}
    uintx NonProfiledCodeHeapSize                  = 0                                      {pd product} {ergonomic}
     bool ProfileInterpreter                       = false                                  {pd product} {command line}
    uintx ProfiledCodeHeapSize                     = 0                                      {pd product} {ergonomic}
   size_t SoftMaxHeapSize                          = 6274678784                             {manageable} {ergonomic}
     intx TieredStopAtLevel                        = 1                                         {product} {command line}
     bool UseCompressedClassPointers               = true                           {product lp64_product} {ergonomic}
     bool UseCompressedOops                        = true                           {product lp64_product} {ergonomic}
     bool UseG1GC                                  = true                                      {product} {ergonomic}
     bool UseLargePagesIndividualAllocation        = false                                  {pd product} {ergonomic}

Logging:
Log output configuration:
 #0: stdout all=warning uptime,level,tags
 #1: stderr all=off uptime,level,tags

Environment Variables:
JAVA_HOME=C:\Program Files\Java\jdk-17
PATH=C:\Program Files\Microsoft MPI\Bin\;C:\Program Files\Common Files\Oracle\Java\javapath;C:\Program Files (x86)\Common Files\Oracle\Java\java8path;C:\Program Files (x86)\Common Files\Oracle\Java\javapath;C:\ProgramData\Oracle\Java\javapath;C:\Windows\system32;C:\Windows;C:\Windows\System32\Wbem;C:\Windows\System32\WindowsPowerShell\v1.0\;C:\Windows\System32\OpenSSH\;D:\xampp\php;C:\ProgramData\ComposerSetup\bin;C:\Users\USER\AppData\Roaming\nvm;D:\nodejs;C:\Program Files\dotnet\;C:\Program Files (x86)\gsudo\;C:\Program Files (x86)\Microsoft SQL Server\160\Tools\Binn\;C:\Program Files\Microsoft SQL Server\160\Tools\Binn\;C:\Program Files\Microsoft SQL Server\Client SDK\ODBC\170\Tools\Binn\;C:\Program Files\Microsoft SQL Server\160\DTS\Binn\;%ZOOKEEPER_HOME%\bin;C:\Users\USER\AppData\Local\Programs\Python\Python313\;C:\Program Files\Java\jdk-17\bin;D:\postgre\bin;%MAVEN_HOME%\bin;C:\ProgramData\chocolatey\bin;D:\Nodejs\;D:\apache-maven-3.9.10-bin\apache-maven-3.9.10\bin;E:\Program Files\Git\cmd;C:\Users\USER\AppData\Local\Programs\Python\Python313\;C:\Users\USER\AppData\Local\Programs\Python\Launcher\;C:\Users\USER\AppData\Local\Programs\Python\Python313\Scripts\;C:\Python313;C:\Program Files\Microsoft MPI\Bin\;C:\Program Files\Common Files\Oracle\Java\javapath;C:\Program Files (x86)\Common Files\Oracle\Java\java8path;C:\Program Files (x86)\Common Files\Oracle\Java\javapath;C:\ProgramData\Oracle\Java\javapath;C:\Windows\system32;C:\Windows;C:\Windows\System32\Wbem;C:\Windows\System32\WindowsPowerShell\v1.0\;C:\Windows\System32\OpenSSH\;D:\xampp\php;C:\ProgramData\ComposerSetup\bin;C:\Users\USER\AppData\Roaming\nvm;D:\nodejs;C:\Program Files\dotnet\;C:\Program Files (x86)\gsudo\;C:\Program Files (x86)\Microsoft SQL Server\160\Tools\Binn\;C:\Program Files\Microsoft SQL Server\160\Tools\Binn\;C:\Program Files\Microsoft SQL Server\Client SDK\ODBC\170\Tools\Binn\;C:\Program Files\Microsoft SQL Server\160\DTS\Binn\;%ZOOKEEPER_HOME%\bin;C:\Users\USER\AppData\Local\Programs\P
USERNAME=USER
OS=Windows_NT
PROCESSOR_IDENTIFIER=AMD64 Family 23 Model 104 Stepping 1, AuthenticAMD



---------------  S Y S T E M  ---------------

OS:
 Windows 10 , 64 bit Build 19041 (10.0.19041.5915)
OS uptime: 5 days 22:33 hours
Hyper-V role detected

CPU: total 12 (initial active 12) (12 cores per cpu, 2 threads per core) family 23 model 104 stepping 1 microcode 0x0, cx8, cmov, fxsr, ht, mmx, 3dnowpref, sse, sse2, sse3, ssse3, sse4a, sse4.1, sse4.2, popcnt, lzcnt, tsc, tscinvbit, avx, avx2, aes, clmul, bmi1, bmi2, adx, sha, fma, vzeroupper, clflush, clflushopt, hv

Memory: 4k page, system-wide physical 23925M (5120M free)
TotalPageFile size 23925M (AvailPageFile size 4M)
current process WorkingSet (physical memory assigned to process): 117M, peak: 117M
current process commit charge ("private bytes"): 503M, peak: 503M

vm_info: Java HotSpot(TM) 64-Bit Server VM (17.0.12+8-LTS-286) for windows-amd64 JRE (17.0.12+8-LTS-286), built on Jun  5 2024 06:46:59 by "mach5one" with MS VC++ 17.6 (VS2022)

END.
