#
# There is insufficient memory for the Java Runtime Environment to continue.
# Native memory allocation (mmap) failed to map 65536 bytes for Failed to commit metaspace.
# Possible reasons:
#   The system is out of physical RAM or swap space
#   The process is running with CompressedOops enabled, and the Java Heap may be blocking the growth of the native heap
# Possible solutions:
#   Reduce memory load on the system
#   Increase physical memory or swap space
#   Check if swap backing store is full
#   Decrease Java heap size (-Xmx/-Xms)
#   Decrease number of Java threads
#   Decrease Java thread stack sizes (-Xss)
#   Set larger code cache with -XX:ReservedCodeCacheSize=
#   JVM is running with Zero Based Compressed Oops mode in which the Java heap is
#     placed in the first 32GB address space. The Java Heap base address is the
#     maximum limit for the native heap growth. Please use -XX:HeapBaseMinAddress
#     to set the Java Heap base and to place the Java Heap above 32GB virtual address.
# This output file may be truncated or incomplete.
#
#  Out of Memory Error (virtualSpaceNode.cpp:110), pid=3852, tid=15272
#
# JRE version: Java(TM) SE Runtime Environment (17.0.12+8) (build 17.0.12+8-LTS-286)
# Java VM: Java HotSpot(TM) 64-Bit Server VM (17.0.12+8-LTS-286, mixed mode, emulated-client, sharing, tiered, compressed oops, compressed class ptrs, g1 gc, windows-amd64)
# No core dump will be written. Minidumps are not enabled by default on client versions of Windows
#

---------------  S U M M A R Y ------------

Command Line: -XX:TieredStopAtLevel=1 -Dspring.output.ansi.enabled=always -Dcom.sun.management.jmxremote -Dspring.jmx.enabled=true -Dspring.liveBeansView.mbeanDomain -Dspring.application.admin.enabled=true -Dmanagement.endpoints.jmx.exposure.include=* -javaagent:D:\intel\IntelliJ IDEA 2024.1\lib\idea_rt.jar=58527:D:\intel\IntelliJ IDEA 2024.1\bin -Dfile.encoding=UTF-8 com.example.gatewayservice.GatewayServiceApplication

Host: AMD Ryzen 5 5500U with Radeon Graphics         , 12 cores, 23G,  Windows 10 , 64 bit Build 19041 (10.0.19041.5915)
Time: Fri Sep  5 13:22:01 2025 SE Asia Standard Time elapsed time: 1.261800 seconds (0d 0h 0m 1s)

---------------  T H R E A D  ---------------

Current thread (0x000001f86a141830):  JavaThread "main" [_thread_in_vm, id=15272, stack(0x0000004bd1a00000,0x0000004bd1b00000)]

Stack: [0x0000004bd1a00000,0x0000004bd1b00000]
Native frames: (J=compiled Java code, j=interpreted, Vv=VM code, C=native code)
V  [jvm.dll+0x67a04a]
V  [jvm.dll+0x7da4ed]
V  [jvm.dll+0x7dbe33]
V  [jvm.dll+0x7dc4a3]
V  [jvm.dll+0x24508f]
V  [jvm.dll+0x7d60bb]
V  [jvm.dll+0x6206c6]
V  [jvm.dll+0x1bed07]
V  [jvm.dll+0x623022]
V  [jvm.dll+0x621086]
V  [jvm.dll+0x62af77]
V  [jvm.dll+0x1e84b2]
V  [jvm.dll+0x1e89d5]
V  [jvm.dll+0x1e931b]
V  [jvm.dll+0x1dea41]
V  [jvm.dll+0x53f78c]
V  [jvm.dll+0x7553b8]
V  [jvm.dll+0x7554a4]
V  [jvm.dll+0x40d1af]
V  [jvm.dll+0x413c39]
C  [java.dll+0x17ec]

Java frames: (J=compiled Java code, j=interpreted, Vv=VM code)
J 1187  java.lang.ClassLoader.defineClass1(Ljava/lang/ClassLoader;Ljava/lang/String;[BIILjava/security/ProtectionDomain;Ljava/lang/String;)Ljava/lang/Class; java.base@17.0.12 (0 bytes) @ 0x000001f871dd2263 [0x000001f871dd21a0+0x00000000000000c3]
J 1273 c1 java.lang.ClassLoader.defineClass(Ljava/lang/String;[BIILjava/security/ProtectionDomain;)Ljava/lang/Class; java.base@17.0.12 (43 bytes) @ 0x000001f871df48ec [0x000001f871df47e0+0x000000000000010c]
J 1198 c1 jdk.internal.loader.BuiltinClassLoader.defineClass(Ljava/lang/String;Ljdk/internal/loader/Resource;)Ljava/lang/Class; java.base@17.0.12 (121 bytes) @ 0x000001f871dd97f4 [0x000001f871dd9320+0x00000000000004d4]
J 1188 c1 jdk.internal.loader.BuiltinClassLoader.findClassOnClassPathOrNull(Ljava/lang/String;)Ljava/lang/Class; java.base@17.0.12 (64 bytes) @ 0x000001f871dd53c4 [0x000001f871dd5100+0x00000000000002c4]
J 970 c1 jdk.internal.loader.BuiltinClassLoader.loadClassOrNull(Ljava/lang/String;Z)Ljava/lang/Class; java.base@17.0.12 (143 bytes) @ 0x000001f871d70c04 [0x000001f871d70780+0x0000000000000484]
J 1102 c1 jdk.internal.loader.ClassLoaders$AppClassLoader.loadClass(Ljava/lang/String;Z)Ljava/lang/Class; java.base@17.0.12 (40 bytes) @ 0x000001f871daf02c [0x000001f871daeee0+0x000000000000014c]
J 1101 c1 java.lang.ClassLoader.loadClass(Ljava/lang/String;)Ljava/lang/Class; java.base@17.0.12 (7 bytes) @ 0x000001f871dae464 [0x000001f871dae420+0x0000000000000044]
v  ~StubRoutines::call_stub
j  com.fasterxml.jackson.databind.SerializerProvider.<init>()V+36
j  com.fasterxml.jackson.databind.ser.DefaultSerializerProvider.<init>()V+1
j  com.fasterxml.jackson.databind.ser.DefaultSerializerProvider$Impl.<init>()V+1
j  com.fasterxml.jackson.databind.ObjectMapper.<init>(Lcom/fasterxml/jackson/core/JsonFactory;Lcom/fasterxml/jackson/databind/ser/DefaultSerializerProvider;Lcom/fasterxml/jackson/databind/deser/DefaultDeserializationContext;)V+241
j  com.fasterxml.jackson.databind.ObjectMapper.<init>()V+4
j  org.springframework.http.converter.json.Jackson2ObjectMapperBuilder.build()Lcom/fasterxml/jackson/databind/ObjectMapper;+81
j  org.springframework.http.converter.json.MappingJackson2HttpMessageConverter.<init>()V+4
j  org.springframework.http.converter.support.AllEncompassingFormHttpMessageConverter.<init>()V+55
j  org.springframework.web.client.RestTemplate.<init>()V+104
j  org.springframework.web.client.RestTemplate.<init>(Lorg/springframework/http/client/ClientHttpRequestFactory;)V+1
j  org.springframework.cloud.config.client.ConfigClientRequestTemplateFactory.create()Lorg/springframework/web/client/RestTemplate;+54
j  org.springframework.cloud.config.client.ConfigServerConfigDataLocationResolver.lambda$resolveProfileSpecific$7(Lorg/springframework/boot/BootstrapContext;)Lorg/springframework/web/client/RestTemplate;+29
j  org.springframework.cloud.config.client.ConfigServerConfigDataLocationResolver$$Lambda$273+0x000001f8071809e8.get(Lorg/springframework/boot/BootstrapContext;)Ljava/lang/Object;+5
j  org.springframework.boot.DefaultBootstrapContext.getInstance(Ljava/lang/Class;Lorg/springframework/boot/BootstrapRegistry$InstanceSupplier;)Ljava/lang/Object;+17
j  org.springframework.boot.DefaultBootstrapContext.getOrElseThrow(Ljava/lang/Class;Ljava/util/function/Supplier;)Ljava/lang/Object;+41
j  org.springframework.boot.DefaultBootstrapContext.get(Ljava/lang/Class;)Ljava/lang/Object;+8
j  org.springframework.cloud.config.client.ConfigServerConfigDataLoader.getRemoteEnvironment(Lorg/springframework/boot/context/config/ConfigDataLoaderContext;Lorg/springframework/cloud/config/client/ConfigServerConfigDataResource;Ljava/lang/String;Ljava/lang/String;)Lorg/springframework/cloud/config/environment/Environment;+15
j  org.springframework.cloud.config.client.ConfigServerConfigDataLoader.doLoad(Lorg/springframework/boot/context/config/ConfigDataLoaderContext;Lorg/springframework/cloud/config/client/ConfigServerConfigDataResource;)Lorg/springframework/boot/context/config/ConfigData;+91
j  org.springframework.cloud.config.client.ConfigServerConfigDataLoader.load(Lorg/springframework/boot/context/config/ConfigDataLoaderContext;Lorg/springframework/cloud/config/client/ConfigServerConfigDataResource;)Lorg/springframework/boot/context/config/ConfigData;+150
j  org.springframework.cloud.config.client.ConfigServerConfigDataLoader.load(Lorg/springframework/boot/context/config/ConfigDataLoaderContext;Lorg/springframework/boot/context/config/ConfigDataResource;)Lorg/springframework/boot/context/config/ConfigData;+6
j  org.springframework.boot.context.config.ConfigDataLoaders.load(Lorg/springframework/boot/context/config/ConfigDataLoaderContext;Lorg/springframework/boot/context/config/ConfigDataResource;)Lorg/springframework/boot/context/config/ConfigData;+29
j  org.springframework.boot.context.config.ConfigDataImporter.load(Lorg/springframework/boot/context/config/ConfigDataLoaderContext;Ljava/util/List;)Ljava/util/Map;+142
j  org.springframework.boot.context.config.ConfigDataImporter.resolveAndLoad(Lorg/springframework/boot/context/config/ConfigDataActivationContext;Lorg/springframework/boot/context/config/ConfigDataLocationResolverContext;Lorg/springframework/boot/context/config/ConfigDataLoaderContext;Ljava/util/List;)Ljava/util/Map;+29
j  org.springframework.boot.context.config.ConfigDataEnvironmentContributors.withProcessedImports(Lorg/springframework/boot/context/config/ConfigDataImporter;Lorg/springframework/boot/context/config/ConfigDataActivationContext;)Lorg/springframework/boot/context/config/ConfigDataEnvironmentContributors;+181
j  org.springframework.boot.context.config.ConfigDataEnvironment.processInitial(Lorg/springframework/boot/context/config/ConfigDataEnvironmentContributors;Lorg/springframework/boot/context/config/ConfigDataImporter;)Lorg/springframework/boot/context/config/ConfigDataEnvironmentContributors;+15
j  org.springframework.boot.context.config.ConfigDataEnvironment.processAndApply()V+42
j  org.springframework.boot.context.config.ConfigDataEnvironmentPostProcessor.postProcessEnvironment(Lorg/springframework/core/env/ConfigurableEnvironment;Lorg/springframework/core/io/ResourceLoader;Ljava/util/Collection;)V+34
j  org.springframework.boot.context.config.ConfigDataEnvironmentPostProcessor.postProcessEnvironment(Lorg/springframework/core/env/ConfigurableEnvironment;Lorg/springframework/boot/SpringApplication;)V+10
j  org.springframework.boot.env.EnvironmentPostProcessorApplicationListener.onApplicationEnvironmentPreparedEvent(Lorg/springframework/boot/context/event/ApplicationEnvironmentPreparedEvent;)V+55
j  org.springframework.boot.env.EnvironmentPostProcessorApplicationListener.onApplicationEvent(Lorg/springframework/context/ApplicationEvent;)V+14
j  org.springframework.context.event.SimpleApplicationEventMulticaster.doInvokeListener(Lorg/springframework/context/ApplicationListener;Lorg/springframework/context/ApplicationEvent;)V+2
j  org.springframework.context.event.SimpleApplicationEventMulticaster.invokeListener(Lorg/springframework/context/ApplicationListener;Lorg/springframework/context/ApplicationEvent;)V+34
j  org.springframework.context.event.SimpleApplicationEventMulticaster.multicastEvent(Lorg/springframework/context/ApplicationEvent;Lorg/springframework/core/ResolvableType;)V+92
j  org.springframework.context.event.SimpleApplicationEventMulticaster.multicastEvent(Lorg/springframework/context/ApplicationEvent;)V+3
j  org.springframework.boot.context.event.EventPublishingRunListener.multicastInitialEvent(Lorg/springframework/context/ApplicationEvent;)V+9
j  org.springframework.boot.context.event.EventPublishingRunListener.environmentPrepared(Lorg/springframework/boot/ConfigurableBootstrapContext;Lorg/springframework/core/env/ConfigurableEnvironment;)V+18
j  org.springframework.boot.SpringApplicationRunListeners.lambda$environmentPrepared$2(Lorg/springframework/boot/ConfigurableBootstrapContext;Lorg/springframework/core/env/ConfigurableEnvironment;Lorg/springframework/boot/SpringApplicationRunListener;)V+3
j  org.springframework.boot.SpringApplicationRunListeners$$Lambda$160+0x000001f8071271c0.accept(Ljava/lang/Object;)V+12
j  java.lang.Iterable.forEach(Ljava/util/function/Consumer;)V+30 java.base@17.0.12
j  org.springframework.boot.SpringApplicationRunListeners.doWithListeners(Ljava/lang/String;Ljava/util/function/Consumer;Ljava/util/function/Consumer;)V+17
j  org.springframework.boot.SpringApplicationRunListeners.doWithListeners(Ljava/lang/String;Ljava/util/function/Consumer;)V+4
j  org.springframework.boot.SpringApplicationRunListeners.environmentPrepared(Lorg/springframework/boot/ConfigurableBootstrapContext;Lorg/springframework/core/env/ConfigurableEnvironment;)V+10
j  org.springframework.boot.SpringApplication.prepareEnvironment(Lorg/springframework/boot/SpringApplicationRunListeners;Lorg/springframework/boot/DefaultBootstrapContext;Lorg/springframework/boot/ApplicationArguments;)Lorg/springframework/core/env/ConfigurableEnvironment;+27
j  org.springframework.boot.SpringApplication.run([Ljava/lang/String;)Lorg/springframework/context/ConfigurableApplicationContext;+62
j  org.springframework.boot.SpringApplication.run([Ljava/lang/Class;[Ljava/lang/String;)Lorg/springframework/context/ConfigurableApplicationContext;+9
j  org.springframework.boot.SpringApplication.run(Ljava/lang/Class;[Ljava/lang/String;)Lorg/springframework/context/ConfigurableApplicationContext;+9
j  com.example.gatewayservice.GatewayServiceApplication.main([Ljava/lang/String;)V+3
v  ~StubRoutines::call_stub

---------------  P R O C E S S  ---------------

Threads class SMR info:
_java_thread_list=0x000001f84c4ddf50, length=19, elements={
0x000001f86a141830, 0x000001f87f87da60, 0x000001f87f87e6e0, 0x000001f87f891210,
0x000001f87f891e90, 0x000001f87f893860, 0x000001f87f894220, 0x000001f87f894df0,
0x000001f84b010de0, 0x000001f84b0e77b0, 0x000001f84b0ec4c0, 0x000001f84b0f2230,
0x000001f84b3fe8e0, 0x000001f84b3f42a0, 0x000001f84b78e8a0, 0x000001f84c3297c0,
0x000001f84c4530e0, 0x000001f84c4b5b40, 0x000001f84c4de5c0
}

Java Threads: ( => current thread )
=>0x000001f86a141830 JavaThread "main" [_thread_in_vm, id=15272, stack(0x0000004bd1a00000,0x0000004bd1b00000)]
  0x000001f87f87da60 JavaThread "Reference Handler" daemon [_thread_blocked, id=15508, stack(0x0000004bd2100000,0x0000004bd2200000)]
  0x000001f87f87e6e0 JavaThread "Finalizer" daemon [_thread_blocked, id=11404, stack(0x0000004bd2200000,0x0000004bd2300000)]
  0x000001f87f891210 JavaThread "Signal Dispatcher" daemon [_thread_blocked, id=4988, stack(0x0000004bd2300000,0x0000004bd2400000)]
  0x000001f87f891e90 JavaThread "Attach Listener" daemon [_thread_blocked, id=10132, stack(0x0000004bd2400000,0x0000004bd2500000)]
  0x000001f87f893860 JavaThread "Service Thread" daemon [_thread_blocked, id=8732, stack(0x0000004bd2500000,0x0000004bd2600000)]
  0x000001f87f894220 JavaThread "Monitor Deflation Thread" daemon [_thread_blocked, id=16948, stack(0x0000004bd2600000,0x0000004bd2700000)]
  0x000001f87f894df0 JavaThread "C1 CompilerThread0" daemon [_thread_blocked, id=14120, stack(0x0000004bd2700000,0x0000004bd2800000)]
  0x000001f84b010de0 JavaThread "Sweeper thread" daemon [_thread_blocked, id=14368, stack(0x0000004bd2800000,0x0000004bd2900000)]
  0x000001f84b0e77b0 JavaThread "Common-Cleaner" daemon [_thread_blocked, id=20936, stack(0x0000004bd2900000,0x0000004bd2a00000)]
  0x000001f84b0ec4c0 JavaThread "C1 CompilerThread1" daemon [_thread_blocked, id=1104, stack(0x0000004bd2a00000,0x0000004bd2b00000)]
  0x000001f84b0f2230 JavaThread "C1 CompilerThread2" daemon [_thread_blocked, id=1872, stack(0x0000004bd2b00000,0x0000004bd2c00000)]
  0x000001f84b3fe8e0 JavaThread "Monitor Ctrl-Break" daemon [_thread_in_native, id=20188, stack(0x0000004bd2c00000,0x0000004bd2d00000)]
  0x000001f84b3f42a0 JavaThread "Notification Thread" daemon [_thread_blocked, id=2508, stack(0x0000004bd2d00000,0x0000004bd2e00000)]
  0x000001f84b78e8a0 JavaThread "RMI TCP Accept-0" daemon [_thread_in_native, id=19312, stack(0x0000004bd2e00000,0x0000004bd2f00000)]
  0x000001f84c3297c0 JavaThread "C1 CompilerThread3" daemon [_thread_blocked, id=9248, stack(0x0000004bd3900000,0x0000004bd3a00000)]
  0x000001f84c4530e0 JavaThread "RMI TCP Connection(1)-192.168.1.137" daemon [_thread_in_vm, id=13768, stack(0x0000004bd3a00000,0x0000004bd3b00000)]
  0x000001f84c4b5b40 JavaThread "RMI Scheduler(0)" daemon [_thread_blocked, id=3520, stack(0x0000004bd3b00000,0x0000004bd3c00000)]
  0x000001f84c4de5c0 JavaThread "JMX server connection timeout 21" daemon [_thread_blocked, id=13544, stack(0x0000004bd3c00000,0x0000004bd3d00000)]

Other Threads:
  0x000001f87f879f60 VMThread "VM Thread" [stack: 0x0000004bd2000000,0x0000004bd2100000] [id=9928]
  0x000001f86a1eeb00 WatcherThread [stack: 0x0000004bd2f00000,0x0000004bd3000000] [id=4608]
  0x000001f86a1c8400 GCTaskThread "GC Thread#0" [stack: 0x0000004bd1b00000,0x0000004bd1c00000] [id=10748]
  0x000001f84baa7810 GCTaskThread "GC Thread#1" [stack: 0x0000004bd3000000,0x0000004bd3100000] [id=11880]
  0x000001f84baa7ad0 GCTaskThread "GC Thread#2" [stack: 0x0000004bd3100000,0x0000004bd3200000] [id=7960]
  0x000001f84baa7d90 GCTaskThread "GC Thread#3" [stack: 0x0000004bd3200000,0x0000004bd3300000] [id=12852]
  0x000001f84baaaa90 GCTaskThread "GC Thread#4" [stack: 0x0000004bd3300000,0x0000004bd3400000] [id=12572]
  0x000001f84baace10 GCTaskThread "GC Thread#5" [stack: 0x0000004bd3400000,0x0000004bd3500000] [id=19348]
  0x000001f84baac310 GCTaskThread "GC Thread#6" [stack: 0x0000004bd3500000,0x0000004bd3600000] [id=10400]
  0x000001f84baacb50 GCTaskThread "GC Thread#7" [stack: 0x0000004bd3600000,0x0000004bd3700000] [id=15524]
  0x000001f84baac890 GCTaskThread "GC Thread#8" [stack: 0x0000004bd3700000,0x0000004bd3800000] [id=16036]
  0x000001f86a1d5d60 ConcurrentGCThread "G1 Main Marker" [stack: 0x0000004bd1c00000,0x0000004bd1d00000] [id=3044]
  0x000001f86a1d6670 ConcurrentGCThread "G1 Conc#0" [stack: 0x0000004bd1d00000,0x0000004bd1e00000] [id=17776]
  0x000001f87f7368d0 ConcurrentGCThread "G1 Refine#0" [stack: 0x0000004bd1e00000,0x0000004bd1f00000] [id=6272]
  0x000001f84bab5780 ConcurrentGCThread "G1 Refine#1" [stack: 0x0000004bd3800000,0x0000004bd3900000] [id=19260]
  0x000001f87f737200 ConcurrentGCThread "G1 Service" [stack: 0x0000004bd1f00000,0x0000004bd2000000] [id=14340]

Threads with active compile tasks:

VM state: not at safepoint (normal execution)

VM Mutex/Monitor currently owned by a thread:  ([mutex/lock_event])
[0x000001f86a13c850] Metaspace_lock - owner thread: 0x000001f86a141830

Heap address: 0x000000068a000000, size: 5984 MB, Compressed Oops mode: Zero based, Oop shift amount: 3

CDS archive(s) mapped at: [0x000001f806000000-0x000001f806bd0000-0x000001f806bd0000), size 12386304, SharedBaseAddress: 0x000001f806000000, ArchiveRelocationMode: 1.
Compressed class space mapped at: 0x000001f807000000-0x000001f847000000, reserved size: 1073741824
Narrow klass base: 0x000001f806000000, Narrow klass shift: 0, Narrow klass range: 0x100000000

GC Precious Log:
 CPUs: 12 total, 12 available
 Memory: 23925M
 Large Page Support: Disabled
 NUMA Support: Disabled
 Compressed Oops: Enabled (Zero based)
 Heap Region Size: 4M
 Heap Min Capacity: 8M
 Heap Initial Capacity: 376M
 Heap Max Capacity: 5984M
 Pre-touch: Disabled
 Parallel Workers: 10
 Concurrent Workers: 3
 Concurrent Refinement Workers: 10
 Periodic GC: Disabled

Heap:
 garbage-first heap   total 385024K, used 36604K [0x000000068a000000, 0x0000000800000000)
  region size 4096K, 9 young (36864K), 1 survivors (4096K)
 Metaspace       used 14000K, committed 14208K, reserved 1114112K
  class space    used 1811K, committed 1920K, reserved 1048576K

Heap Regions: E=young(eden), S=young(survivor), O=old, HS=humongous(starts), HC=humongous(continues), CS=collection set, F=free, OA=open archive, CA=closed archive, TAMS=top-at-mark-start (previous, next)
|   0|0x000000068a000000, 0x000000068a400000, 0x000000068a400000|100%| O|  |TAMS 0x000000068a000000, 0x000000068a000000| Untracked 
|   1|0x000000068a400000, 0x000000068a6cf200, 0x000000068a800000| 70%| O|  |TAMS 0x000000068a400000, 0x000000068a400000| Untracked 
|   2|0x000000068a800000, 0x000000068a800000, 0x000000068ac00000|  0%| F|  |TAMS 0x000000068a800000, 0x000000068a800000| Untracked 
|   3|0x000000068ac00000, 0x000000068ac00000, 0x000000068b000000|  0%| F|  |TAMS 0x000000068ac00000, 0x000000068ac00000| Untracked 
|   4|0x000000068b000000, 0x000000068b000000, 0x000000068b400000|  0%| F|  |TAMS 0x000000068b000000, 0x000000068b000000| Untracked 
|   5|0x000000068b400000, 0x000000068b400000, 0x000000068b800000|  0%| F|  |TAMS 0x000000068b400000, 0x000000068b400000| Untracked 
|   6|0x000000068b800000, 0x000000068b800000, 0x000000068bc00000|  0%| F|  |TAMS 0x000000068b800000, 0x000000068b800000| Untracked 
|   7|0x000000068bc00000, 0x000000068bc00000, 0x000000068c000000|  0%| F|  |TAMS 0x000000068bc00000, 0x000000068bc00000| Untracked 
|   8|0x000000068c000000, 0x000000068c000000, 0x000000068c400000|  0%| F|  |TAMS 0x000000068c000000, 0x000000068c000000| Untracked 
|   9|0x000000068c400000, 0x000000068c400000, 0x000000068c800000|  0%| F|  |TAMS 0x000000068c400000, 0x000000068c400000| Untracked 
|  10|0x000000068c800000, 0x000000068c800000, 0x000000068cc00000|  0%| F|  |TAMS 0x000000068c800000, 0x000000068c800000| Untracked 
|  11|0x000000068cc00000, 0x000000068cc00000, 0x000000068d000000|  0%| F|  |TAMS 0x000000068cc00000, 0x000000068cc00000| Untracked 
|  12|0x000000068d000000, 0x000000068d000000, 0x000000068d400000|  0%| F|  |TAMS 0x000000068d000000, 0x000000068d000000| Untracked 
|  13|0x000000068d400000, 0x000000068d400000, 0x000000068d800000|  0%| F|  |TAMS 0x000000068d400000, 0x000000068d400000| Untracked 
|  14|0x000000068d800000, 0x000000068d800000, 0x000000068dc00000|  0%| F|  |TAMS 0x000000068d800000, 0x000000068d800000| Untracked 
|  15|0x000000068dc00000, 0x000000068dc00000, 0x000000068e000000|  0%| F|  |TAMS 0x000000068dc00000, 0x000000068dc00000| Untracked 
|  16|0x000000068e000000, 0x000000068e000000, 0x000000068e400000|  0%| F|  |TAMS 0x000000068e000000, 0x000000068e000000| Untracked 
|  17|0x000000068e400000, 0x000000068e400000, 0x000000068e800000|  0%| F|  |TAMS 0x000000068e400000, 0x000000068e400000| Untracked 
|  18|0x000000068e800000, 0x000000068e800000, 0x000000068ec00000|  0%| F|  |TAMS 0x000000068e800000, 0x000000068e800000| Untracked 
|  19|0x000000068ec00000, 0x000000068ec00000, 0x000000068f000000|  0%| F|  |TAMS 0x000000068ec00000, 0x000000068ec00000| Untracked 
|  20|0x000000068f000000, 0x000000068f000000, 0x000000068f400000|  0%| F|  |TAMS 0x000000068f000000, 0x000000068f000000| Untracked 
|  21|0x000000068f400000, 0x000000068f400000, 0x000000068f800000|  0%| F|  |TAMS 0x000000068f400000, 0x000000068f400000| Untracked 
|  22|0x000000068f800000, 0x000000068f800000, 0x000000068fc00000|  0%| F|  |TAMS 0x000000068f800000, 0x000000068f800000| Untracked 
|  23|0x000000068fc00000, 0x000000068fc00000, 0x0000000690000000|  0%| F|  |TAMS 0x000000068fc00000, 0x000000068fc00000| Untracked 
|  24|0x0000000690000000, 0x0000000690000000, 0x0000000690400000|  0%| F|  |TAMS 0x0000000690000000, 0x0000000690000000| Untracked 
|  25|0x0000000690400000, 0x0000000690400000, 0x0000000690800000|  0%| F|  |TAMS 0x0000000690400000, 0x0000000690400000| Untracked 
|  26|0x0000000690800000, 0x0000000690800000, 0x0000000690c00000|  0%| F|  |TAMS 0x0000000690800000, 0x0000000690800000| Untracked 
|  27|0x0000000690c00000, 0x0000000690c00000, 0x0000000691000000|  0%| F|  |TAMS 0x0000000690c00000, 0x0000000690c00000| Untracked 
|  28|0x0000000691000000, 0x0000000691000000, 0x0000000691400000|  0%| F|  |TAMS 0x0000000691000000, 0x0000000691000000| Untracked 
|  29|0x0000000691400000, 0x0000000691400000, 0x0000000691800000|  0%| F|  |TAMS 0x0000000691400000, 0x0000000691400000| Untracked 
|  30|0x0000000691800000, 0x0000000691800000, 0x0000000691c00000|  0%| F|  |TAMS 0x0000000691800000, 0x0000000691800000| Untracked 
|  31|0x0000000691c00000, 0x0000000691c00000, 0x0000000692000000|  0%| F|  |TAMS 0x0000000691c00000, 0x0000000691c00000| Untracked 
|  32|0x0000000692000000, 0x0000000692000000, 0x0000000692400000|  0%| F|  |TAMS 0x0000000692000000, 0x0000000692000000| Untracked 
|  33|0x0000000692400000, 0x0000000692400000, 0x0000000692800000|  0%| F|  |TAMS 0x0000000692400000, 0x0000000692400000| Untracked 
|  34|0x0000000692800000, 0x0000000692800000, 0x0000000692c00000|  0%| F|  |TAMS 0x0000000692800000, 0x0000000692800000| Untracked 
|  35|0x0000000692c00000, 0x0000000692c00000, 0x0000000693000000|  0%| F|  |TAMS 0x0000000692c00000, 0x0000000692c00000| Untracked 
|  36|0x0000000693000000, 0x0000000693000000, 0x0000000693400000|  0%| F|  |TAMS 0x0000000693000000, 0x0000000693000000| Untracked 
|  37|0x0000000693400000, 0x0000000693400000, 0x0000000693800000|  0%| F|  |TAMS 0x0000000693400000, 0x0000000693400000| Untracked 
|  38|0x0000000693800000, 0x0000000693800000, 0x0000000693c00000|  0%| F|  |TAMS 0x0000000693800000, 0x0000000693800000| Untracked 
|  39|0x0000000693c00000, 0x0000000693c00000, 0x0000000694000000|  0%| F|  |TAMS 0x0000000693c00000, 0x0000000693c00000| Untracked 
|  40|0x0000000694000000, 0x0000000694000000, 0x0000000694400000|  0%| F|  |TAMS 0x0000000694000000, 0x0000000694000000| Untracked 
|  41|0x0000000694400000, 0x0000000694400000, 0x0000000694800000|  0%| F|  |TAMS 0x0000000694400000, 0x0000000694400000| Untracked 
|  42|0x0000000694800000, 0x0000000694800000, 0x0000000694c00000|  0%| F|  |TAMS 0x0000000694800000, 0x0000000694800000| Untracked 
|  43|0x0000000694c00000, 0x0000000694c00000, 0x0000000695000000|  0%| F|  |TAMS 0x0000000694c00000, 0x0000000694c00000| Untracked 
|  44|0x0000000695000000, 0x0000000695000000, 0x0000000695400000|  0%| F|  |TAMS 0x0000000695000000, 0x0000000695000000| Untracked 
|  45|0x0000000695400000, 0x0000000695400000, 0x0000000695800000|  0%| F|  |TAMS 0x0000000695400000, 0x0000000695400000| Untracked 
|  46|0x0000000695800000, 0x0000000695800000, 0x0000000695c00000|  0%| F|  |TAMS 0x0000000695800000, 0x0000000695800000| Untracked 
|  47|0x0000000695c00000, 0x0000000695c00000, 0x0000000696000000|  0%| F|  |TAMS 0x0000000695c00000, 0x0000000695c00000| Untracked 
|  48|0x0000000696000000, 0x0000000696000000, 0x0000000696400000|  0%| F|  |TAMS 0x0000000696000000, 0x0000000696000000| Untracked 
|  49|0x0000000696400000, 0x0000000696400000, 0x0000000696800000|  0%| F|  |TAMS 0x0000000696400000, 0x0000000696400000| Untracked 
|  50|0x0000000696800000, 0x0000000696800000, 0x0000000696c00000|  0%| F|  |TAMS 0x0000000696800000, 0x0000000696800000| Untracked 
|  51|0x0000000696c00000, 0x0000000696c00000, 0x0000000697000000|  0%| F|  |TAMS 0x0000000696c00000, 0x0000000696c00000| Untracked 
|  52|0x0000000697000000, 0x0000000697000000, 0x0000000697400000|  0%| F|  |TAMS 0x0000000697000000, 0x0000000697000000| Untracked 
|  53|0x0000000697400000, 0x0000000697400000, 0x0000000697800000|  0%| F|  |TAMS 0x0000000697400000, 0x0000000697400000| Untracked 
|  54|0x0000000697800000, 0x0000000697800000, 0x0000000697c00000|  0%| F|  |TAMS 0x0000000697800000, 0x0000000697800000| Untracked 
|  55|0x0000000697c00000, 0x0000000697c00000, 0x0000000698000000|  0%| F|  |TAMS 0x0000000697c00000, 0x0000000697c00000| Untracked 
|  56|0x0000000698000000, 0x0000000698000000, 0x0000000698400000|  0%| F|  |TAMS 0x0000000698000000, 0x0000000698000000| Untracked 
|  57|0x0000000698400000, 0x0000000698400000, 0x0000000698800000|  0%| F|  |TAMS 0x0000000698400000, 0x0000000698400000| Untracked 
|  58|0x0000000698800000, 0x0000000698800000, 0x0000000698c00000|  0%| F|  |TAMS 0x0000000698800000, 0x0000000698800000| Untracked 
|  59|0x0000000698c00000, 0x0000000698c00000, 0x0000000699000000|  0%| F|  |TAMS 0x0000000698c00000, 0x0000000698c00000| Untracked 
|  60|0x0000000699000000, 0x0000000699000000, 0x0000000699400000|  0%| F|  |TAMS 0x0000000699000000, 0x0000000699000000| Untracked 
|  61|0x0000000699400000, 0x0000000699400000, 0x0000000699800000|  0%| F|  |TAMS 0x0000000699400000, 0x0000000699400000| Untracked 
|  62|0x0000000699800000, 0x0000000699800000, 0x0000000699c00000|  0%| F|  |TAMS 0x0000000699800000, 0x0000000699800000| Untracked 
|  63|0x0000000699c00000, 0x0000000699c00000, 0x000000069a000000|  0%| F|  |TAMS 0x0000000699c00000, 0x0000000699c00000| Untracked 
|  64|0x000000069a000000, 0x000000069a000000, 0x000000069a400000|  0%| F|  |TAMS 0x000000069a000000, 0x000000069a000000| Untracked 
|  65|0x000000069a400000, 0x000000069a400000, 0x000000069a800000|  0%| F|  |TAMS 0x000000069a400000, 0x000000069a400000| Untracked 
|  66|0x000000069a800000, 0x000000069a800000, 0x000000069ac00000|  0%| F|  |TAMS 0x000000069a800000, 0x000000069a800000| Untracked 
|  67|0x000000069ac00000, 0x000000069ac00000, 0x000000069b000000|  0%| F|  |TAMS 0x000000069ac00000, 0x000000069ac00000| Untracked 
|  68|0x000000069b000000, 0x000000069b000000, 0x000000069b400000|  0%| F|  |TAMS 0x000000069b000000, 0x000000069b000000| Untracked 
|  69|0x000000069b400000, 0x000000069b400000, 0x000000069b800000|  0%| F|  |TAMS 0x000000069b400000, 0x000000069b400000| Untracked 
|  70|0x000000069b800000, 0x000000069b800000, 0x000000069bc00000|  0%| F|  |TAMS 0x000000069b800000, 0x000000069b800000| Untracked 
|  71|0x000000069bc00000, 0x000000069bc00000, 0x000000069c000000|  0%| F|  |TAMS 0x000000069bc00000, 0x000000069bc00000| Untracked 
|  72|0x000000069c000000, 0x000000069c000000, 0x000000069c400000|  0%| F|  |TAMS 0x000000069c000000, 0x000000069c000000| Untracked 
|  73|0x000000069c400000, 0x000000069c400000, 0x000000069c800000|  0%| F|  |TAMS 0x000000069c400000, 0x000000069c400000| Untracked 
|  74|0x000000069c800000, 0x000000069c800000, 0x000000069cc00000|  0%| F|  |TAMS 0x000000069c800000, 0x000000069c800000| Untracked 
|  75|0x000000069cc00000, 0x000000069cc00000, 0x000000069d000000|  0%| F|  |TAMS 0x000000069cc00000, 0x000000069cc00000| Untracked 
|  76|0x000000069d000000, 0x000000069d000000, 0x000000069d400000|  0%| F|  |TAMS 0x000000069d000000, 0x000000069d000000| Untracked 
|  77|0x000000069d400000, 0x000000069d400000, 0x000000069d800000|  0%| F|  |TAMS 0x000000069d400000, 0x000000069d400000| Untracked 
|  78|0x000000069d800000, 0x000000069d800000, 0x000000069dc00000|  0%| F|  |TAMS 0x000000069d800000, 0x000000069d800000| Untracked 
|  79|0x000000069dc00000, 0x000000069dc00000, 0x000000069e000000|  0%| F|  |TAMS 0x000000069dc00000, 0x000000069dc00000| Untracked 
|  80|0x000000069e000000, 0x000000069e000000, 0x000000069e400000|  0%| F|  |TAMS 0x000000069e000000, 0x000000069e000000| Untracked 
|  81|0x000000069e400000, 0x000000069e400000, 0x000000069e800000|  0%| F|  |TAMS 0x000000069e400000, 0x000000069e400000| Untracked 
|  82|0x000000069e800000, 0x000000069e800000, 0x000000069ec00000|  0%| F|  |TAMS 0x000000069e800000, 0x000000069e800000| Untracked 
|  83|0x000000069ec00000, 0x000000069ec00000, 0x000000069f000000|  0%| F|  |TAMS 0x000000069ec00000, 0x000000069ec00000| Untracked 
|  84|0x000000069f000000, 0x000000069f000000, 0x000000069f400000|  0%| F|  |TAMS 0x000000069f000000, 0x000000069f000000| Untracked 
|  85|0x000000069f400000, 0x000000069f564d10, 0x000000069f800000| 34%| E|  |TAMS 0x000000069f400000, 0x000000069f400000| Complete 
|  86|0x000000069f800000, 0x000000069fc00000, 0x000000069fc00000|100%| E|CS|TAMS 0x000000069f800000, 0x000000069f800000| Complete 
|  87|0x000000069fc00000, 0x00000006a0000000, 0x00000006a0000000|100%| E|CS|TAMS 0x000000069fc00000, 0x000000069fc00000| Complete 
|  88|0x00000006a0000000, 0x00000006a0400000, 0x00000006a0400000|100%| E|CS|TAMS 0x00000006a0000000, 0x00000006a0000000| Complete 
|  89|0x00000006a0400000, 0x00000006a0800000, 0x00000006a0800000|100%| E|CS|TAMS 0x00000006a0400000, 0x00000006a0400000| Complete 
|  90|0x00000006a0800000, 0x00000006a08f01e0, 0x00000006a0c00000| 23%| S|CS|TAMS 0x00000006a0800000, 0x00000006a0800000| Complete 
|  91|0x00000006a0c00000, 0x00000006a1000000, 0x00000006a1000000|100%| E|CS|TAMS 0x00000006a0c00000, 0x00000006a0c00000| Complete 
|  92|0x00000006a1000000, 0x00000006a1400000, 0x00000006a1400000|100%| E|CS|TAMS 0x00000006a1000000, 0x00000006a1000000| Complete 
|  93|0x00000006a1400000, 0x00000006a1800000, 0x00000006a1800000|100%| E|CS|TAMS 0x00000006a1400000, 0x00000006a1400000| Complete 

Card table byte_map: [0x000001f8758d0000,0x000001f876480000] _byte_map_base: 0x000001f872480000

Marking Bits (Prev, Next): (CMBitMap*) 0x000001f86a1c9930, (CMBitMap*) 0x000001f86a1c9970
 Prev Bits: [0x000001f877030000, 0x000001f87cdb0000)
 Next Bits: [0x000001f800000000, 0x000001f805d80000)

Polling page: 0x000001f8680e0000

Metaspace:

Usage:
  Non-class:     11.90 MB used.
      Class:      1.77 MB used.
       Both:     13.67 MB used.

Virtual space:
  Non-class space:       64.00 MB reserved,      12.00 MB ( 19%) committed,  1 nodes.
      Class space:        1.00 GB reserved,       1.88 MB ( <1%) committed,  1 nodes.
             Both:        1.06 GB reserved,      13.88 MB (  1%) committed. 

Chunk freelists:
   Non-Class:  3.80 MB
       Class:  13.94 MB
        Both:  17.74 MB

MaxMetaspaceSize: unlimited
CompressedClassSpaceSize: 1.00 GB
Initial GC threshold: 21.00 MB
Current GC threshold: 21.00 MB
CDS: on
MetaspaceReclaimPolicy: balanced
 - commit_granule_bytes: 65536.
 - commit_granule_words: 8192.
 - virtual_space_node_default_size: 8388608.
 - enlarge_chunks_in_place: 1.
 - new_chunks_are_fully_committed: 0.
 - uncommit_free_chunks: 1.
 - use_allocation_guard: 0.
 - handle_deallocations: 1.


Internal statistics:

num_allocs_failed_limit: 0.
num_arena_births: 276.
num_arena_deaths: 0.
num_vsnodes_births: 2.
num_vsnodes_deaths: 0.
num_space_committed: 222.
num_space_uncommitted: 0.
num_chunks_returned_to_freelist: 0.
num_chunks_taken_from_freelist: 677.
num_chunk_merges: 0.
num_chunk_splits: 447.
num_chunks_enlarged: 309.
num_inconsistent_stats: 0.

CodeCache: size=49152Kb used=5834Kb max_used=5834Kb free=43317Kb
 bounds [0x000001f8719f0000, 0x000001f871fb0000, 0x000001f8749f0000]
 total_blobs=2476 nmethods=1997 adapters=403
 compilation: enabled
              stopped_count=0, restarted_count=0
 full_count=0

Compilation events (20 events):
Event: 1.244 Thread 0x000001f87f894df0 nmethod 1987 0x000001f871f9f110 code [0x000001f871f9f2c0, 0x000001f871f9f3d8]
Event: 1.244 Thread 0x000001f87f894df0 1988       1       java.lang.invoke.DirectMethodHandle$Holder::invokeStatic (14 bytes)
Event: 1.244 Thread 0x000001f84b0f2230 1989       1       java.lang.invoke.DirectMethodHandle$Holder::invokeStatic (17 bytes)
Event: 1.244 Thread 0x000001f84b0ec4c0 1990       1       java.lang.invoke.LambdaForm$MH/0x000001f807002400::invoke (32 bytes)
Event: 1.244 Thread 0x000001f84c3297c0 nmethod 1986 0x000001f871f9f510 code [0x000001f871f9f6e0, 0x000001f871f9f9d8]
Event: 1.244 Thread 0x000001f87f894df0 nmethod 1988 0x000001f871f9fb90 code [0x000001f871f9fd40, 0x000001f871f9fe58]
Event: 1.244 Thread 0x000001f84c3297c0 1991       1       java.lang.invoke.DirectMethodHandle$Holder::invokeStatic (21 bytes)
Event: 1.244 Thread 0x000001f87f894df0 1992       1       java.lang.StringConcatHelper::prepend (22 bytes)
Event: 1.244 Thread 0x000001f84b0ec4c0 nmethod 1990 0x000001f871f9ff10 code [0x000001f871fa00c0, 0x000001f871fa0238]
Event: 1.244 Thread 0x000001f84b0f2230 nmethod 1989 0x000001f871fa0310 code [0x000001f871fa04c0, 0x000001f871fa05d8]
Event: 1.244 Thread 0x000001f87f894df0 nmethod 1992 0x000001f871fa0710 code [0x000001f871fa08c0, 0x000001f871fa09b8]
Event: 1.244 Thread 0x000001f84c3297c0 nmethod 1991 0x000001f871fa0a90 code [0x000001f871fa0c40, 0x000001f871fa0d58]
Event: 1.245 Thread 0x000001f84b0ec4c0 1993       1       jdk.internal.reflect.AccessorGenerator::sub (5 bytes)
Event: 1.245 Thread 0x000001f84b0f2230 1994       1       jdk.internal.reflect.ClassFileAssembler::setStack (25 bytes)
Event: 1.245 Thread 0x000001f84b0f2230 nmethod 1994 0x000001f871fa1190 code [0x000001f871fa1320, 0x000001f871fa13f8]
Event: 1.245 Thread 0x000001f84b0ec4c0 nmethod 1993 0x000001f871fa1490 code [0x000001f871fa1620, 0x000001f871fa16d8]
Event: 1.250 Thread 0x000001f84b0ec4c0 1995       1       jdk.internal.reflect.ClassFileAssembler::emitConstantPoolMethodref (28 bytes)
Event: 1.250 Thread 0x000001f84b0ec4c0 nmethod 1995 0x000001f871fa1790 code [0x000001f871fa1980, 0x000001f871fa1cc8]
Event: 1.250 Thread 0x000001f84b0ec4c0 1996       1       java.io.ObjectStreamClass::requireInitialized (19 bytes)
Event: 1.250 Thread 0x000001f84b0ec4c0 nmethod 1996 0x000001f871fa1f90 code [0x000001f871fa2120, 0x000001f871fa2288]

GC Heap History (4 events):
Event: 0.548 GC heap before
{Heap before GC invocations=0 (full 0):
 garbage-first heap   total 385024K, used 20480K [0x000000068a000000, 0x0000000800000000)
  region size 4096K, 5 young (20480K), 0 survivors (0K)
 Metaspace       used 5841K, committed 6016K, reserved 1114112K
  class space    used 722K, committed 832K, reserved 1048576K
}
Event: 0.553 GC heap after
{Heap after GC invocations=1 (full 0):
 garbage-first heap   total 385024K, used 6887K [0x000000068a000000, 0x0000000800000000)
  region size 4096K, 1 young (4096K), 1 survivors (4096K)
 Metaspace       used 5841K, committed 6016K, reserved 1114112K
  class space    used 722K, committed 832K, reserved 1048576K
}
Event: 0.784 GC heap before
{Heap before GC invocations=1 (full 0):
 garbage-first heap   total 385024K, used 19175K [0x000000068a000000, 0x0000000800000000)
  region size 4096K, 4 young (16384K), 1 survivors (4096K)
 Metaspace       used 8227K, committed 8448K, reserved 1114112K
  class space    used 1078K, committed 1216K, reserved 1048576K
}
Event: 0.786 GC heap after
{Heap after GC invocations=2 (full 0):
 garbage-first heap   total 385024K, used 7932K [0x000000068a000000, 0x0000000800000000)
  region size 4096K, 1 young (4096K), 1 survivors (4096K)
 Metaspace       used 8227K, committed 8448K, reserved 1114112K
  class space    used 1078K, committed 1216K, reserved 1048576K
}

Deoptimization events (0 events):
No events

Classes unloaded (0 events):
No events

Classes redefined (0 events):
No events

Internal exceptions (20 events):
Event: 0.772 Thread 0x000001f86a141830 Exception <a 'java/lang/NoSuchMethodError'{0x00000006a0f64728}: 'int java.lang.invoke.DirectMethodHandle$Holder.invokeStatic(java.lang.Object, java.lang.Object, java.lang.Object, java.lang.Object)'> (0x00000006a0f64728) 
thrown [s\open\src\hotspot\share\interpreter\linkResolver.cpp, line 759]
Event: 0.772 Thread 0x000001f86a141830 Exception <a 'java/lang/NoSuchMethodError'{0x00000006a0f680a8}: 'java.lang.Object java.lang.invoke.Invokers$Holder.invokeExact_MT(java.lang.Object, java.lang.Object, java.lang.Object, java.lang.Object, java.lang.Object, java.lang.Object)'> (0x00000006a0f680a8) 
thrown [s\open\src\hotspot\share\interpreter\linkResolver.cpp, line 759]
Event: 0.804 Thread 0x000001f86a141830 Exception <a 'java/lang/NoSuchMethodError'{0x00000006a15649e0}: 'java.lang.Object java.lang.invoke.DirectMethodHandle$Holder.newInvokeSpecial(java.lang.Object, java.lang.Object, java.lang.Object, java.lang.Object, java.lang.Object, java.lang.Object, java.lang.Object)'> (0x00000006a15649e0) 
thrown [s\open\src\hotspot\share\interpreter\linkResolver.cpp, line 759]
Event: 0.805 Thread 0x000001f86a141830 Exception <a 'java/lang/NoSuchMethodError'{0x00000006a15692f0}: 'java.lang.Object java.lang.invoke.Invokers$Holder.linkToTargetMethod(java.lang.Object, java.lang.Object, java.lang.Object, java.lang.Object, java.lang.Object, java.lang.Object, java.lang.Object)'> (0x00000006a15692f0) 
thrown [s\open\src\hotspot\share\interpreter\linkResolver.cpp, line 759]
Event: 0.809 Thread 0x000001f86a141830 Exception <a 'java/lang/NoSuchMethodError'{0x00000006a159b148}: 'java.lang.Object java.lang.invoke.DirectMethodHandle$Holder.invokeStatic(java.lang.Object, java.lang.Object, int)'> (0x00000006a159b148) 
thrown [s\open\src\hotspot\share\interpreter\linkResolver.cpp, line 759]
Event: 0.810 Thread 0x000001f86a141830 Exception <a 'java/lang/NoSuchMethodError'{0x00000006a15a7160}: 'void java.lang.invoke.DelegatingMethodHandle$Holder.delegate(java.lang.Object, java.lang.Object, int, java.lang.Object)'> (0x00000006a15a7160) 
thrown [s\open\src\hotspot\share\interpreter\linkResolver.cpp, line 759]
Event: 0.965 Thread 0x000001f86a141830 Exception <a 'java/lang/NoSuchMethodError'{0x00000006a10ad830}: 'java.lang.Object java.lang.invoke.DirectMethodHandle$Holder.invokeSpecial(java.lang.Object, java.lang.Object, java.lang.Object, java.lang.Object, java.lang.Object, java.lang.Object, int)'> (0x00000006a10ad830) 
thrown [s\open\src\hotspot\share\interpreter\linkResolver.cpp, line 759]
Event: 0.966 Thread 0x000001f86a141830 Exception <a 'java/lang/NoSuchMethodError'{0x00000006a10baec8}: 'java.lang.Object java.lang.invoke.DirectMethodHandle$Holder.newInvokeSpecial(java.lang.Object, java.lang.Object, java.lang.Object, java.lang.Object, java.lang.Object, java.lang.Object, int)'> (0x00000006a10baec8) 
thrown [s\open\src\hotspot\share\interpreter\linkResolver.cpp, line 759]
Event: 0.967 Thread 0x000001f86a141830 Exception <a 'java/lang/NoSuchMethodError'{0x00000006a10bff08}: 'java.lang.Object java.lang.invoke.DirectMethodHandle$Holder.invokeSpecial(java.lang.Object, java.lang.Object, java.lang.Object, java.lang.Object, java.lang.Object, java.lang.Object, java.lang.Object, int)'> (0x00000006a10bff08) 
thrown [s\open\src\hotspot\share\interpreter\linkResolver.cpp, line 759]
Event: 1.013 Thread 0x000001f86a141830 Exception <a 'java/lang/NoSuchMethodError'{0x00000006a13188e8}: 'void java.lang.invoke.DirectMethodHandle$Holder.invokeSpecial(java.lang.Object, java.lang.Object, java.lang.Object, java.lang.Object, java.lang.Object)'> (0x00000006a13188e8) 
thrown [s\open\src\hotspot\share\interpreter\linkResolver.cpp, line 759]
Event: 1.055 Thread 0x000001f86a141830 Exception <a 'java/lang/NoSuchMethodError'{0x00000006a0e0cdf8}: 'void java.lang.invoke.DirectMethodHandle$Holder.invokeSpecial(java.lang.Object, java.lang.Object, java.lang.Object, java.lang.Object, java.lang.Object, java.lang.Object)'> (0x00000006a0e0cdf8) 
thrown [s\open\src\hotspot\share\interpreter\linkResolver.cpp, line 759]
Event: 1.084 Thread 0x000001f86a141830 Exception <a 'java/lang/NoSuchMethodError'{0x00000006a0faca18}: 'java.lang.Object java.lang.invoke.DirectMethodHandle$Holder.invokeSpecial(java.lang.Object, java.lang.Object, java.lang.Object, int, java.lang.Object)'> (0x00000006a0faca18) 
thrown [s\open\src\hotspot\share\interpreter\linkResolver.cpp, line 759]
Event: 1.085 Thread 0x000001f86a141830 Exception <a 'java/lang/NoSuchMethodError'{0x00000006a0fb4fb0}: 'java.lang.Object java.lang.invoke.DirectMethodHandle$Holder.newInvokeSpecial(java.lang.Object, java.lang.Object, java.lang.Object, int, java.lang.Object)'> (0x00000006a0fb4fb0) 
thrown [s\open\src\hotspot\share\interpreter\linkResolver.cpp, line 759]
Event: 1.085 Thread 0x000001f86a141830 Exception <a 'java/lang/NoSuchMethodError'{0x00000006a0fbc980}: 'java.lang.Object java.lang.invoke.Invokers$Holder.linkToTargetMethod(java.lang.Object, java.lang.Object, int, java.lang.Object, java.lang.Object)'> (0x00000006a0fbc980) 
thrown [s\open\src\hotspot\share\interpreter\linkResolver.cpp, line 759]
Event: 1.086 Thread 0x000001f86a141830 Exception <a 'java/lang/NoSuchMethodError'{0x00000006a0fc8250}: 'java.lang.Object java.lang.invoke.DirectMethodHandle$Holder.newInvokeSpecial(java.lang.Object, int, java.lang.Object)'> (0x00000006a0fc8250) 
thrown [s\open\src\hotspot\share\interpreter\linkResolver.cpp, line 759]
Event: 1.086 Thread 0x000001f86a141830 Exception <a 'java/lang/NoSuchMethodError'{0x00000006a0fccb88}: 'int java.lang.invoke.DirectMethodHandle$Holder.invokeSpecialIFC(java.lang.Object, java.lang.Object, java.lang.Object, java.lang.Object)'> (0x00000006a0fccb88) 
thrown [s\open\src\hotspot\share\interpreter\linkResolver.cpp, line 759]
Event: 1.238 Thread 0x000001f84c4530e0 Exception <a 'java/lang/NoSuchMethodError'{0x000000069fabe560}: static [B.<clinit>()V> (0x000000069fabe560) 
thrown [s\open\src\hotspot\share\prims\jni.cpp, line 1112]
Event: 1.243 Thread 0x000001f84c4530e0 Exception <a 'java/lang/ClassNotFoundException'{0x000000069fbffb10}: javax/management/remote/rmi/RMIConnectionImpl_Skel> (0x000000069fbffb10) 
thrown [s\open\src\hotspot\share\classfile\systemDictionary.cpp, line 256]
Event: 1.243 Thread 0x000001f84c4de5c0 Exception <a 'java/lang/NoSuchMethodError'{0x000000069f41d4a0}: 'java.lang.Object java.lang.invoke.Invokers$Holder.linkToTargetMethod(java.lang.Object, long, java.lang.Object)'> (0x000000069f41d4a0) 
thrown [s\open\src\hotspot\share\interpreter\linkResolver.cpp, line 759]
Event: 1.250 Thread 0x000001f84c4530e0 Exception <a 'java/lang/reflect/InvocationTargetException'{0x000000069f4759d8}> (0x000000069f4759d8) 
thrown [s\open\src\hotspot\share\runtime\reflection.cpp, line 1121]

VM Operations (20 events):
Event: 0.548 Executing VM operation: G1CollectForAllocation
Event: 0.553 Executing VM operation: G1CollectForAllocation done
Event: 0.681 Executing VM operation: HandshakeAllThreads
Event: 0.681 Executing VM operation: HandshakeAllThreads done
Event: 0.784 Executing VM operation: G1CollectForAllocation
Event: 0.786 Executing VM operation: G1CollectForAllocation done
Event: 0.829 Executing VM operation: HandshakeAllThreads
Event: 0.829 Executing VM operation: HandshakeAllThreads done
Event: 1.105 Executing VM operation: ICBufferFull
Event: 1.105 Executing VM operation: ICBufferFull done
Event: 1.112 Executing VM operation: HandshakeAllThreads
Event: 1.112 Executing VM operation: HandshakeAllThreads done
Event: 1.143 Executing VM operation: HandshakeAllThreads
Event: 1.143 Executing VM operation: HandshakeAllThreads done
Event: 1.205 Executing VM operation: HandshakeAllThreads
Event: 1.205 Executing VM operation: HandshakeAllThreads done
Event: 1.207 Executing VM operation: HandshakeAllThreads
Event: 1.207 Executing VM operation: HandshakeAllThreads done
Event: 1.243 Executing VM operation: HandshakeAllThreads
Event: 1.243 Executing VM operation: HandshakeAllThreads done

Events (20 events):
Event: 1.243 loading class javax/management/MBeanRegistrationException
Event: 1.243 loading class javax/management/MBeanRegistrationException done
Event: 1.243 loading class javax/management/NotCompliantMBeanException
Event: 1.243 loading class javax/management/NotCompliantMBeanException done
Event: 1.243 loading class javax/management/IntrospectionException
Event: 1.243 loading class javax/management/IntrospectionException done
Event: 1.243 loading class javax/management/remote/rmi/RMIConnectionImpl_Skel
Event: 1.243 loading class javax/management/remote/rmi/RMIConnectionImpl_Skel done
Event: 1.245 loading class javax/management/remote/JMXConnectionNotification
Event: 1.245 loading class javax/management/remote/JMXConnectionNotification done
Event: 1.245 loading class sun/rmi/transport/DGCAckHandler
Event: 1.245 loading class sun/rmi/transport/DGCAckHandler done
Event: 1.246 loading class sun/rmi/transport/DGCAckHandler$1
Event: 1.246 loading class sun/rmi/transport/DGCAckHandler$1 done
Event: 1.250 loading class javax/management/MalformedObjectNameException
Event: 1.250 loading class javax/management/MalformedObjectNameException done
Event: 1.250 loading class javax/management/remote/rmi/RMIConnectionImpl$PrivilegedOperation
Event: 1.250 loading class javax/management/remote/rmi/RMIConnectionImpl$PrivilegedOperation done
Event: 1.250 loading class java/security/PrivilegedActionException
Event: 1.250 loading class java/security/PrivilegedActionException done


Dynamic libraries:
0x00007ff602e60000 - 0x00007ff602e70000 	C:\Program Files\Java\jdk-17\bin\java.exe
0x00007ffc65630000 - 0x00007ffc65828000 	C:\Windows\SYSTEM32\ntdll.dll
0x00007ffc646f0000 - 0x00007ffc647b2000 	C:\Windows\System32\KERNEL32.DLL
0x00007ffc63130000 - 0x00007ffc63427000 	C:\Windows\System32\KERNELBASE.dll
0x00007ffc63000000 - 0x00007ffc63100000 	C:\Windows\System32\ucrtbase.dll
0x00007ffc5a2d0000 - 0x00007ffc5a2e9000 	C:\Program Files\Java\jdk-17\bin\jli.dll
0x00007ffc547a0000 - 0x00007ffc547bb000 	C:\Program Files\Java\jdk-17\bin\VCRUNTIME140.dll
0x00007ffc64f60000 - 0x00007ffc65011000 	C:\Windows\System32\ADVAPI32.dll
0x00007ffc64960000 - 0x00007ffc649fe000 	C:\Windows\System32\msvcrt.dll
0x00007ffc63650000 - 0x00007ffc636ef000 	C:\Windows\System32\sechost.dll
0x00007ffc645c0000 - 0x00007ffc646e6000 	C:\Windows\System32\RPCRT4.dll
0x00007ffc63430000 - 0x00007ffc63457000 	C:\Windows\System32\bcrypt.dll
0x00007ffc647c0000 - 0x00007ffc6495d000 	C:\Windows\System32\USER32.dll
0x00007ffc63100000 - 0x00007ffc63122000 	C:\Windows\System32\win32u.dll
0x00007ffc64a20000 - 0x00007ffc64a4b000 	C:\Windows\System32\GDI32.dll
0x00007ffc634e0000 - 0x00007ffc635f9000 	C:\Windows\System32\gdi32full.dll
0x00007ffc51280000 - 0x00007ffc5151a000 	C:\Windows\WinSxS\amd64_microsoft.windows.common-controls_6595b64144ccf1df_6.0.19041.5915_none_60b4b9d171f9c7c7\COMCTL32.dll
0x00007ffc62ed0000 - 0x00007ffc62f6d000 	C:\Windows\System32\msvcp_win.dll
0x00007ffc59010000 - 0x00007ffc5901a000 	C:\Windows\SYSTEM32\VERSION.dll
0x00007ffc652f0000 - 0x00007ffc6531f000 	C:\Windows\System32\IMM32.DLL
0x00007ffc59fb0000 - 0x00007ffc59fbc000 	C:\Program Files\Java\jdk-17\bin\vcruntime140_1.dll
0x00007ffc315e0000 - 0x00007ffc3166e000 	C:\Program Files\Java\jdk-17\bin\msvcp140.dll
0x00007ffbf23d0000 - 0x00007ffbf2fb0000 	C:\Program Files\Java\jdk-17\bin\server\jvm.dll
0x00007ffc64a00000 - 0x00007ffc64a08000 	C:\Windows\System32\PSAPI.DLL
0x00007ffc58da0000 - 0x00007ffc58dc7000 	C:\Windows\SYSTEM32\WINMM.dll
0x00007ffc466a0000 - 0x00007ffc466a9000 	C:\Windows\SYSTEM32\WSOCK32.dll
0x00007ffc65020000 - 0x00007ffc6508b000 	C:\Windows\System32\WS2_32.dll
0x00007ffc60ae0000 - 0x00007ffc60af2000 	C:\Windows\SYSTEM32\kernel.appcore.dll
0x00007ffc53e30000 - 0x00007ffc53e3a000 	C:\Program Files\Java\jdk-17\bin\jimage.dll
0x00007ffc55830000 - 0x00007ffc55a31000 	C:\Windows\SYSTEM32\DBGHELP.DLL
0x00007ffc4c4e0000 - 0x00007ffc4c514000 	C:\Windows\SYSTEM32\dbgcore.DLL
0x00007ffc62f70000 - 0x00007ffc62ff2000 	C:\Windows\System32\bcryptPrimitives.dll
0x00007ffc53b00000 - 0x00007ffc53b0e000 	C:\Program Files\Java\jdk-17\bin\instrument.dll
0x00007ffc539d0000 - 0x00007ffc539f5000 	C:\Program Files\Java\jdk-17\bin\java.dll
0x00007ffc2ce90000 - 0x00007ffc2cf67000 	C:\Program Files\Java\jdk-17\bin\jsvml.dll
0x00007ffc63e40000 - 0x00007ffc645ae000 	C:\Windows\System32\SHELL32.dll
0x00007ffc60d10000 - 0x00007ffc614b4000 	C:\Windows\SYSTEM32\windows.storage.dll
0x00007ffc64a50000 - 0x00007ffc64da3000 	C:\Windows\System32\combase.dll
0x00007ffc626f0000 - 0x00007ffc6271b000 	C:\Windows\SYSTEM32\Wldp.dll
0x00007ffc63c90000 - 0x00007ffc63d5d000 	C:\Windows\System32\OLEAUT32.dll
0x00007ffc654c0000 - 0x00007ffc6556d000 	C:\Windows\System32\SHCORE.dll
0x00007ffc65290000 - 0x00007ffc652eb000 	C:\Windows\System32\shlwapi.dll
0x00007ffc62bf0000 - 0x00007ffc62c14000 	C:\Windows\SYSTEM32\profapi.dll
0x00007ffc52f80000 - 0x00007ffc52f98000 	C:\Program Files\Java\jdk-17\bin\zip.dll
0x00007ffc53e10000 - 0x00007ffc53e29000 	C:\Program Files\Java\jdk-17\bin\net.dll
0x00007ffc5d680000 - 0x00007ffc5d78a000 	C:\Windows\SYSTEM32\WINHTTP.dll
0x00007ffc62450000 - 0x00007ffc624ba000 	C:\Windows\system32\mswsock.dll
0x00007ffc539b0000 - 0x00007ffc539c6000 	C:\Program Files\Java\jdk-17\bin\nio.dll
0x00007ffc52f00000 - 0x00007ffc52f1a000 	D:\intel\IntelliJ IDEA 2024.1\bin\breakgen64.dll
0x00007ffc62130000 - 0x00007ffc621fa000 	C:\Windows\SYSTEM32\DNSAPI.dll
0x00007ffc620e0000 - 0x00007ffc6211b000 	C:\Windows\SYSTEM32\IPHLPAPI.DLL
0x00007ffc645b0000 - 0x00007ffc645b8000 	C:\Windows\System32\NSI.dll
0x00000000690a0000 - 0x00000000690c6000 	C:\Program Files\Bonjour\mdnsNSP.dll
0x00007ffc59590000 - 0x00007ffc5959a000 	C:\Windows\System32\rasadhlp.dll
0x00007ffc56a60000 - 0x00007ffc56ae0000 	C:\Windows\System32\fwpuclnt.dll
0x00007ffc53550000 - 0x00007ffc5355a000 	C:\Program Files\Java\jdk-17\bin\management.dll
0x00007ffc53050000 - 0x00007ffc5305b000 	C:\Program Files\Java\jdk-17\bin\management_ext.dll
0x00007ffc62640000 - 0x00007ffc62658000 	C:\Windows\SYSTEM32\CRYPTSP.dll
0x00007ffc61d00000 - 0x00007ffc61d38000 	C:\Windows\system32\rsaenh.dll
0x00007ffc62bb0000 - 0x00007ffc62bde000 	C:\Windows\SYSTEM32\USERENV.dll
0x00007ffc62660000 - 0x00007ffc6266c000 	C:\Windows\SYSTEM32\CRYPTBASE.dll
0x00007ffc58fe0000 - 0x00007ffc58ff7000 	C:\Windows\SYSTEM32\dhcpcsvc6.DLL
0x00007ffc59820000 - 0x00007ffc5983d000 	C:\Windows\SYSTEM32\dhcpcsvc.DLL
0x00007ffc43350000 - 0x00007ffc43367000 	C:\Windows\system32\napinsp.dll
0x00007ffc43140000 - 0x00007ffc4315b000 	C:\Windows\system32\pnrpnsp.dll
0x00007ffc5de50000 - 0x00007ffc5de6d000 	C:\Windows\system32\wshbth.dll
0x00007ffc5e1b0000 - 0x00007ffc5e1cd000 	C:\Windows\system32\NLAapi.dll
0x00007ffc40d20000 - 0x00007ffc40d32000 	C:\Windows\System32\winrnr.dll

dbghelp: loaded successfully - version: 4.0.5 - missing functions: none
symbol engine: initialized successfully - sym options: 0x614 - pdb path: .;C:\Program Files\Java\jdk-17\bin;C:\Windows\SYSTEM32;C:\Windows\WinSxS\amd64_microsoft.windows.common-controls_6595b64144ccf1df_6.0.19041.5915_none_60b4b9d171f9c7c7;C:\Program Files\Java\jdk-17\bin\server;D:\intel\IntelliJ IDEA 2024.1\bin;C:\Program Files\Bonjour

VM Arguments:
jvm_args: -XX:TieredStopAtLevel=1 -Dspring.output.ansi.enabled=always -Dcom.sun.management.jmxremote -Dspring.jmx.enabled=true -Dspring.liveBeansView.mbeanDomain -Dspring.application.admin.enabled=true -Dmanagement.endpoints.jmx.exposure.include=* -javaagent:D:\intel\IntelliJ IDEA 2024.1\lib\idea_rt.jar=58527:D:\intel\IntelliJ IDEA 2024.1\bin -Dfile.encoding=UTF-8 
java_command: com.example.gatewayservice.GatewayServiceApplication
java_class_path (initial): E:\microservice\gateway-service\target\classes;C:\Users\USER\.m2\repository\org\springframework\cloud\spring-cloud-starter-gateway\4.1.0\spring-cloud-starter-gateway-4.1.0.jar;C:\Users\USER\.m2\repository\org\springframework\cloud\spring-cloud-starter\4.1.0\spring-cloud-starter-4.1.0.jar;C:\Users\USER\.m2\repository\org\springframework\cloud\spring-cloud-context\4.1.0\spring-cloud-context-4.1.0.jar;C:\Users\USER\.m2\repository\org\springframework\security\spring-security-crypto\6.2.0\spring-security-crypto-6.2.0.jar;C:\Users\USER\.m2\repository\org\springframework\cloud\spring-cloud-commons\4.1.0\spring-cloud-commons-4.1.0.jar;C:\Users\USER\.m2\repository\org\springframework\security\spring-security-rsa\1.1.1\spring-security-rsa-1.1.1.jar;C:\Users\USER\.m2\repository\org\bouncycastle\bcprov-jdk18on\1.74\bcprov-jdk18on-1.74.jar;C:\Users\USER\.m2\repository\org\springframework\cloud\spring-cloud-gateway-server\4.1.0\spring-cloud-gateway-server-4.1.0.jar;C:\Users\USER\.m2\repository\org\springframework\boot\spring-boot-starter-validation\3.2.0\spring-boot-starter-validation-3.2.0.jar;C:\Users\USER\.m2\repository\org\apache\tomcat\embed\tomcat-embed-el\10.1.16\tomcat-embed-el-10.1.16.jar;C:\Users\USER\.m2\repository\org\hibernate\validator\hibernate-validator\8.0.1.Final\hibernate-validator-8.0.1.Final.jar;C:\Users\USER\.m2\repository\jakarta\validation\jakarta.validation-api\3.0.2\jakarta.validation-api-3.0.2.jar;C:\Users\USER\.m2\repository\org\jboss\logging\jboss-logging\3.5.3.Final\jboss-logging-3.5.3.Final.jar;C:\Users\USER\.m2\repository\com\fasterxml\classmate\1.6.0\classmate-1.6.0.jar;C:\Users\USER\.m2\repository\io\projectreactor\addons\reactor-extra\3.5.1\reactor-extra-3.5.1.jar;C:\Users\USER\.m2\repository\org\springframework\boot\spring-boot-starter-webflux\3.2.0\spring-boot-starter-webflux-3.2.0.jar;C:\Users\USER\.m2\repository\org\springframework\boot\spring-boot-starter-json\3.2.0\spring-boot-starter-json-3.2.0.jar;C:\Users\US
Launcher Type: SUN_STANDARD

[Global flags]
     intx CICompilerCount                          = 4                                         {product} {ergonomic}
     uint ConcGCThreads                            = 3                                         {product} {ergonomic}
     uint G1ConcRefinementThreads                  = 10                                        {product} {ergonomic}
   size_t G1HeapRegionSize                         = 4194304                                   {product} {ergonomic}
    uintx GCDrainStackTargetSize                   = 64                                        {product} {ergonomic}
   size_t InitialHeapSize                          = 394264576                                 {product} {ergonomic}
     bool ManagementServer                         = true                                      {product} {command line}
   size_t MarkStackSize                            = 4194304                                   {product} {ergonomic}
   size_t MaxHeapSize                              = 6274678784                                {product} {ergonomic}
   size_t MaxNewSize                               = 3762290688                                {product} {ergonomic}
   size_t MinHeapDeltaBytes                        = 4194304                                   {product} {ergonomic}
   size_t MinHeapSize                              = 8388608                                   {product} {ergonomic}
    uintx NonProfiledCodeHeapSize                  = 0                                      {pd product} {ergonomic}
     bool ProfileInterpreter                       = false                                  {pd product} {command line}
    uintx ProfiledCodeHeapSize                     = 0                                      {pd product} {ergonomic}
   size_t SoftMaxHeapSize                          = 6274678784                             {manageable} {ergonomic}
     intx TieredStopAtLevel                        = 1                                         {product} {command line}
     bool UseCompressedClassPointers               = true                           {product lp64_product} {ergonomic}
     bool UseCompressedOops                        = true                           {product lp64_product} {ergonomic}
     bool UseG1GC                                  = true                                      {product} {ergonomic}
     bool UseLargePagesIndividualAllocation        = false                                  {pd product} {ergonomic}

Logging:
Log output configuration:
 #0: stdout all=warning uptime,level,tags
 #1: stderr all=off uptime,level,tags

Environment Variables:
JAVA_HOME=C:\Program Files\Java\jdk-17
PATH=C:\Program Files\Microsoft MPI\Bin\;C:\Program Files\Common Files\Oracle\Java\javapath;C:\Program Files (x86)\Common Files\Oracle\Java\java8path;C:\Program Files (x86)\Common Files\Oracle\Java\javapath;C:\ProgramData\Oracle\Java\javapath;C:\Windows\system32;C:\Windows;C:\Windows\System32\Wbem;C:\Windows\System32\WindowsPowerShell\v1.0\;C:\Windows\System32\OpenSSH\;D:\xampp\php;C:\ProgramData\ComposerSetup\bin;C:\Users\USER\AppData\Roaming\nvm;D:\nodejs;C:\Program Files\dotnet\;C:\Program Files (x86)\gsudo\;C:\Program Files (x86)\Microsoft SQL Server\160\Tools\Binn\;C:\Program Files\Microsoft SQL Server\160\Tools\Binn\;C:\Program Files\Microsoft SQL Server\Client SDK\ODBC\170\Tools\Binn\;C:\Program Files\Microsoft SQL Server\160\DTS\Binn\;%ZOOKEEPER_HOME%\bin;C:\Users\USER\AppData\Local\Programs\Python\Python313\;C:\Program Files\Java\jdk-17\bin;D:\postgre\bin;%MAVEN_HOME%\bin;C:\ProgramData\chocolatey\bin;D:\Nodejs\;D:\apache-maven-3.9.10-bin\apache-maven-3.9.10\bin;E:\Program Files\Git\cmd;C:\Program Files\Docker\Docker\resources\bin;C:\Users\USER\AppData\Local\Programs\Python\Python313\;C:\Users\USER\AppData\Local\Programs\Python\Launcher\;C:\Users\USER\AppData\Local\Programs\Python\Python313\Scripts\;C:\Python313;C:\Program Files\Microsoft MPI\Bin\;C:\Program Files\Common Files\Oracle\Java\javapath;C:\Program Files (x86)\Common Files\Oracle\Java\java8path;C:\Program Files (x86)\Common Files\Oracle\Java\javapath;C:\ProgramData\Oracle\Java\javapath;C:\Windows\system32;C:\Windows;C:\Windows\System32\Wbem;C:\Windows\System32\WindowsPowerShell\v1.0\;C:\Windows\System32\OpenSSH\;D:\xampp\php;C:\ProgramData\ComposerSetup\bin;C:\Users\USER\AppData\Roaming\nvm;D:\nodejs;C:\Program Files\dotnet\;C:\Program Files (x86)\gsudo\;C:\Program Files (x86)\Microsoft SQL Server\160\Tools\Binn\;C:\Program Files\Microsoft SQL Server\160\Tools\Binn\;C:\Program Files\Microsoft SQL Server\Client SDK\ODBC\170\Tools\Binn\;C:\Program Files\Microsoft SQL Server\160\DTS\Binn\;%ZOOKEEPER_HOM
USERNAME=USER
OS=Windows_NT
PROCESSOR_IDENTIFIER=AMD64 Family 23 Model 104 Stepping 1, AuthenticAMD



---------------  S Y S T E M  ---------------

OS:
 Windows 10 , 64 bit Build 19041 (10.0.19041.5915)
OS uptime: 2 days 14:19 hours
Hyper-V role detected

CPU: total 12 (initial active 12) (12 cores per cpu, 2 threads per core) family 23 model 104 stepping 1 microcode 0x0, cx8, cmov, fxsr, ht, mmx, 3dnowpref, sse, sse2, sse3, ssse3, sse4a, sse4.1, sse4.2, popcnt, lzcnt, tsc, tscinvbit, avx, avx2, aes, clmul, bmi1, bmi2, adx, sha, fma, vzeroupper, clflush, clflushopt, hv

Memory: 4k page, system-wide physical 23925M (6460M free)
TotalPageFile size 23925M (AvailPageFile size 5M)
current process WorkingSet (physical memory assigned to process): 103M, peak: 103M
current process commit charge ("private bytes"): 498M, peak: 498M

vm_info: Java HotSpot(TM) 64-Bit Server VM (17.0.12+8-LTS-286) for windows-amd64 JRE (17.0.12+8-LTS-286), built on Jun  5 2024 06:46:59 by "mach5one" with MS VC++ 17.6 (VS2022)

END.
