#
# There is insufficient memory for the Java Runtime Environment to continue.
# Native memory allocation (mmap) failed to map 65536 bytes for Failed to commit metaspace.
# Possible reasons:
#   The system is out of physical RAM or swap space
#   The process is running with CompressedOops enabled, and the Java Heap may be blocking the growth of the native heap
# Possible solutions:
#   Reduce memory load on the system
#   Increase physical memory or swap space
#   Check if swap backing store is full
#   Decrease Java heap size (-Xmx/-Xms)
#   Decrease number of Java threads
#   Decrease Java thread stack sizes (-Xss)
#   Set larger code cache with -XX:ReservedCodeCacheSize=
#   JVM is running with Zero Based Compressed Oops mode in which the Java heap is
#     placed in the first 32GB address space. The Java Heap base address is the
#     maximum limit for the native heap growth. Please use -XX:HeapBaseMinAddress
#     to set the Java Heap base and to place the Java Heap above 32GB virtual address.
# This output file may be truncated or incomplete.
#
#  Out of Memory Error (virtualSpaceNode.cpp:110), pid=21828, tid=2160
#
# JRE version: Java(TM) SE Runtime Environment (17.0.12+8) (build 17.0.12+8-LTS-286)
# Java VM: Java HotSpot(TM) 64-Bit Server VM (17.0.12+8-LTS-286, mixed mode, emulated-client, sharing, tiered, compressed oops, compressed class ptrs, g1 gc, windows-amd64)
# No core dump will be written. Minidumps are not enabled by default on client versions of Windows
#

---------------  S U M M A R Y ------------

Command Line: -XX:TieredStopAtLevel=1 -Dspring.output.ansi.enabled=always -Dcom.sun.management.jmxremote -Dspring.jmx.enabled=true -Dspring.liveBeansView.mbeanDomain -Dspring.application.admin.enabled=true -Dmanagement.endpoints.jmx.exposure.include=* -javaagent:D:\intel\IntelliJ IDEA 2024.1\lib\idea_rt.jar=53199:D:\intel\IntelliJ IDEA 2024.1\bin -Dfile.encoding=UTF-8 com.example.gatewayservice.GatewayServiceApplication

Host: AMD Ryzen 5 5500U with Radeon Graphics         , 12 cores, 23G,  Windows 10 , 64 bit Build 19041 (10.0.19041.5915)
Time: Fri Aug 29 15:36:56 2025 SE Asia Standard Time elapsed time: 0.471870 seconds (0d 0h 0m 0s)

---------------  T H R E A D  ---------------

Current thread (0x00000231955f7c70):  JavaThread "main" [_thread_in_vm, id=2160, stack(0x000000e40e200000,0x000000e40e300000)]

Stack: [0x000000e40e200000,0x000000e40e300000]
Native frames: (J=compiled Java code, j=interpreted, Vv=VM code, C=native code)
V  [jvm.dll+0x67a04a]
V  [jvm.dll+0x7da4ed]
V  [jvm.dll+0x7dbe33]
V  [jvm.dll+0x7dc4a3]
V  [jvm.dll+0x24508f]
V  [jvm.dll+0x7d60bb]
V  [jvm.dll+0x6206c6]
V  [jvm.dll+0x62072a]
V  [jvm.dll+0x622f4d]
V  [jvm.dll+0x621086]
V  [jvm.dll+0x23936f]
V  [jvm.dll+0x62af35]
V  [jvm.dll+0x1e84b2]
V  [jvm.dll+0x1e89d5]
V  [jvm.dll+0x1e931b]
V  [jvm.dll+0x1dea41]
V  [jvm.dll+0x53f78c]
V  [jvm.dll+0x1ef3ca]
V  [jvm.dll+0x7547ad]
V  [jvm.dll+0x755bc6]
V  [jvm.dll+0x755ef8]
V  [jvm.dll+0x23d13b]
V  [jvm.dll+0x23d38f]
V  [jvm.dll+0x55dc68]
V  [jvm.dll+0x560b4e]
V  [jvm.dll+0x380f73]
V  [jvm.dll+0x3805df]
C  0x000002319ceb902a

Java frames: (J=compiled Java code, j=interpreted, Vv=VM code)
j  jdk.internal.misc.VM$BufferPoolsHolder.<clinit>()V+23 java.base@17.0.12
v  ~StubRoutines::call_stub
j  jdk.internal.misc.VM.getBufferPools()Ljava/util/List;+0 java.base@17.0.12
j  sun.management.ManagementFactoryHelper.getBufferPoolMXBeans()Ljava/util/List;+17 java.management@17.0.12
j  java.lang.management.DefaultPlatformMBeanProvider$10.nameToMBeanMap()Ljava/util/Map;+0 java.management@17.0.12
j  java.lang.management.ManagementFactory.lambda$getPlatformMBeanServer$0(Lsun/management/spi/PlatformMBeanProvider$PlatformComponent;)Ljava/util/stream/Stream;+1 java.management@17.0.12
j  java.lang.management.ManagementFactory$$Lambda$19+0x00000231b2062890.apply(Ljava/lang/Object;)Ljava/lang/Object;+4 java.management@17.0.12
j  java.util.stream.ReferencePipeline$7$1.accept(Ljava/lang/Object;)V+8 java.base@17.0.12
j  java.util.stream.ReferencePipeline$2$1.accept(Ljava/lang/Object;)V+21 java.base@17.0.12
j  java.util.HashMap$ValueSpliterator.forEachRemaining(Ljava/util/function/Consumer;)V+145 java.base@17.0.12
j  java.util.stream.AbstractPipeline.copyInto(Ljava/util/stream/Sink;Ljava/util/Spliterator;)V+32 java.base@17.0.12
j  java.util.stream.AbstractPipeline.wrapAndCopyInto(Ljava/util/stream/Sink;Ljava/util/Spliterator;)Ljava/util/stream/Sink;+13 java.base@17.0.12
j  java.util.stream.ForEachOps$ForEachOp.evaluateSequential(Ljava/util/stream/PipelineHelper;Ljava/util/Spliterator;)Ljava/lang/Void;+3 java.base@17.0.12
j  java.util.stream.ForEachOps$ForEachOp$OfRef.evaluateSequential(Ljava/util/stream/PipelineHelper;Ljava/util/Spliterator;)Ljava/lang/Object;+3 java.base@17.0.12
j  java.util.stream.AbstractPipeline.evaluate(Ljava/util/stream/TerminalOp;)Ljava/lang/Object;+88 java.base@17.0.12
j  java.util.stream.ReferencePipeline.forEach(Ljava/util/function/Consumer;)V+6 java.base@17.0.12
j  java.lang.management.ManagementFactory.getPlatformMBeanServer()Ljavax/management/MBeanServer;+68 java.management@17.0.12
j  sun.management.jmxremote.ConnectorBootstrap.startLocalConnectorServer()Ljavax/management/remote/JMXConnectorServer;+88 jdk.management.agent@17.0.12
j  jdk.internal.agent.Agent.startLocalManagementAgent()V+13 jdk.management.agent@17.0.12
j  jdk.internal.agent.Agent.startAgent(Ljava/util/Properties;)V+58 jdk.management.agent@17.0.12
j  jdk.internal.agent.Agent.startAgent()V+20 jdk.management.agent@17.0.12
v  ~StubRoutines::call_stub

---------------  P R O C E S S  ---------------

Threads class SMR info:
_java_thread_list=0x00000231f673a4c0, length=14, elements={
0x00000231955f7c70, 0x00000231b0aaeb50, 0x00000231b0aaf8e0, 0x00000231b0ac25a0,
0x00000231b0ac6150, 0x00000231b0ac7a30, 0x00000231b0ac8300, 0x00000231f6010e90,
0x00000231f60317b0, 0x00000231b0a9aa70, 0x00000231b0a9af50, 0x00000231b0a9b470,
0x00000231f673a880, 0x00000231f673ad60
}

Java Threads: ( => current thread )
=>0x00000231955f7c70 JavaThread "main" [_thread_in_vm, id=2160, stack(0x000000e40e200000,0x000000e40e300000)]
  0x00000231b0aaeb50 JavaThread "Reference Handler" daemon [_thread_blocked, id=20680, stack(0x000000e40e900000,0x000000e40ea00000)]
  0x00000231b0aaf8e0 JavaThread "Finalizer" daemon [_thread_blocked, id=24504, stack(0x000000e40ea00000,0x000000e40eb00000)]
  0x00000231b0ac25a0 JavaThread "Signal Dispatcher" daemon [_thread_blocked, id=1232, stack(0x000000e40eb00000,0x000000e40ec00000)]
  0x00000231b0ac6150 JavaThread "Attach Listener" daemon [_thread_blocked, id=14904, stack(0x000000e40ec00000,0x000000e40ed00000)]
  0x00000231b0ac7a30 JavaThread "Service Thread" daemon [_thread_blocked, id=21008, stack(0x000000e40ed00000,0x000000e40ee00000)]
  0x00000231b0ac8300 JavaThread "Monitor Deflation Thread" daemon [_thread_blocked, id=18220, stack(0x000000e40ee00000,0x000000e40ef00000)]
  0x00000231f6010e90 JavaThread "C1 CompilerThread0" daemon [_thread_blocked, id=15912, stack(0x000000e40ef00000,0x000000e40f000000)]
  0x00000231f60317b0 JavaThread "Sweeper thread" daemon [_thread_blocked, id=16040, stack(0x000000e40f000000,0x000000e40f100000)]
  0x00000231b0a9aa70 JavaThread "Common-Cleaner" daemon [_thread_blocked, id=16788, stack(0x000000e40f100000,0x000000e40f200000)]
  0x00000231b0a9af50 JavaThread "C1 CompilerThread1" daemon [_thread_blocked, id=23788, stack(0x000000e40f200000,0x000000e40f300000)]
  0x00000231b0a9b470 JavaThread "C1 CompilerThread2" daemon [_thread_blocked, id=1960, stack(0x000000e40f300000,0x000000e40f400000)]
  0x00000231f673a880 JavaThread "Monitor Ctrl-Break" daemon [_thread_in_native, id=9660, stack(0x000000e40f400000,0x000000e40f500000)]
  0x00000231f673ad60 JavaThread "Notification Thread" daemon [_thread_blocked, id=16776, stack(0x000000e40f500000,0x000000e40f600000)]

Other Threads:
  0x00000231b0aab810 VMThread "VM Thread" [stack: 0x000000e40e800000,0x000000e40e900000] [id=21476]
  0x000002319567f0a0 GCTaskThread "GC Thread#0" [stack: 0x000000e40e300000,0x000000e40e400000] [id=11740]
  0x000002319568ca10 ConcurrentGCThread "G1 Main Marker" [stack: 0x000000e40e400000,0x000000e40e500000] [id=20116]
  0x000002319568d330 ConcurrentGCThread "G1 Conc#0" [stack: 0x000000e40e500000,0x000000e40e600000] [id=14916]
  0x00000231b0968810 ConcurrentGCThread "G1 Refine#0" [stack: 0x000000e40e600000,0x000000e40e700000] [id=1868]
  0x00000231b0969150 ConcurrentGCThread "G1 Service" [stack: 0x000000e40e700000,0x000000e40e800000] [id=15656]

Threads with active compile tasks:

VM state: not at safepoint (normal execution)

VM Mutex/Monitor currently owned by a thread:  ([mutex/lock_event])
[0x00000231955f2970] Metaspace_lock - owner thread: 0x00000231955f7c70

Heap address: 0x000000068a000000, size: 5984 MB, Compressed Oops mode: Zero based, Oop shift amount: 3

CDS archive(s) mapped at: [0x00000231b1000000-0x00000231b1bd0000-0x00000231b1bd0000), size 12386304, SharedBaseAddress: 0x00000231b1000000, ArchiveRelocationMode: 1.
Compressed class space mapped at: 0x00000231b2000000-0x00000231f2000000, reserved size: 1073741824
Narrow klass base: 0x00000231b1000000, Narrow klass shift: 0, Narrow klass range: 0x100000000

GC Precious Log:
 CPUs: 12 total, 12 available
 Memory: 23925M
 Large Page Support: Disabled
 NUMA Support: Disabled
 Compressed Oops: Enabled (Zero based)
 Heap Region Size: 4M
 Heap Min Capacity: 8M
 Heap Initial Capacity: 376M
 Heap Max Capacity: 5984M
 Pre-touch: Disabled
 Parallel Workers: 10
 Concurrent Workers: 3
 Concurrent Refinement Workers: 10
 Periodic GC: Disabled

Heap:
 garbage-first heap   total 385024K, used 8192K [0x000000068a000000, 0x0000000800000000)
  region size 4096K, 4 young (16384K), 0 survivors (0K)
 Metaspace       used 2674K, committed 2816K, reserved 1114112K
  class space    used 313K, committed 384K, reserved 1048576K

Heap Regions: E=young(eden), S=young(survivor), O=old, HS=humongous(starts), HC=humongous(continues), CS=collection set, F=free, OA=open archive, CA=closed archive, TAMS=top-at-mark-start (previous, next)
|   0|0x000000068a000000, 0x000000068a000000, 0x000000068a400000|  0%| F|  |TAMS 0x000000068a000000, 0x000000068a000000| Untracked 
|   1|0x000000068a400000, 0x000000068a400000, 0x000000068a800000|  0%| F|  |TAMS 0x000000068a400000, 0x000000068a400000| Untracked 
|   2|0x000000068a800000, 0x000000068a800000, 0x000000068ac00000|  0%| F|  |TAMS 0x000000068a800000, 0x000000068a800000| Untracked 
|   3|0x000000068ac00000, 0x000000068ac00000, 0x000000068b000000|  0%| F|  |TAMS 0x000000068ac00000, 0x000000068ac00000| Untracked 
|   4|0x000000068b000000, 0x000000068b000000, 0x000000068b400000|  0%| F|  |TAMS 0x000000068b000000, 0x000000068b000000| Untracked 
|   5|0x000000068b400000, 0x000000068b400000, 0x000000068b800000|  0%| F|  |TAMS 0x000000068b400000, 0x000000068b400000| Untracked 
|   6|0x000000068b800000, 0x000000068b800000, 0x000000068bc00000|  0%| F|  |TAMS 0x000000068b800000, 0x000000068b800000| Untracked 
|   7|0x000000068bc00000, 0x000000068bc00000, 0x000000068c000000|  0%| F|  |TAMS 0x000000068bc00000, 0x000000068bc00000| Untracked 
|   8|0x000000068c000000, 0x000000068c000000, 0x000000068c400000|  0%| F|  |TAMS 0x000000068c000000, 0x000000068c000000| Untracked 
|   9|0x000000068c400000, 0x000000068c400000, 0x000000068c800000|  0%| F|  |TAMS 0x000000068c400000, 0x000000068c400000| Untracked 
|  10|0x000000068c800000, 0x000000068c800000, 0x000000068cc00000|  0%| F|  |TAMS 0x000000068c800000, 0x000000068c800000| Untracked 
|  11|0x000000068cc00000, 0x000000068cc00000, 0x000000068d000000|  0%| F|  |TAMS 0x000000068cc00000, 0x000000068cc00000| Untracked 
|  12|0x000000068d000000, 0x000000068d000000, 0x000000068d400000|  0%| F|  |TAMS 0x000000068d000000, 0x000000068d000000| Untracked 
|  13|0x000000068d400000, 0x000000068d400000, 0x000000068d800000|  0%| F|  |TAMS 0x000000068d400000, 0x000000068d400000| Untracked 
|  14|0x000000068d800000, 0x000000068d800000, 0x000000068dc00000|  0%| F|  |TAMS 0x000000068d800000, 0x000000068d800000| Untracked 
|  15|0x000000068dc00000, 0x000000068dc00000, 0x000000068e000000|  0%| F|  |TAMS 0x000000068dc00000, 0x000000068dc00000| Untracked 
|  16|0x000000068e000000, 0x000000068e000000, 0x000000068e400000|  0%| F|  |TAMS 0x000000068e000000, 0x000000068e000000| Untracked 
|  17|0x000000068e400000, 0x000000068e400000, 0x000000068e800000|  0%| F|  |TAMS 0x000000068e400000, 0x000000068e400000| Untracked 
|  18|0x000000068e800000, 0x000000068e800000, 0x000000068ec00000|  0%| F|  |TAMS 0x000000068e800000, 0x000000068e800000| Untracked 
|  19|0x000000068ec00000, 0x000000068ec00000, 0x000000068f000000|  0%| F|  |TAMS 0x000000068ec00000, 0x000000068ec00000| Untracked 
|  20|0x000000068f000000, 0x000000068f000000, 0x000000068f400000|  0%| F|  |TAMS 0x000000068f000000, 0x000000068f000000| Untracked 
|  21|0x000000068f400000, 0x000000068f400000, 0x000000068f800000|  0%| F|  |TAMS 0x000000068f400000, 0x000000068f400000| Untracked 
|  22|0x000000068f800000, 0x000000068f800000, 0x000000068fc00000|  0%| F|  |TAMS 0x000000068f800000, 0x000000068f800000| Untracked 
|  23|0x000000068fc00000, 0x000000068fc00000, 0x0000000690000000|  0%| F|  |TAMS 0x000000068fc00000, 0x000000068fc00000| Untracked 
|  24|0x0000000690000000, 0x0000000690000000, 0x0000000690400000|  0%| F|  |TAMS 0x0000000690000000, 0x0000000690000000| Untracked 
|  25|0x0000000690400000, 0x0000000690400000, 0x0000000690800000|  0%| F|  |TAMS 0x0000000690400000, 0x0000000690400000| Untracked 
|  26|0x0000000690800000, 0x0000000690800000, 0x0000000690c00000|  0%| F|  |TAMS 0x0000000690800000, 0x0000000690800000| Untracked 
|  27|0x0000000690c00000, 0x0000000690c00000, 0x0000000691000000|  0%| F|  |TAMS 0x0000000690c00000, 0x0000000690c00000| Untracked 
|  28|0x0000000691000000, 0x0000000691000000, 0x0000000691400000|  0%| F|  |TAMS 0x0000000691000000, 0x0000000691000000| Untracked 
|  29|0x0000000691400000, 0x0000000691400000, 0x0000000691800000|  0%| F|  |TAMS 0x0000000691400000, 0x0000000691400000| Untracked 
|  30|0x0000000691800000, 0x0000000691800000, 0x0000000691c00000|  0%| F|  |TAMS 0x0000000691800000, 0x0000000691800000| Untracked 
|  31|0x0000000691c00000, 0x0000000691c00000, 0x0000000692000000|  0%| F|  |TAMS 0x0000000691c00000, 0x0000000691c00000| Untracked 
|  32|0x0000000692000000, 0x0000000692000000, 0x0000000692400000|  0%| F|  |TAMS 0x0000000692000000, 0x0000000692000000| Untracked 
|  33|0x0000000692400000, 0x0000000692400000, 0x0000000692800000|  0%| F|  |TAMS 0x0000000692400000, 0x0000000692400000| Untracked 
|  34|0x0000000692800000, 0x0000000692800000, 0x0000000692c00000|  0%| F|  |TAMS 0x0000000692800000, 0x0000000692800000| Untracked 
|  35|0x0000000692c00000, 0x0000000692c00000, 0x0000000693000000|  0%| F|  |TAMS 0x0000000692c00000, 0x0000000692c00000| Untracked 
|  36|0x0000000693000000, 0x0000000693000000, 0x0000000693400000|  0%| F|  |TAMS 0x0000000693000000, 0x0000000693000000| Untracked 
|  37|0x0000000693400000, 0x0000000693400000, 0x0000000693800000|  0%| F|  |TAMS 0x0000000693400000, 0x0000000693400000| Untracked 
|  38|0x0000000693800000, 0x0000000693800000, 0x0000000693c00000|  0%| F|  |TAMS 0x0000000693800000, 0x0000000693800000| Untracked 
|  39|0x0000000693c00000, 0x0000000693c00000, 0x0000000694000000|  0%| F|  |TAMS 0x0000000693c00000, 0x0000000693c00000| Untracked 
|  40|0x0000000694000000, 0x0000000694000000, 0x0000000694400000|  0%| F|  |TAMS 0x0000000694000000, 0x0000000694000000| Untracked 
|  41|0x0000000694400000, 0x0000000694400000, 0x0000000694800000|  0%| F|  |TAMS 0x0000000694400000, 0x0000000694400000| Untracked 
|  42|0x0000000694800000, 0x0000000694800000, 0x0000000694c00000|  0%| F|  |TAMS 0x0000000694800000, 0x0000000694800000| Untracked 
|  43|0x0000000694c00000, 0x0000000694c00000, 0x0000000695000000|  0%| F|  |TAMS 0x0000000694c00000, 0x0000000694c00000| Untracked 
|  44|0x0000000695000000, 0x0000000695000000, 0x0000000695400000|  0%| F|  |TAMS 0x0000000695000000, 0x0000000695000000| Untracked 
|  45|0x0000000695400000, 0x0000000695400000, 0x0000000695800000|  0%| F|  |TAMS 0x0000000695400000, 0x0000000695400000| Untracked 
|  46|0x0000000695800000, 0x0000000695800000, 0x0000000695c00000|  0%| F|  |TAMS 0x0000000695800000, 0x0000000695800000| Untracked 
|  47|0x0000000695c00000, 0x0000000695c00000, 0x0000000696000000|  0%| F|  |TAMS 0x0000000695c00000, 0x0000000695c00000| Untracked 
|  48|0x0000000696000000, 0x0000000696000000, 0x0000000696400000|  0%| F|  |TAMS 0x0000000696000000, 0x0000000696000000| Untracked 
|  49|0x0000000696400000, 0x0000000696400000, 0x0000000696800000|  0%| F|  |TAMS 0x0000000696400000, 0x0000000696400000| Untracked 
|  50|0x0000000696800000, 0x0000000696800000, 0x0000000696c00000|  0%| F|  |TAMS 0x0000000696800000, 0x0000000696800000| Untracked 
|  51|0x0000000696c00000, 0x0000000696c00000, 0x0000000697000000|  0%| F|  |TAMS 0x0000000696c00000, 0x0000000696c00000| Untracked 
|  52|0x0000000697000000, 0x0000000697000000, 0x0000000697400000|  0%| F|  |TAMS 0x0000000697000000, 0x0000000697000000| Untracked 
|  53|0x0000000697400000, 0x0000000697400000, 0x0000000697800000|  0%| F|  |TAMS 0x0000000697400000, 0x0000000697400000| Untracked 
|  54|0x0000000697800000, 0x0000000697800000, 0x0000000697c00000|  0%| F|  |TAMS 0x0000000697800000, 0x0000000697800000| Untracked 
|  55|0x0000000697c00000, 0x0000000697c00000, 0x0000000698000000|  0%| F|  |TAMS 0x0000000697c00000, 0x0000000697c00000| Untracked 
|  56|0x0000000698000000, 0x0000000698000000, 0x0000000698400000|  0%| F|  |TAMS 0x0000000698000000, 0x0000000698000000| Untracked 
|  57|0x0000000698400000, 0x0000000698400000, 0x0000000698800000|  0%| F|  |TAMS 0x0000000698400000, 0x0000000698400000| Untracked 
|  58|0x0000000698800000, 0x0000000698800000, 0x0000000698c00000|  0%| F|  |TAMS 0x0000000698800000, 0x0000000698800000| Untracked 
|  59|0x0000000698c00000, 0x0000000698c00000, 0x0000000699000000|  0%| F|  |TAMS 0x0000000698c00000, 0x0000000698c00000| Untracked 
|  60|0x0000000699000000, 0x0000000699000000, 0x0000000699400000|  0%| F|  |TAMS 0x0000000699000000, 0x0000000699000000| Untracked 
|  61|0x0000000699400000, 0x0000000699400000, 0x0000000699800000|  0%| F|  |TAMS 0x0000000699400000, 0x0000000699400000| Untracked 
|  62|0x0000000699800000, 0x0000000699800000, 0x0000000699c00000|  0%| F|  |TAMS 0x0000000699800000, 0x0000000699800000| Untracked 
|  63|0x0000000699c00000, 0x0000000699c00000, 0x000000069a000000|  0%| F|  |TAMS 0x0000000699c00000, 0x0000000699c00000| Untracked 
|  64|0x000000069a000000, 0x000000069a000000, 0x000000069a400000|  0%| F|  |TAMS 0x000000069a000000, 0x000000069a000000| Untracked 
|  65|0x000000069a400000, 0x000000069a400000, 0x000000069a800000|  0%| F|  |TAMS 0x000000069a400000, 0x000000069a400000| Untracked 
|  66|0x000000069a800000, 0x000000069a800000, 0x000000069ac00000|  0%| F|  |TAMS 0x000000069a800000, 0x000000069a800000| Untracked 
|  67|0x000000069ac00000, 0x000000069ac00000, 0x000000069b000000|  0%| F|  |TAMS 0x000000069ac00000, 0x000000069ac00000| Untracked 
|  68|0x000000069b000000, 0x000000069b000000, 0x000000069b400000|  0%| F|  |TAMS 0x000000069b000000, 0x000000069b000000| Untracked 
|  69|0x000000069b400000, 0x000000069b400000, 0x000000069b800000|  0%| F|  |TAMS 0x000000069b400000, 0x000000069b400000| Untracked 
|  70|0x000000069b800000, 0x000000069b800000, 0x000000069bc00000|  0%| F|  |TAMS 0x000000069b800000, 0x000000069b800000| Untracked 
|  71|0x000000069bc00000, 0x000000069bc00000, 0x000000069c000000|  0%| F|  |TAMS 0x000000069bc00000, 0x000000069bc00000| Untracked 
|  72|0x000000069c000000, 0x000000069c000000, 0x000000069c400000|  0%| F|  |TAMS 0x000000069c000000, 0x000000069c000000| Untracked 
|  73|0x000000069c400000, 0x000000069c400000, 0x000000069c800000|  0%| F|  |TAMS 0x000000069c400000, 0x000000069c400000| Untracked 
|  74|0x000000069c800000, 0x000000069c800000, 0x000000069cc00000|  0%| F|  |TAMS 0x000000069c800000, 0x000000069c800000| Untracked 
|  75|0x000000069cc00000, 0x000000069cc00000, 0x000000069d000000|  0%| F|  |TAMS 0x000000069cc00000, 0x000000069cc00000| Untracked 
|  76|0x000000069d000000, 0x000000069d000000, 0x000000069d400000|  0%| F|  |TAMS 0x000000069d000000, 0x000000069d000000| Untracked 
|  77|0x000000069d400000, 0x000000069d400000, 0x000000069d800000|  0%| F|  |TAMS 0x000000069d400000, 0x000000069d400000| Untracked 
|  78|0x000000069d800000, 0x000000069d800000, 0x000000069dc00000|  0%| F|  |TAMS 0x000000069d800000, 0x000000069d800000| Untracked 
|  79|0x000000069dc00000, 0x000000069dc00000, 0x000000069e000000|  0%| F|  |TAMS 0x000000069dc00000, 0x000000069dc00000| Untracked 
|  80|0x000000069e000000, 0x000000069e000000, 0x000000069e400000|  0%| F|  |TAMS 0x000000069e000000, 0x000000069e000000| Untracked 
|  81|0x000000069e400000, 0x000000069e400000, 0x000000069e800000|  0%| F|  |TAMS 0x000000069e400000, 0x000000069e400000| Untracked 
|  82|0x000000069e800000, 0x000000069e800000, 0x000000069ec00000|  0%| F|  |TAMS 0x000000069e800000, 0x000000069e800000| Untracked 
|  83|0x000000069ec00000, 0x000000069ec00000, 0x000000069f000000|  0%| F|  |TAMS 0x000000069ec00000, 0x000000069ec00000| Untracked 
|  84|0x000000069f000000, 0x000000069f000000, 0x000000069f400000|  0%| F|  |TAMS 0x000000069f000000, 0x000000069f000000| Untracked 
|  85|0x000000069f400000, 0x000000069f400000, 0x000000069f800000|  0%| F|  |TAMS 0x000000069f400000, 0x000000069f400000| Untracked 
|  86|0x000000069f800000, 0x000000069f800000, 0x000000069fc00000|  0%| F|  |TAMS 0x000000069f800000, 0x000000069f800000| Untracked 
|  87|0x000000069fc00000, 0x000000069fc00000, 0x00000006a0000000|  0%| F|  |TAMS 0x000000069fc00000, 0x000000069fc00000| Untracked 
|  88|0x00000006a0000000, 0x00000006a0000000, 0x00000006a0400000|  0%| F|  |TAMS 0x00000006a0000000, 0x00000006a0000000| Untracked 
|  89|0x00000006a0400000, 0x00000006a0400000, 0x00000006a0800000|  0%| F|  |TAMS 0x00000006a0400000, 0x00000006a0400000| Untracked 
|  90|0x00000006a0800000, 0x00000006a0a67340, 0x00000006a0c00000| 60%| E|  |TAMS 0x00000006a0800000, 0x00000006a0800000| Complete 
|  91|0x00000006a0c00000, 0x00000006a1000000, 0x00000006a1000000|100%| E|CS|TAMS 0x00000006a0c00000, 0x00000006a0c00000| Complete 
|  92|0x00000006a1000000, 0x00000006a1400000, 0x00000006a1400000|100%| E|  |TAMS 0x00000006a1000000, 0x00000006a1000000| Complete 
|  93|0x00000006a1400000, 0x00000006a1800000, 0x00000006a1800000|100%| E|CS|TAMS 0x00000006a1400000, 0x00000006a1400000| Complete 

Card table byte_map: [0x00000231a0d80000,0x00000231a1930000] _byte_map_base: 0x000002319d930000

Marking Bits (Prev, Next): (CMBitMap*) 0x00000231956805e0, (CMBitMap*) 0x0000023195680620
 Prev Bits: [0x00000231a24e0000, 0x00000231a8260000)
 Next Bits: [0x00000231a8260000, 0x00000231adfe0000)

Polling page: 0x0000023193560000

Metaspace:

Usage:
  Non-class:      2.30 MB used.
      Class:    313.96 KB used.
       Both:      2.61 MB used.

Virtual space:
  Non-class space:       64.00 MB reserved,       2.38 MB (  4%) committed,  1 nodes.
      Class space:        1.00 GB reserved,     384.00 KB ( <1%) committed,  1 nodes.
             Both:        1.06 GB reserved,       2.75 MB ( <1%) committed. 

Chunk freelists:
   Non-Class:  11.93 MB
       Class:  15.59 MB
        Both:  27.52 MB

MaxMetaspaceSize: unlimited
CompressedClassSpaceSize: 1.00 GB
Initial GC threshold: 21.00 MB
Current GC threshold: 21.00 MB
CDS: on
MetaspaceReclaimPolicy: balanced
 - commit_granule_bytes: 65536.
 - commit_granule_words: 8192.
 - virtual_space_node_default_size: 8388608.
 - enlarge_chunks_in_place: 1.
 - new_chunks_are_fully_committed: 0.
 - uncommit_free_chunks: 1.
 - use_allocation_guard: 0.
 - handle_deallocations: 1.


Internal statistics:

num_allocs_failed_limit: 0.
num_arena_births: 62.
num_arena_deaths: 0.
num_vsnodes_births: 2.
num_vsnodes_deaths: 0.
num_space_committed: 44.
num_space_uncommitted: 0.
num_chunks_returned_to_freelist: 0.
num_chunks_taken_from_freelist: 67.
num_chunk_merges: 0.
num_chunk_splits: 48.
num_chunks_enlarged: 29.
num_inconsistent_stats: 0.

CodeCache: size=49152Kb used=3223Kb max_used=3223Kb free=45928Kb
 bounds [0x000002319cea0000, 0x000002319d1d0000, 0x000002319fea0000]
 total_blobs=1169 nmethods=747 adapters=348
 compilation: enabled
              stopped_count=0, restarted_count=0
 full_count=0

Compilation events (20 events):
Event: 0.466 Thread 0x00000231b0a9b470  739       1       java.util.TreeSet::add (22 bytes)
Event: 0.466 Thread 0x00000231b0a9af50 nmethod 738 0x000002319d1c2110 code [0x000002319d1c22a0, 0x000002319d1c2358]
Event: 0.466 Thread 0x00000231f6010e90 nmethod 737 0x000002319d1c2410 code [0x000002319d1c25a0, 0x000002319d1c2678]
Event: 0.466 Thread 0x00000231b0a9b470 nmethod 739 0x000002319d1c2710 code [0x000002319d1c28a0, 0x000002319d1c29a8]
Event: 0.466 Thread 0x00000231b0a9b470  740       1       com.sun.management.internal.DiagnosticCommandInfo::getArgumentsInfo (5 bytes)
Event: 0.466 Thread 0x00000231b0a9b470 nmethod 740 0x000002319d1c2a10 code [0x000002319d1c2ba0, 0x000002319d1c2c78]
Event: 0.467 Thread 0x00000231b0a9b470  741       1       java.util.TreeMap::rotateRight (96 bytes)
Event: 0.467 Thread 0x00000231b0a9b470 nmethod 741 0x000002319d1c2d10 code [0x000002319d1c2ec0, 0x000002319d1c3318]
Event: 0.468 Thread 0x00000231f6010e90  742       1       java.lang.reflect.Method::getModifiers (5 bytes)
Event: 0.468 Thread 0x00000231b0a9b470  743       1       java.lang.String::substring (10 bytes)
Event: 0.468 Thread 0x00000231f6010e90 nmethod 742 0x000002319d1c3710 code [0x000002319d1c38a0, 0x000002319d1c3978]
Event: 0.468 Thread 0x00000231b0a9b470 nmethod 743 0x000002319d1c3a10 code [0x000002319d1c3ba0, 0x000002319d1c3ca8]
Event: 0.469 Thread 0x00000231b0a9b470  744       1       java.util.IdentityHashMap::containsKey (55 bytes)
Event: 0.470 Thread 0x00000231b0a9b470 nmethod 744 0x000002319d1c3d90 code [0x000002319d1c3f40, 0x000002319d1c4108]
Event: 0.470 Thread 0x00000231b0a9b470  745  s!   1       com.sun.jmx.mbeanserver.DefaultMXBeanMappingFactory::mappingForType (110 bytes)
Event: 0.470 Thread 0x00000231f6010e90  746  s    1       com.sun.jmx.mbeanserver.DefaultMXBeanMappingFactory::getMapping (27 bytes)
Event: 0.470 Thread 0x00000231f6010e90 nmethod 746 0x000002319d1c4210 code [0x000002319d1c43c0, 0x000002319d1c4608]
Event: 0.470 Thread 0x00000231b0a9af50  747       1       java.lang.reflect.Method::getAnnotationBytes (5 bytes)
Event: 0.470 Thread 0x00000231b0a9b470 nmethod 745 0x000002319d1c4710 code [0x000002319d1c49c0, 0x000002319d1c5388]
Event: 0.470 Thread 0x00000231b0a9af50 nmethod 747 0x000002319d1c5a10 code [0x000002319d1c5ba0, 0x000002319d1c5c78]

GC Heap History (0 events):
No events

Deoptimization events (0 events):
No events

Classes unloaded (0 events):
No events

Classes redefined (0 events):
No events

Internal exceptions (5 events):
Event: 0.321 Thread 0x00000231f673a880 Exception <a 'java/lang/NoSuchMethodError'{0x00000006a0ffc418}: 'java.lang.Object java.lang.invoke.DirectMethodHandle$Holder.invokeStaticInit(java.lang.Object)'> (0x00000006a0ffc418) 
thrown [s\open\src\hotspot\share\interpreter\linkResolver.cpp, line 759]
Event: 0.330 Thread 0x00000231f673a880 Exception <a 'java/lang/NoSuchMethodError'{0x00000006a080a0b0}: 'void java.lang.invoke.DirectMethodHandle$Holder.invokeStatic(java.lang.Object, java.lang.Object)'> (0x00000006a080a0b0) 
thrown [s\open\src\hotspot\share\interpreter\linkResolver.cpp, line 759]
Event: 0.363 Thread 0x00000231955f7c70 Exception <a 'java/lang/NoSuchMethodError'{0x00000006a0fe7760}: 'int java.lang.invoke.DirectMethodHandle$Holder.invokeInterface(java.lang.Object, java.lang.Object)'> (0x00000006a0fe7760) 
thrown [s\open\src\hotspot\share\interpreter\linkResolver.cpp, line 759]
Event: 0.363 Thread 0x00000231955f7c70 Exception <a 'java/lang/IncompatibleClassChangeError'{0x00000006a0fead60}: Found class java.lang.Object, but interface was expected> (0x00000006a0fead60) 
thrown [s\open\src\hotspot\share\interpreter\linkResolver.cpp, line 826]
Event: 0.424 Thread 0x00000231955f7c70 Exception <a 'java/lang/NoSuchMethodError'{0x00000006a0925748}: 'int java.lang.invoke.DirectMethodHandle$Holder.invokeSpecial(java.lang.Object, java.lang.Object, java.lang.Object)'> (0x00000006a0925748) 
thrown [s\open\src\hotspot\share\interpreter\linkResolver.cpp, line 759]

VM Operations (8 events):
Event: 0.168 Executing VM operation: HandshakeAllThreads
Event: 0.168 Executing VM operation: HandshakeAllThreads done
Event: 0.320 Executing VM operation: HandshakeAllThreads
Event: 0.320 Executing VM operation: HandshakeAllThreads done
Event: 0.369 Executing VM operation: HandshakeAllThreads
Event: 0.369 Executing VM operation: HandshakeAllThreads done
Event: 0.370 Executing VM operation: HandshakeAllThreads
Event: 0.370 Executing VM operation: HandshakeAllThreads done

Events (20 events):
Event: 0.465 loading class jdk/internal/reflect/ClassDefiner$1 done
Event: 0.466 loading class jdk/internal/reflect/BootstrapConstructorAccessorImpl
Event: 0.466 loading class jdk/internal/reflect/BootstrapConstructorAccessorImpl done
Event: 0.467 loading class java/util/PropertyPermission
Event: 0.467 loading class java/util/PropertyPermission done
Event: 0.468 loading class com/sun/management/GcInfo
Event: 0.468 loading class javax/management/openmbean/CompositeDataView
Event: 0.468 loading class javax/management/openmbean/CompositeDataView done
Event: 0.468 loading class com/sun/management/GcInfo done
Event: 0.469 loading class com/sun/management/internal/HotSpotDiagnostic
Event: 0.469 loading class com/sun/management/HotSpotDiagnosticMXBean
Event: 0.469 loading class com/sun/management/HotSpotDiagnosticMXBean done
Event: 0.469 loading class com/sun/management/internal/HotSpotDiagnostic done
Event: 0.469 loading class com/sun/management/VMOption
Event: 0.469 loading class com/sun/management/VMOption done
Event: 0.469 loading class com/sun/management/VMOption$Origin
Event: 0.469 loading class com/sun/management/VMOption$Origin done
Event: 0.470 loading class jdk/internal/misc/VM$BufferPoolsHolder
Event: 0.470 loading class jdk/internal/misc/VM$BufferPoolsHolder done
Event: 0.470 loading class sun/nio/ch/FileChannelImpl


Dynamic libraries:
0x00007ff6e0310000 - 0x00007ff6e0320000 	C:\Program Files\Java\jdk-17\bin\java.exe
0x00007ffa65ef0000 - 0x00007ffa660e8000 	C:\Windows\SYSTEM32\ntdll.dll
0x00007ffa65900000 - 0x00007ffa659c2000 	C:\Windows\System32\KERNEL32.DLL
0x00007ffa63810000 - 0x00007ffa63b07000 	C:\Windows\System32\KERNELBASE.dll
0x00007ffa636e0000 - 0x00007ffa637e0000 	C:\Windows\System32\ucrtbase.dll
0x00007ffa5c980000 - 0x00007ffa5c99b000 	C:\Program Files\Java\jdk-17\bin\VCRUNTIME140.dll
0x00007ffa5c480000 - 0x00007ffa5c499000 	C:\Program Files\Java\jdk-17\bin\jli.dll
0x00007ffa645d0000 - 0x00007ffa64681000 	C:\Windows\System32\ADVAPI32.dll
0x00007ffa65720000 - 0x00007ffa657be000 	C:\Windows\System32\msvcrt.dll
0x00007ffa64b40000 - 0x00007ffa64bdf000 	C:\Windows\System32\sechost.dll
0x00007ffa65ba0000 - 0x00007ffa65cc6000 	C:\Windows\System32\RPCRT4.dll
0x00007ffa63b10000 - 0x00007ffa63b37000 	C:\Windows\System32\bcrypt.dll
0x00007ffa64850000 - 0x00007ffa649ed000 	C:\Windows\System32\USER32.dll
0x00007ffa637e0000 - 0x00007ffa63802000 	C:\Windows\System32\win32u.dll
0x00007ffa4fea0000 - 0x00007ffa5013a000 	C:\Windows\WinSxS\amd64_microsoft.windows.common-controls_6595b64144ccf1df_6.0.19041.5915_none_60b4b9d171f9c7c7\COMCTL32.dll
0x00007ffa65e80000 - 0x00007ffa65eab000 	C:\Windows\System32\GDI32.dll
0x00007ffa63b40000 - 0x00007ffa63c59000 	C:\Windows\System32\gdi32full.dll
0x00007ffa63d40000 - 0x00007ffa63ddd000 	C:\Windows\System32\msvcp_win.dll
0x00007ffa57da0000 - 0x00007ffa57daa000 	C:\Windows\SYSTEM32\VERSION.dll
0x00007ffa65870000 - 0x00007ffa6589f000 	C:\Windows\System32\IMM32.DLL
0x00007ffa5c660000 - 0x00007ffa5c66c000 	C:\Program Files\Java\jdk-17\bin\vcruntime140_1.dll
0x00007ffa54920000 - 0x00007ffa549ae000 	C:\Program Files\Java\jdk-17\bin\msvcp140.dll
0x00007ff9d3a30000 - 0x00007ff9d4610000 	C:\Program Files\Java\jdk-17\bin\server\jvm.dll
0x00007ffa64040000 - 0x00007ffa64048000 	C:\Windows\System32\PSAPI.DLL
0x00007ffa45ec0000 - 0x00007ffa45ec9000 	C:\Windows\SYSTEM32\WSOCK32.dll
0x00007ffa57d70000 - 0x00007ffa57d97000 	C:\Windows\SYSTEM32\WINMM.dll
0x00007ffa64ad0000 - 0x00007ffa64b3b000 	C:\Windows\System32\WS2_32.dll
0x00007ffa613a0000 - 0x00007ffa613b2000 	C:\Windows\SYSTEM32\kernel.appcore.dll
0x00007ffa5c510000 - 0x00007ffa5c51a000 	C:\Program Files\Java\jdk-17\bin\jimage.dll
0x00007ffa55b70000 - 0x00007ffa55d71000 	C:\Windows\SYSTEM32\DBGHELP.DLL
0x00007ffa52080000 - 0x00007ffa520b4000 	C:\Windows\SYSTEM32\dbgcore.DLL
0x00007ffa63cb0000 - 0x00007ffa63d32000 	C:\Windows\System32\bcryptPrimitives.dll
0x00007ffa5c3f0000 - 0x00007ffa5c3fe000 	C:\Program Files\Java\jdk-17\bin\instrument.dll
0x00007ffa5bd20000 - 0x00007ffa5bd45000 	C:\Program Files\Java\jdk-17\bin\java.dll
0x00007ffa36f20000 - 0x00007ffa36ff7000 	C:\Program Files\Java\jdk-17\bin\jsvml.dll
0x00007ffa64fb0000 - 0x00007ffa6571e000 	C:\Windows\System32\SHELL32.dll
0x00007ffa615c0000 - 0x00007ffa61d64000 	C:\Windows\SYSTEM32\windows.storage.dll
0x00007ffa64c50000 - 0x00007ffa64fa3000 	C:\Windows\System32\combase.dll
0x00007ffa62f60000 - 0x00007ffa62f8b000 	C:\Windows\SYSTEM32\Wldp.dll
0x00007ffa63f10000 - 0x00007ffa63fdd000 	C:\Windows\System32\OLEAUT32.dll
0x00007ffa657c0000 - 0x00007ffa6586d000 	C:\Windows\System32\SHCORE.dll
0x00007ffa658a0000 - 0x00007ffa658fb000 	C:\Windows\System32\shlwapi.dll
0x00007ffa634b0000 - 0x00007ffa634d4000 	C:\Windows\SYSTEM32\profapi.dll
0x00007ffa5bc80000 - 0x00007ffa5bc98000 	C:\Program Files\Java\jdk-17\bin\zip.dll
0x00007ffa5c460000 - 0x00007ffa5c479000 	C:\Program Files\Java\jdk-17\bin\net.dll
0x00007ffa5fb80000 - 0x00007ffa5fc8a000 	C:\Windows\SYSTEM32\WINHTTP.dll
0x00007ffa62ca0000 - 0x00007ffa62d0a000 	C:\Windows\system32\mswsock.dll
0x00007ffa5bca0000 - 0x00007ffa5bcb6000 	C:\Program Files\Java\jdk-17\bin\nio.dll
0x00007ffa5b230000 - 0x00007ffa5b24a000 	D:\intel\IntelliJ IDEA 2024.1\bin\breakgen64.dll
0x00007ffa629c0000 - 0x00007ffa62a8a000 	C:\Windows\SYSTEM32\DNSAPI.dll
0x00007ffa62980000 - 0x00007ffa629bb000 	C:\Windows\SYSTEM32\IPHLPAPI.DLL
0x00007ffa64150000 - 0x00007ffa64158000 	C:\Windows\System32\NSI.dll
0x0000000058ca0000 - 0x0000000058cc6000 	C:\Program Files\Bonjour\mdnsNSP.dll
0x00007ffa5dec0000 - 0x00007ffa5deca000 	C:\Windows\System32\rasadhlp.dll
0x00007ffa5b530000 - 0x00007ffa5b5b0000 	C:\Windows\System32\fwpuclnt.dll
0x00007ffa5bc70000 - 0x00007ffa5bc7a000 	C:\Program Files\Java\jdk-17\bin\management.dll
0x00007ffa5b880000 - 0x00007ffa5b88b000 	C:\Program Files\Java\jdk-17\bin\management_ext.dll

dbghelp: loaded successfully - version: 4.0.5 - missing functions: none
symbol engine: initialized successfully - sym options: 0x614 - pdb path: .;C:\Program Files\Java\jdk-17\bin;C:\Windows\SYSTEM32;C:\Windows\WinSxS\amd64_microsoft.windows.common-controls_6595b64144ccf1df_6.0.19041.5915_none_60b4b9d171f9c7c7;C:\Program Files\Java\jdk-17\bin\server;D:\intel\IntelliJ IDEA 2024.1\bin;C:\Program Files\Bonjour

VM Arguments:
jvm_args: -XX:TieredStopAtLevel=1 -Dspring.output.ansi.enabled=always -Dcom.sun.management.jmxremote -Dspring.jmx.enabled=true -Dspring.liveBeansView.mbeanDomain -Dspring.application.admin.enabled=true -Dmanagement.endpoints.jmx.exposure.include=* -javaagent:D:\intel\IntelliJ IDEA 2024.1\lib\idea_rt.jar=53199:D:\intel\IntelliJ IDEA 2024.1\bin -Dfile.encoding=UTF-8 
java_command: com.example.gatewayservice.GatewayServiceApplication
java_class_path (initial): E:\microservice\gateway-service\target\classes;C:\Users\USER\.m2\repository\org\springframework\cloud\spring-cloud-starter-gateway\4.1.0\spring-cloud-starter-gateway-4.1.0.jar;C:\Users\USER\.m2\repository\org\springframework\cloud\spring-cloud-starter\4.1.0\spring-cloud-starter-4.1.0.jar;C:\Users\USER\.m2\repository\org\springframework\boot\spring-boot-starter\3.2.0\spring-boot-starter-3.2.0.jar;C:\Users\USER\.m2\repository\org\springframework\boot\spring-boot\3.2.0\spring-boot-3.2.0.jar;C:\Users\USER\.m2\repository\org\springframework\boot\spring-boot-starter-logging\3.2.0\spring-boot-starter-logging-3.2.0.jar;C:\Users\USER\.m2\repository\ch\qos\logback\logback-classic\1.4.11\logback-classic-1.4.11.jar;C:\Users\USER\.m2\repository\ch\qos\logback\logback-core\1.4.11\logback-core-1.4.11.jar;C:\Users\USER\.m2\repository\org\apache\logging\log4j\log4j-to-slf4j\2.21.1\log4j-to-slf4j-2.21.1.jar;C:\Users\USER\.m2\repository\org\apache\logging\log4j\log4j-api\2.21.1\log4j-api-2.21.1.jar;C:\Users\USER\.m2\repository\org\slf4j\jul-to-slf4j\2.0.9\jul-to-slf4j-2.0.9.jar;C:\Users\USER\.m2\repository\org\springframework\spring-core\6.1.1\spring-core-6.1.1.jar;C:\Users\USER\.m2\repository\org\springframework\spring-jcl\6.1.1\spring-jcl-6.1.1.jar;C:\Users\USER\.m2\repository\org\springframework\cloud\spring-cloud-context\4.1.0\spring-cloud-context-4.1.0.jar;C:\Users\USER\.m2\repository\org\springframework\cloud\spring-cloud-commons\4.1.0\spring-cloud-commons-4.1.0.jar;C:\Users\USER\.m2\repository\org\springframework\cloud\spring-cloud-gateway-server\4.1.0\spring-cloud-gateway-server-4.1.0.jar;C:\Users\USER\.m2\repository\io\projectreactor\addons\reactor-extra\3.5.1\reactor-extra-3.5.1.jar;C:\Users\USER\.m2\repository\io\projectreactor\reactor-core\3.6.0\reactor-core-3.6.0.jar;C:\Users\USER\.m2\repository\org\reactivestreams\reactive-streams\1.0.4\reactive-streams-1.0.4.jar;C:\Users\USER\.m2\repository\org\springframework\boot\spring-boot-starter-webflu
Launcher Type: SUN_STANDARD

[Global flags]
     intx CICompilerCount                          = 4                                         {product} {ergonomic}
     uint ConcGCThreads                            = 3                                         {product} {ergonomic}
     uint G1ConcRefinementThreads                  = 10                                        {product} {ergonomic}
   size_t G1HeapRegionSize                         = 4194304                                   {product} {ergonomic}
    uintx GCDrainStackTargetSize                   = 64                                        {product} {ergonomic}
   size_t InitialHeapSize                          = 394264576                                 {product} {ergonomic}
     bool ManagementServer                         = true                                      {product} {command line}
   size_t MarkStackSize                            = 4194304                                   {product} {ergonomic}
   size_t MaxHeapSize                              = 6274678784                                {product} {ergonomic}
   size_t MaxNewSize                               = 3762290688                                {product} {ergonomic}
   size_t MinHeapDeltaBytes                        = 4194304                                   {product} {ergonomic}
   size_t MinHeapSize                              = 8388608                                   {product} {ergonomic}
    uintx NonProfiledCodeHeapSize                  = 0                                      {pd product} {ergonomic}
     bool ProfileInterpreter                       = false                                  {pd product} {command line}
    uintx ProfiledCodeHeapSize                     = 0                                      {pd product} {ergonomic}
   size_t SoftMaxHeapSize                          = 6274678784                             {manageable} {ergonomic}
     intx TieredStopAtLevel                        = 1                                         {product} {command line}
     bool UseCompressedClassPointers               = true                           {product lp64_product} {ergonomic}
     bool UseCompressedOops                        = true                           {product lp64_product} {ergonomic}
     bool UseG1GC                                  = true                                      {product} {ergonomic}
     bool UseLargePagesIndividualAllocation        = false                                  {pd product} {ergonomic}

Logging:
Log output configuration:
 #0: stdout all=warning uptime,level,tags
 #1: stderr all=off uptime,level,tags

Environment Variables:
JAVA_HOME=C:\Program Files\Java\jdk-17
PATH=C:\Program Files\Microsoft MPI\Bin\;C:\Program Files\Common Files\Oracle\Java\javapath;C:\Program Files (x86)\Common Files\Oracle\Java\java8path;C:\Program Files (x86)\Common Files\Oracle\Java\javapath;C:\ProgramData\Oracle\Java\javapath;C:\Windows\system32;C:\Windows;C:\Windows\System32\Wbem;C:\Windows\System32\WindowsPowerShell\v1.0\;C:\Windows\System32\OpenSSH\;D:\xampp\php;C:\ProgramData\ComposerSetup\bin;C:\Users\USER\AppData\Roaming\nvm;D:\nodejs;C:\Program Files\dotnet\;C:\Program Files (x86)\gsudo\;C:\Program Files (x86)\Microsoft SQL Server\160\Tools\Binn\;C:\Program Files\Microsoft SQL Server\160\Tools\Binn\;C:\Program Files\Microsoft SQL Server\Client SDK\ODBC\170\Tools\Binn\;C:\Program Files\Microsoft SQL Server\160\DTS\Binn\;%ZOOKEEPER_HOME%\bin;C:\Users\USER\AppData\Local\Programs\Python\Python313\;C:\Program Files\Java\jdk-17\bin;D:\postgre\bin;%MAVEN_HOME%\bin;C:\ProgramData\chocolatey\bin;D:\Nodejs\;D:\apache-maven-3.9.10-bin\apache-maven-3.9.10\bin;E:\Program Files\Git\cmd;C:\Users\USER\AppData\Local\Programs\Python\Python313\;C:\Users\USER\AppData\Local\Programs\Python\Launcher\;C:\Users\USER\AppData\Local\Programs\Python\Python313\Scripts\;C:\Python313;C:\Program Files\Microsoft MPI\Bin\;C:\Program Files\Common Files\Oracle\Java\javapath;C:\Program Files (x86)\Common Files\Oracle\Java\java8path;C:\Program Files (x86)\Common Files\Oracle\Java\javapath;C:\ProgramData\Oracle\Java\javapath;C:\Windows\system32;C:\Windows;C:\Windows\System32\Wbem;C:\Windows\System32\WindowsPowerShell\v1.0\;C:\Windows\System32\OpenSSH\;D:\xampp\php;C:\ProgramData\ComposerSetup\bin;C:\Users\USER\AppData\Roaming\nvm;D:\nodejs;C:\Program Files\dotnet\;C:\Program Files (x86)\gsudo\;C:\Program Files (x86)\Microsoft SQL Server\160\Tools\Binn\;C:\Program Files\Microsoft SQL Server\160\Tools\Binn\;C:\Program Files\Microsoft SQL Server\Client SDK\ODBC\170\Tools\Binn\;C:\Program Files\Microsoft SQL Server\160\DTS\Binn\;%ZOOKEEPER_HOME%\bin;C:\Users\USER\AppData\Local\Programs\P
USERNAME=USER
OS=Windows_NT
PROCESSOR_IDENTIFIER=AMD64 Family 23 Model 104 Stepping 1, AuthenticAMD



---------------  S Y S T E M  ---------------

OS:
 Windows 10 , 64 bit Build 19041 (10.0.19041.5915)
OS uptime: 5 days 22:41 hours
Hyper-V role detected

CPU: total 12 (initial active 12) (12 cores per cpu, 2 threads per core) family 23 model 104 stepping 1 microcode 0x0, cx8, cmov, fxsr, ht, mmx, 3dnowpref, sse, sse2, sse3, ssse3, sse4a, sse4.1, sse4.2, popcnt, lzcnt, tsc, tscinvbit, avx, avx2, aes, clmul, bmi1, bmi2, adx, sha, fma, vzeroupper, clflush, clflushopt, hv

Memory: 4k page, system-wide physical 23925M (5942M free)
TotalPageFile size 23925M (AvailPageFile size 6M)
current process WorkingSet (physical memory assigned to process): 54M, peak: 54M
current process commit charge ("private bytes"): 476M, peak: 476M

vm_info: Java HotSpot(TM) 64-Bit Server VM (17.0.12+8-LTS-286) for windows-amd64 JRE (17.0.12+8-LTS-286), built on Jun  5 2024 06:46:59 by "mach5one" with MS VC++ 17.6 (VS2022)

END.
