#
# There is insufficient memory for the Java Runtime Environment to continue.
# Native memory allocation (mmap) failed to map 65536 bytes for Failed to commit metaspace.
# Possible reasons:
#   The system is out of physical RAM or swap space
#   The process is running with CompressedOops enabled, and the Java Heap may be blocking the growth of the native heap
# Possible solutions:
#   Reduce memory load on the system
#   Increase physical memory or swap space
#   Check if swap backing store is full
#   Decrease Java heap size (-Xmx/-Xms)
#   Decrease number of Java threads
#   Decrease Java thread stack sizes (-Xss)
#   Set larger code cache with -XX:ReservedCodeCacheSize=
#   JVM is running with Zero Based Compressed Oops mode in which the Java heap is
#     placed in the first 32GB address space. The Java Heap base address is the
#     maximum limit for the native heap growth. Please use -XX:HeapBaseMinAddress
#     to set the Java Heap base and to place the Java Heap above 32GB virtual address.
# This output file may be truncated or incomplete.
#
#  Out of Memory Error (virtualSpaceNode.cpp:110), pid=11112, tid=3096
#
# JRE version: Java(TM) SE Runtime Environment (17.0.12+8) (build 17.0.12+8-LTS-286)
# Java VM: Java HotSpot(TM) 64-Bit Server VM (17.0.12+8-LTS-286, mixed mode, emulated-client, tiered, compressed oops, compressed class ptrs, g1 gc, windows-amd64)
# No core dump will be written. Minidumps are not enabled by default on client versions of Windows
#

---------------  S U M M A R Y ------------

Command Line: -XX:TieredStopAtLevel=1 -Dspring.output.ansi.enabled=always -Dcom.sun.management.jmxremote -Dspring.jmx.enabled=true -Dspring.liveBeansView.mbeanDomain -Dspring.application.admin.enabled=true -Dmanagement.endpoints.jmx.exposure.include=* -javaagent:D:\intel\IntelliJ IDEA 2024.1\lib\idea_rt.jar=55386:D:\intel\IntelliJ IDEA 2024.1\bin -Dfile.encoding=UTF-8 com.example.identityservice.IdentityServiceApplication

Host: AMD Ryzen 5 5500U with Radeon Graphics         , 12 cores, 23G,  Windows 10 , 64 bit Build 19041 (10.0.19041.5915)
Time: Fri Sep  5 11:13:34 2025 SE Asia Standard Time elapsed time: 0.314703 seconds (0d 0h 0m 0s)

---------------  T H R E A D  ---------------

Current thread (0x0000019bb3434c40):  JavaThread "Monitor Ctrl-Break" daemon [_thread_in_vm, id=3096, stack(0x0000006fbe100000,0x0000006fbe200000)]

Stack: [0x0000006fbe100000,0x0000006fbe200000]
Native frames: (J=compiled Java code, j=interpreted, Vv=VM code, C=native code)
V  [jvm.dll+0x67a04a]
V  [jvm.dll+0x7da4ed]
V  [jvm.dll+0x7dbe33]
V  [jvm.dll+0x7dc4a3]
V  [jvm.dll+0x24508f]
V  [jvm.dll+0x7d60bb]
V  [jvm.dll+0x6206c6]
V  [jvm.dll+0x62072a]
V  [jvm.dll+0x622f4d]
V  [jvm.dll+0x621086]
V  [jvm.dll+0x23936f]
V  [jvm.dll+0x62af35]
V  [jvm.dll+0x1e84b2]
V  [jvm.dll+0x1e89d5]
V  [jvm.dll+0x1e931b]
V  [jvm.dll+0x1dea41]
V  [jvm.dll+0x53f78c]
V  [jvm.dll+0x1ef3ca]
V  [jvm.dll+0x7547ad]
V  [jvm.dll+0x755bc6]
V  [jvm.dll+0x755ef8]
V  [jvm.dll+0x40c5f9]
V  [jvm.dll+0x3e6a9a]
C  [net.dll+0x2fc0]

Java frames: (J=compiled Java code, j=interpreted, Vv=VM code)
j  java.net.Inet6Address.init()V+0 java.base@17.0.12
j  java.net.Inet6Address.<clinit>()V+0 java.base@17.0.12
v  ~StubRoutines::call_stub
j  java.net.InetAddress.getByAddress(Ljava/lang/String;[B)Ljava/net/InetAddress;+94 java.base@17.0.12
j  java.net.InetAddress.getByAddress([B)Ljava/net/InetAddress;+2 java.base@17.0.12
j  sun.nio.ch.Net.<clinit>()V+69 java.base@17.0.12
v  ~StubRoutines::call_stub
j  sun.nio.ch.NioSocketImpl.create(Z)V+66 java.base@17.0.12
j  java.net.DelegatingSocketImpl.create(Z)V+5 java.base@17.0.12
j  java.net.Socket.createImpl(Z)V+16 java.base@17.0.12
j  java.net.Socket.<init>(Ljava/net/SocketAddress;Ljava/net/SocketAddress;Z)V+63 java.base@17.0.12
j  java.net.Socket.<init>(Ljava/lang/String;I)V+34 java.base@17.0.12
j  com.intellij.rt.execution.application.AppMainV2$1.run()V+10
v  ~StubRoutines::call_stub

---------------  P R O C E S S  ---------------

Threads class SMR info:
_java_thread_list=0x0000019bb3437870, length=15, elements={
0x0000019b932d13f0, 0x0000019bae9fb260, 0x0000019bae9fbff0, 0x0000019bae9cdaa0,
0x0000019baea0f7e0, 0x0000019baea131d0, 0x0000019baea15ab0, 0x0000019baea17390,
0x0000019baea19cb0, 0x0000019bae0d64e0, 0x0000019baeba8010, 0x0000019baeba9540,
0x0000019baeba9a60, 0x0000019bb3434c40, 0x0000019bb3435120
}

Java Threads: ( => current thread )
  0x0000019b932d13f0 JavaThread "main" [_thread_in_vm, id=1344, stack(0x0000006fbce00000,0x0000006fbcf00000)]
  0x0000019bae9fb260 JavaThread "Reference Handler" daemon [_thread_blocked, id=6696, stack(0x0000006fbd500000,0x0000006fbd600000)]
  0x0000019bae9fbff0 JavaThread "Finalizer" daemon [_thread_blocked, id=12140, stack(0x0000006fbd600000,0x0000006fbd700000)]
  0x0000019bae9cdaa0 JavaThread "Signal Dispatcher" daemon [_thread_blocked, id=22092, stack(0x0000006fbd700000,0x0000006fbd800000)]
  0x0000019baea0f7e0 JavaThread "Attach Listener" daemon [_thread_blocked, id=15768, stack(0x0000006fbd800000,0x0000006fbd900000)]
  0x0000019baea131d0 JavaThread "Service Thread" daemon [_thread_blocked, id=16312, stack(0x0000006fbd900000,0x0000006fbda00000)]
  0x0000019baea15ab0 JavaThread "Monitor Deflation Thread" daemon [_thread_blocked, id=13844, stack(0x0000006fbda00000,0x0000006fbdb00000)]
  0x0000019baea17390 JavaThread "C1 CompilerThread0" daemon [_thread_blocked, id=10912, stack(0x0000006fbdb00000,0x0000006fbdc00000)]
  0x0000019baea19cb0 JavaThread "Sweeper thread" daemon [_thread_blocked, id=9848, stack(0x0000006fbdc00000,0x0000006fbdd00000)]
  0x0000019bae0d64e0 JavaThread "Common-Cleaner" daemon [_thread_blocked, id=19120, stack(0x0000006fbdd00000,0x0000006fbde00000)]
  0x0000019baeba8010 JavaThread "C1 CompilerThread1" daemon [_thread_blocked, id=9340, stack(0x0000006fbde00000,0x0000006fbdf00000)]
  0x0000019baeba9540 JavaThread "C1 CompilerThread2" daemon [_thread_blocked, id=636, stack(0x0000006fbdf00000,0x0000006fbe000000)]
  0x0000019baeba9a60 JavaThread "C1 CompilerThread3" daemon [_thread_blocked, id=23504, stack(0x0000006fbe000000,0x0000006fbe100000)]
=>0x0000019bb3434c40 JavaThread "Monitor Ctrl-Break" daemon [_thread_in_vm, id=3096, stack(0x0000006fbe100000,0x0000006fbe200000)]
  0x0000019bb3435120 JavaThread "Notification Thread" daemon [_thread_blocked, id=3872, stack(0x0000006fbe200000,0x0000006fbe300000)]

Other Threads:
  0x0000019bae97ce60 VMThread "VM Thread" [stack: 0x0000006fbd400000,0x0000006fbd500000] [id=13872]
  0x0000019b93359690 GCTaskThread "GC Thread#0" [stack: 0x0000006fbcf00000,0x0000006fbd000000] [id=19972]
  0x0000019b93365ff0 ConcurrentGCThread "G1 Main Marker" [stack: 0x0000006fbd000000,0x0000006fbd100000] [id=7980]
  0x0000019b93366910 ConcurrentGCThread "G1 Conc#0" [stack: 0x0000006fbd100000,0x0000006fbd200000] [id=20020]
  0x0000019b9338e260 ConcurrentGCThread "G1 Refine#0" [stack: 0x0000006fbd200000,0x0000006fbd300000] [id=17396]
  0x0000019b9338eba0 ConcurrentGCThread "G1 Service" [stack: 0x0000006fbd300000,0x0000006fbd400000] [id=1608]

Threads with active compile tasks:

VM state: not at safepoint (normal execution)

VM Mutex/Monitor currently owned by a thread:  ([mutex/lock_event])
[0x0000019b932ccc80] Metaspace_lock - owner thread: 0x0000019bb3434c40

Heap address: 0x000000068a000000, size: 5984 MB, Compressed Oops mode: Zero based, Oop shift amount: 3

CDS archive(s) not mapped
Compressed class space mapped at: 0x0000000800000000-0x0000000840000000, reserved size: 1073741824
Narrow klass base: 0x0000000800000000, Narrow klass shift: 0, Narrow klass range: 0x40000000

GC Precious Log:
 CPUs: 12 total, 12 available
 Memory: 23925M
 Large Page Support: Disabled
 NUMA Support: Disabled
 Compressed Oops: Enabled (Zero based)
 Heap Region Size: 4M
 Heap Min Capacity: 8M
 Heap Initial Capacity: 376M
 Heap Max Capacity: 5984M
 Pre-touch: Disabled
 Parallel Workers: 10
 Concurrent Workers: 3
 Concurrent Refinement Workers: 10
 Periodic GC: Disabled

Heap:
 garbage-first heap   total 385024K, used 8192K [0x000000068a000000, 0x0000000800000000)
  region size 4096K, 4 young (16384K), 0 survivors (0K)
 Metaspace       used 6990K, committed 7104K, reserved 1114112K
  class space    used 594K, committed 704K, reserved 1048576K

Heap Regions: E=young(eden), S=young(survivor), O=old, HS=humongous(starts), HC=humongous(continues), CS=collection set, F=free, OA=open archive, CA=closed archive, TAMS=top-at-mark-start (previous, next)
|   0|0x000000068a000000, 0x000000068a000000, 0x000000068a400000|  0%| F|  |TAMS 0x000000068a000000, 0x000000068a000000| Untracked 
|   1|0x000000068a400000, 0x000000068a400000, 0x000000068a800000|  0%| F|  |TAMS 0x000000068a400000, 0x000000068a400000| Untracked 
|   2|0x000000068a800000, 0x000000068a800000, 0x000000068ac00000|  0%| F|  |TAMS 0x000000068a800000, 0x000000068a800000| Untracked 
|   3|0x000000068ac00000, 0x000000068ac00000, 0x000000068b000000|  0%| F|  |TAMS 0x000000068ac00000, 0x000000068ac00000| Untracked 
|   4|0x000000068b000000, 0x000000068b000000, 0x000000068b400000|  0%| F|  |TAMS 0x000000068b000000, 0x000000068b000000| Untracked 
|   5|0x000000068b400000, 0x000000068b400000, 0x000000068b800000|  0%| F|  |TAMS 0x000000068b400000, 0x000000068b400000| Untracked 
|   6|0x000000068b800000, 0x000000068b800000, 0x000000068bc00000|  0%| F|  |TAMS 0x000000068b800000, 0x000000068b800000| Untracked 
|   7|0x000000068bc00000, 0x000000068bc00000, 0x000000068c000000|  0%| F|  |TAMS 0x000000068bc00000, 0x000000068bc00000| Untracked 
|   8|0x000000068c000000, 0x000000068c000000, 0x000000068c400000|  0%| F|  |TAMS 0x000000068c000000, 0x000000068c000000| Untracked 
|   9|0x000000068c400000, 0x000000068c400000, 0x000000068c800000|  0%| F|  |TAMS 0x000000068c400000, 0x000000068c400000| Untracked 
|  10|0x000000068c800000, 0x000000068c800000, 0x000000068cc00000|  0%| F|  |TAMS 0x000000068c800000, 0x000000068c800000| Untracked 
|  11|0x000000068cc00000, 0x000000068cc00000, 0x000000068d000000|  0%| F|  |TAMS 0x000000068cc00000, 0x000000068cc00000| Untracked 
|  12|0x000000068d000000, 0x000000068d000000, 0x000000068d400000|  0%| F|  |TAMS 0x000000068d000000, 0x000000068d000000| Untracked 
|  13|0x000000068d400000, 0x000000068d400000, 0x000000068d800000|  0%| F|  |TAMS 0x000000068d400000, 0x000000068d400000| Untracked 
|  14|0x000000068d800000, 0x000000068d800000, 0x000000068dc00000|  0%| F|  |TAMS 0x000000068d800000, 0x000000068d800000| Untracked 
|  15|0x000000068dc00000, 0x000000068dc00000, 0x000000068e000000|  0%| F|  |TAMS 0x000000068dc00000, 0x000000068dc00000| Untracked 
|  16|0x000000068e000000, 0x000000068e000000, 0x000000068e400000|  0%| F|  |TAMS 0x000000068e000000, 0x000000068e000000| Untracked 
|  17|0x000000068e400000, 0x000000068e400000, 0x000000068e800000|  0%| F|  |TAMS 0x000000068e400000, 0x000000068e400000| Untracked 
|  18|0x000000068e800000, 0x000000068e800000, 0x000000068ec00000|  0%| F|  |TAMS 0x000000068e800000, 0x000000068e800000| Untracked 
|  19|0x000000068ec00000, 0x000000068ec00000, 0x000000068f000000|  0%| F|  |TAMS 0x000000068ec00000, 0x000000068ec00000| Untracked 
|  20|0x000000068f000000, 0x000000068f000000, 0x000000068f400000|  0%| F|  |TAMS 0x000000068f000000, 0x000000068f000000| Untracked 
|  21|0x000000068f400000, 0x000000068f400000, 0x000000068f800000|  0%| F|  |TAMS 0x000000068f400000, 0x000000068f400000| Untracked 
|  22|0x000000068f800000, 0x000000068f800000, 0x000000068fc00000|  0%| F|  |TAMS 0x000000068f800000, 0x000000068f800000| Untracked 
|  23|0x000000068fc00000, 0x000000068fc00000, 0x0000000690000000|  0%| F|  |TAMS 0x000000068fc00000, 0x000000068fc00000| Untracked 
|  24|0x0000000690000000, 0x0000000690000000, 0x0000000690400000|  0%| F|  |TAMS 0x0000000690000000, 0x0000000690000000| Untracked 
|  25|0x0000000690400000, 0x0000000690400000, 0x0000000690800000|  0%| F|  |TAMS 0x0000000690400000, 0x0000000690400000| Untracked 
|  26|0x0000000690800000, 0x0000000690800000, 0x0000000690c00000|  0%| F|  |TAMS 0x0000000690800000, 0x0000000690800000| Untracked 
|  27|0x0000000690c00000, 0x0000000690c00000, 0x0000000691000000|  0%| F|  |TAMS 0x0000000690c00000, 0x0000000690c00000| Untracked 
|  28|0x0000000691000000, 0x0000000691000000, 0x0000000691400000|  0%| F|  |TAMS 0x0000000691000000, 0x0000000691000000| Untracked 
|  29|0x0000000691400000, 0x0000000691400000, 0x0000000691800000|  0%| F|  |TAMS 0x0000000691400000, 0x0000000691400000| Untracked 
|  30|0x0000000691800000, 0x0000000691800000, 0x0000000691c00000|  0%| F|  |TAMS 0x0000000691800000, 0x0000000691800000| Untracked 
|  31|0x0000000691c00000, 0x0000000691c00000, 0x0000000692000000|  0%| F|  |TAMS 0x0000000691c00000, 0x0000000691c00000| Untracked 
|  32|0x0000000692000000, 0x0000000692000000, 0x0000000692400000|  0%| F|  |TAMS 0x0000000692000000, 0x0000000692000000| Untracked 
|  33|0x0000000692400000, 0x0000000692400000, 0x0000000692800000|  0%| F|  |TAMS 0x0000000692400000, 0x0000000692400000| Untracked 
|  34|0x0000000692800000, 0x0000000692800000, 0x0000000692c00000|  0%| F|  |TAMS 0x0000000692800000, 0x0000000692800000| Untracked 
|  35|0x0000000692c00000, 0x0000000692c00000, 0x0000000693000000|  0%| F|  |TAMS 0x0000000692c00000, 0x0000000692c00000| Untracked 
|  36|0x0000000693000000, 0x0000000693000000, 0x0000000693400000|  0%| F|  |TAMS 0x0000000693000000, 0x0000000693000000| Untracked 
|  37|0x0000000693400000, 0x0000000693400000, 0x0000000693800000|  0%| F|  |TAMS 0x0000000693400000, 0x0000000693400000| Untracked 
|  38|0x0000000693800000, 0x0000000693800000, 0x0000000693c00000|  0%| F|  |TAMS 0x0000000693800000, 0x0000000693800000| Untracked 
|  39|0x0000000693c00000, 0x0000000693c00000, 0x0000000694000000|  0%| F|  |TAMS 0x0000000693c00000, 0x0000000693c00000| Untracked 
|  40|0x0000000694000000, 0x0000000694000000, 0x0000000694400000|  0%| F|  |TAMS 0x0000000694000000, 0x0000000694000000| Untracked 
|  41|0x0000000694400000, 0x0000000694400000, 0x0000000694800000|  0%| F|  |TAMS 0x0000000694400000, 0x0000000694400000| Untracked 
|  42|0x0000000694800000, 0x0000000694800000, 0x0000000694c00000|  0%| F|  |TAMS 0x0000000694800000, 0x0000000694800000| Untracked 
|  43|0x0000000694c00000, 0x0000000694c00000, 0x0000000695000000|  0%| F|  |TAMS 0x0000000694c00000, 0x0000000694c00000| Untracked 
|  44|0x0000000695000000, 0x0000000695000000, 0x0000000695400000|  0%| F|  |TAMS 0x0000000695000000, 0x0000000695000000| Untracked 
|  45|0x0000000695400000, 0x0000000695400000, 0x0000000695800000|  0%| F|  |TAMS 0x0000000695400000, 0x0000000695400000| Untracked 
|  46|0x0000000695800000, 0x0000000695800000, 0x0000000695c00000|  0%| F|  |TAMS 0x0000000695800000, 0x0000000695800000| Untracked 
|  47|0x0000000695c00000, 0x0000000695c00000, 0x0000000696000000|  0%| F|  |TAMS 0x0000000695c00000, 0x0000000695c00000| Untracked 
|  48|0x0000000696000000, 0x0000000696000000, 0x0000000696400000|  0%| F|  |TAMS 0x0000000696000000, 0x0000000696000000| Untracked 
|  49|0x0000000696400000, 0x0000000696400000, 0x0000000696800000|  0%| F|  |TAMS 0x0000000696400000, 0x0000000696400000| Untracked 
|  50|0x0000000696800000, 0x0000000696800000, 0x0000000696c00000|  0%| F|  |TAMS 0x0000000696800000, 0x0000000696800000| Untracked 
|  51|0x0000000696c00000, 0x0000000696c00000, 0x0000000697000000|  0%| F|  |TAMS 0x0000000696c00000, 0x0000000696c00000| Untracked 
|  52|0x0000000697000000, 0x0000000697000000, 0x0000000697400000|  0%| F|  |TAMS 0x0000000697000000, 0x0000000697000000| Untracked 
|  53|0x0000000697400000, 0x0000000697400000, 0x0000000697800000|  0%| F|  |TAMS 0x0000000697400000, 0x0000000697400000| Untracked 
|  54|0x0000000697800000, 0x0000000697800000, 0x0000000697c00000|  0%| F|  |TAMS 0x0000000697800000, 0x0000000697800000| Untracked 
|  55|0x0000000697c00000, 0x0000000697c00000, 0x0000000698000000|  0%| F|  |TAMS 0x0000000697c00000, 0x0000000697c00000| Untracked 
|  56|0x0000000698000000, 0x0000000698000000, 0x0000000698400000|  0%| F|  |TAMS 0x0000000698000000, 0x0000000698000000| Untracked 
|  57|0x0000000698400000, 0x0000000698400000, 0x0000000698800000|  0%| F|  |TAMS 0x0000000698400000, 0x0000000698400000| Untracked 
|  58|0x0000000698800000, 0x0000000698800000, 0x0000000698c00000|  0%| F|  |TAMS 0x0000000698800000, 0x0000000698800000| Untracked 
|  59|0x0000000698c00000, 0x0000000698c00000, 0x0000000699000000|  0%| F|  |TAMS 0x0000000698c00000, 0x0000000698c00000| Untracked 
|  60|0x0000000699000000, 0x0000000699000000, 0x0000000699400000|  0%| F|  |TAMS 0x0000000699000000, 0x0000000699000000| Untracked 
|  61|0x0000000699400000, 0x0000000699400000, 0x0000000699800000|  0%| F|  |TAMS 0x0000000699400000, 0x0000000699400000| Untracked 
|  62|0x0000000699800000, 0x0000000699800000, 0x0000000699c00000|  0%| F|  |TAMS 0x0000000699800000, 0x0000000699800000| Untracked 
|  63|0x0000000699c00000, 0x0000000699c00000, 0x000000069a000000|  0%| F|  |TAMS 0x0000000699c00000, 0x0000000699c00000| Untracked 
|  64|0x000000069a000000, 0x000000069a000000, 0x000000069a400000|  0%| F|  |TAMS 0x000000069a000000, 0x000000069a000000| Untracked 
|  65|0x000000069a400000, 0x000000069a400000, 0x000000069a800000|  0%| F|  |TAMS 0x000000069a400000, 0x000000069a400000| Untracked 
|  66|0x000000069a800000, 0x000000069a800000, 0x000000069ac00000|  0%| F|  |TAMS 0x000000069a800000, 0x000000069a800000| Untracked 
|  67|0x000000069ac00000, 0x000000069ac00000, 0x000000069b000000|  0%| F|  |TAMS 0x000000069ac00000, 0x000000069ac00000| Untracked 
|  68|0x000000069b000000, 0x000000069b000000, 0x000000069b400000|  0%| F|  |TAMS 0x000000069b000000, 0x000000069b000000| Untracked 
|  69|0x000000069b400000, 0x000000069b400000, 0x000000069b800000|  0%| F|  |TAMS 0x000000069b400000, 0x000000069b400000| Untracked 
|  70|0x000000069b800000, 0x000000069b800000, 0x000000069bc00000|  0%| F|  |TAMS 0x000000069b800000, 0x000000069b800000| Untracked 
|  71|0x000000069bc00000, 0x000000069bc00000, 0x000000069c000000|  0%| F|  |TAMS 0x000000069bc00000, 0x000000069bc00000| Untracked 
|  72|0x000000069c000000, 0x000000069c000000, 0x000000069c400000|  0%| F|  |TAMS 0x000000069c000000, 0x000000069c000000| Untracked 
|  73|0x000000069c400000, 0x000000069c400000, 0x000000069c800000|  0%| F|  |TAMS 0x000000069c400000, 0x000000069c400000| Untracked 
|  74|0x000000069c800000, 0x000000069c800000, 0x000000069cc00000|  0%| F|  |TAMS 0x000000069c800000, 0x000000069c800000| Untracked 
|  75|0x000000069cc00000, 0x000000069cc00000, 0x000000069d000000|  0%| F|  |TAMS 0x000000069cc00000, 0x000000069cc00000| Untracked 
|  76|0x000000069d000000, 0x000000069d000000, 0x000000069d400000|  0%| F|  |TAMS 0x000000069d000000, 0x000000069d000000| Untracked 
|  77|0x000000069d400000, 0x000000069d400000, 0x000000069d800000|  0%| F|  |TAMS 0x000000069d400000, 0x000000069d400000| Untracked 
|  78|0x000000069d800000, 0x000000069d800000, 0x000000069dc00000|  0%| F|  |TAMS 0x000000069d800000, 0x000000069d800000| Untracked 
|  79|0x000000069dc00000, 0x000000069dc00000, 0x000000069e000000|  0%| F|  |TAMS 0x000000069dc00000, 0x000000069dc00000| Untracked 
|  80|0x000000069e000000, 0x000000069e000000, 0x000000069e400000|  0%| F|  |TAMS 0x000000069e000000, 0x000000069e000000| Untracked 
|  81|0x000000069e400000, 0x000000069e400000, 0x000000069e800000|  0%| F|  |TAMS 0x000000069e400000, 0x000000069e400000| Untracked 
|  82|0x000000069e800000, 0x000000069e800000, 0x000000069ec00000|  0%| F|  |TAMS 0x000000069e800000, 0x000000069e800000| Untracked 
|  83|0x000000069ec00000, 0x000000069ec00000, 0x000000069f000000|  0%| F|  |TAMS 0x000000069ec00000, 0x000000069ec00000| Untracked 
|  84|0x000000069f000000, 0x000000069f000000, 0x000000069f400000|  0%| F|  |TAMS 0x000000069f000000, 0x000000069f000000| Untracked 
|  85|0x000000069f400000, 0x000000069f400000, 0x000000069f800000|  0%| F|  |TAMS 0x000000069f400000, 0x000000069f400000| Untracked 
|  86|0x000000069f800000, 0x000000069f800000, 0x000000069fc00000|  0%| F|  |TAMS 0x000000069f800000, 0x000000069f800000| Untracked 
|  87|0x000000069fc00000, 0x000000069fc00000, 0x00000006a0000000|  0%| F|  |TAMS 0x000000069fc00000, 0x000000069fc00000| Untracked 
|  88|0x00000006a0000000, 0x00000006a0000000, 0x00000006a0400000|  0%| F|  |TAMS 0x00000006a0000000, 0x00000006a0000000| Untracked 
|  89|0x00000006a0400000, 0x00000006a0400000, 0x00000006a0800000|  0%| F|  |TAMS 0x00000006a0400000, 0x00000006a0400000| Untracked 
|  90|0x00000006a0800000, 0x00000006a0972ff8, 0x00000006a0c00000| 36%| E|  |TAMS 0x00000006a0800000, 0x00000006a0800000| Complete 
|  91|0x00000006a0c00000, 0x00000006a1000000, 0x00000006a1000000|100%| E|CS|TAMS 0x00000006a0c00000, 0x00000006a0c00000| Complete 
|  92|0x00000006a1000000, 0x00000006a1400000, 0x00000006a1400000|100%| E|  |TAMS 0x00000006a1000000, 0x00000006a1000000| Complete 
|  93|0x00000006a1400000, 0x00000006a1800000, 0x00000006a1800000|100%| E|CS|TAMS 0x00000006a1400000, 0x00000006a1400000| Complete 

Card table byte_map: [0x0000019b9ea60000,0x0000019b9f610000] _byte_map_base: 0x0000019b9b610000

Marking Bits (Prev, Next): (CMBitMap*) 0x0000019b93359bc0, (CMBitMap*) 0x0000019b93359c00
 Prev Bits: [0x0000019ba01c0000, 0x0000019ba5f40000)
 Next Bits: [0x0000019ba5f40000, 0x0000019babcc0000)

Polling page: 0x0000019b91240000

Metaspace:

Usage:
  Non-class:      6.25 MB used.
      Class:    594.23 KB used.
       Both:      6.83 MB used.

Virtual space:
  Non-class space:       64.00 MB reserved,       6.25 MB ( 10%) committed,  1 nodes.
      Class space:        1.00 GB reserved,     704.00 KB ( <1%) committed,  1 nodes.
             Both:        1.06 GB reserved,       6.94 MB ( <1%) committed. 

Chunk freelists:
   Non-Class:  9.00 MB
       Class:  15.25 MB
        Both:  24.25 MB

MaxMetaspaceSize: unlimited
CompressedClassSpaceSize: 1.00 GB
Initial GC threshold: 21.00 MB
Current GC threshold: 21.00 MB
CDS: off
MetaspaceReclaimPolicy: balanced
 - commit_granule_bytes: 65536.
 - commit_granule_words: 8192.
 - virtual_space_node_default_size: 8388608.
 - enlarge_chunks_in_place: 1.
 - new_chunks_are_fully_committed: 0.
 - uncommit_free_chunks: 1.
 - use_allocation_guard: 0.
 - handle_deallocations: 1.


Internal statistics:

num_allocs_failed_limit: 0.
num_arena_births: 8.
num_arena_deaths: 0.
num_vsnodes_births: 2.
num_vsnodes_deaths: 0.
num_space_committed: 111.
num_space_uncommitted: 0.
num_chunks_returned_to_freelist: 0.
num_chunks_taken_from_freelist: 28.
num_chunk_merges: 0.
num_chunk_splits: 11.
num_chunks_enlarged: 3.
num_inconsistent_stats: 0.

CodeCache: size=49152Kb used=3276Kb max_used=3276Kb free=45875Kb
 bounds [0x0000019b9ab80000, 0x0000019b9aec0000, 0x0000019b9db80000]
 total_blobs=774 nmethods=385 adapters=314
 compilation: enabled
              stopped_count=0, restarted_count=0
 full_count=0

Compilation events (20 events):
Event: 0.309 Thread 0x0000019baeba8010  374       1       java.util.HashMap$ValueIterator::next (8 bytes)
Event: 0.309 Thread 0x0000019baeba9540  375       1       java.lang.Module::getDescriptor (5 bytes)
Event: 0.309 Thread 0x0000019baeba9540 nmethod 375 0x0000019b9aeadd90 code [0x0000019b9aeadf20, 0x0000019b9aeadff8]
Event: 0.309 Thread 0x0000019baeba8010 nmethod 374 0x0000019b9aeae090 code [0x0000019b9aeae220, 0x0000019b9aeae308]
Event: 0.309 Thread 0x0000019baeba8010  376       1       java.lang.invoke.MethodType::parameterType (7 bytes)
Event: 0.309 Thread 0x0000019baeba8010 nmethod 376 0x0000019b9aeae390 code [0x0000019b9aeae520, 0x0000019b9aeae618]
Event: 0.309 Thread 0x0000019baeba8010  377       1       java.lang.invoke.MethodType::parameterCount (6 bytes)
Event: 0.309 Thread 0x0000019baeba8010 nmethod 377 0x0000019b9aeae710 code [0x0000019b9aeae8a0, 0x0000019b9aeae978]
Event: 0.309 Thread 0x0000019baeba8010  379       1       jdk.internal.org.objectweb.asm.SymbolTable::addConstantUtf8 (98 bytes)
Event: 0.309 Thread 0x0000019baeba9540  380       1       jdk.internal.org.objectweb.asm.SymbolTable$Entry::<init> (17 bytes)
Event: 0.309 Thread 0x0000019baea17390  381       1       jdk.internal.org.objectweb.asm.ByteVector::putByte (39 bytes)
Event: 0.309 Thread 0x0000019baeba9540 nmethod 380 0x0000019b9aeaed10 code [0x0000019b9aeaeea0, 0x0000019b9aeaefc8]
Event: 0.309 Thread 0x0000019baea17390 nmethod 381 0x0000019b9aeaf090 code [0x0000019b9aeaf220, 0x0000019b9aeaf388]
Event: 0.310 Thread 0x0000019baeba8010 nmethod 379 0x0000019b9aeaf490 code [0x0000019b9aeaf680, 0x0000019b9aeafa18]
Event: 0.310 Thread 0x0000019baeba8010  382       1       java.lang.String::<init> (74 bytes)
Event: 0.310 Thread 0x0000019baeba8010 nmethod 382 0x0000019b9aeafd10 code [0x0000019b9aeafee0, 0x0000019b9aeb02f8]
Event: 0.312 Thread 0x0000019baeba8010  383       1       java.io.FileSystem::hasBooleanAttributes (17 bytes)
Event: 0.312 Thread 0x0000019baeba8010 nmethod 383 0x0000019b9aeb1810 code [0x0000019b9aeb19a0, 0x0000019b9aeb1aa8]
Event: 0.313 Thread 0x0000019baeba8010  385       1       java.nio.Buffer::limit (5 bytes)
Event: 0.313 Thread 0x0000019baeba8010 nmethod 385 0x0000019b9aeb2190 code [0x0000019b9aeb2320, 0x0000019b9aeb23f8]

GC Heap History (0 events):
No events

Deoptimization events (0 events):
No events

Classes unloaded (0 events):
No events

Classes redefined (0 events):
No events

Internal exceptions (1 events):
Event: 0.309 Thread 0x0000019bb3434c40 Exception <a 'java/lang/NoSuchMethodError'{0x00000006a0910f20}: 'java.lang.Object java.lang.invoke.DirectMethodHandle$Holder.invokeStaticInit(java.lang.Object)'> (0x00000006a0910f20) 
thrown [s\open\src\hotspot\share\interpreter\linkResolver.cpp, line 759]

VM Operations (4 events):
Event: 0.159 Executing VM operation: HandshakeAllThreads
Event: 0.159 Executing VM operation: HandshakeAllThreads done
Event: 0.307 Executing VM operation: HandshakeAllThreads
Event: 0.307 Executing VM operation: HandshakeAllThreads done

Events (20 events):
Event: 0.313 loading class java/nio/DirectIntBufferRU done
Event: 0.313 loading class java/net/DelegatingSocketImpl done
Event: 0.313 loading class jdk/internal/jimage/ImageStringsReader
Event: 0.313 loading class java/net/SocksSocketImpl done
Event: 0.313 loading class jdk/internal/jimage/ImageStrings
Event: 0.313 loading class jdk/internal/jimage/ImageStrings done
Event: 0.313 loading class jdk/internal/jimage/ImageStringsReader done
Event: 0.313 loading class sun/nio/ch/Net
Event: 0.313 loading class jdk/internal/jimage/decompressor/Decompressor
Event: 0.313 loading class jdk/internal/jimage/decompressor/Decompressor done
Event: 0.313 loading class jdk/internal/jimage/ImageLocation
Event: 0.313 loading class sun/nio/ch/Net done
Event: 0.313 loading class jdk/internal/jimage/ImageLocation done
Event: 0.313 loading class sun/nio/ch/Net$1
Event: 0.313 loading class java/net/ProtocolFamily
Event: 0.313 loading class java/net/ProtocolFamily done
Event: 0.313 loading class sun/nio/ch/Net$1 done
Event: 0.313 loading class java/net/Inet6Address
Event: 0.313 loading class java/net/Inet6Address done
Event: 0.314 loading class java/net/Inet6Address$Inet6AddressHolder


Dynamic libraries:
0x00007ff602e60000 - 0x00007ff602e70000 	C:\Program Files\Java\jdk-17\bin\java.exe
0x00007ffc65630000 - 0x00007ffc65828000 	C:\Windows\SYSTEM32\ntdll.dll
0x00007ffc646f0000 - 0x00007ffc647b2000 	C:\Windows\System32\KERNEL32.DLL
0x00007ffc63130000 - 0x00007ffc63427000 	C:\Windows\System32\KERNELBASE.dll
0x00007ffc63000000 - 0x00007ffc63100000 	C:\Windows\System32\ucrtbase.dll
0x00007ffc5a2d0000 - 0x00007ffc5a2e9000 	C:\Program Files\Java\jdk-17\bin\jli.dll
0x00007ffc547a0000 - 0x00007ffc547bb000 	C:\Program Files\Java\jdk-17\bin\VCRUNTIME140.dll
0x00007ffc64f60000 - 0x00007ffc65011000 	C:\Windows\System32\ADVAPI32.dll
0x00007ffc64960000 - 0x00007ffc649fe000 	C:\Windows\System32\msvcrt.dll
0x00007ffc63650000 - 0x00007ffc636ef000 	C:\Windows\System32\sechost.dll
0x00007ffc645c0000 - 0x00007ffc646e6000 	C:\Windows\System32\RPCRT4.dll
0x00007ffc63430000 - 0x00007ffc63457000 	C:\Windows\System32\bcrypt.dll
0x00007ffc647c0000 - 0x00007ffc6495d000 	C:\Windows\System32\USER32.dll
0x00007ffc51280000 - 0x00007ffc5151a000 	C:\Windows\WinSxS\amd64_microsoft.windows.common-controls_6595b64144ccf1df_6.0.19041.5915_none_60b4b9d171f9c7c7\COMCTL32.dll
0x00007ffc63100000 - 0x00007ffc63122000 	C:\Windows\System32\win32u.dll
0x00007ffc64a20000 - 0x00007ffc64a4b000 	C:\Windows\System32\GDI32.dll
0x00007ffc634e0000 - 0x00007ffc635f9000 	C:\Windows\System32\gdi32full.dll
0x00007ffc62ed0000 - 0x00007ffc62f6d000 	C:\Windows\System32\msvcp_win.dll
0x00007ffc59010000 - 0x00007ffc5901a000 	C:\Windows\SYSTEM32\VERSION.dll
0x00007ffc652f0000 - 0x00007ffc6531f000 	C:\Windows\System32\IMM32.DLL
0x00007ffc59fb0000 - 0x00007ffc59fbc000 	C:\Program Files\Java\jdk-17\bin\vcruntime140_1.dll
0x00007ffc31570000 - 0x00007ffc315fe000 	C:\Program Files\Java\jdk-17\bin\msvcp140.dll
0x00007ffbf23d0000 - 0x00007ffbf2fb0000 	C:\Program Files\Java\jdk-17\bin\server\jvm.dll
0x00007ffc64a00000 - 0x00007ffc64a08000 	C:\Windows\System32\PSAPI.DLL
0x00007ffc466a0000 - 0x00007ffc466a9000 	C:\Windows\SYSTEM32\WSOCK32.dll
0x00007ffc58da0000 - 0x00007ffc58dc7000 	C:\Windows\SYSTEM32\WINMM.dll
0x00007ffc65020000 - 0x00007ffc6508b000 	C:\Windows\System32\WS2_32.dll
0x00007ffc60ae0000 - 0x00007ffc60af2000 	C:\Windows\SYSTEM32\kernel.appcore.dll
0x00007ffc53e30000 - 0x00007ffc53e3a000 	C:\Program Files\Java\jdk-17\bin\jimage.dll
0x00007ffc55830000 - 0x00007ffc55a31000 	C:\Windows\SYSTEM32\DBGHELP.DLL
0x00007ffc4c4e0000 - 0x00007ffc4c514000 	C:\Windows\SYSTEM32\dbgcore.DLL
0x00007ffc62f70000 - 0x00007ffc62ff2000 	C:\Windows\System32\bcryptPrimitives.dll
0x00007ffc53da0000 - 0x00007ffc53dae000 	C:\Program Files\Java\jdk-17\bin\instrument.dll
0x00007ffc539c0000 - 0x00007ffc539e5000 	C:\Program Files\Java\jdk-17\bin\java.dll
0x00007ffc2ce90000 - 0x00007ffc2cf67000 	C:\Program Files\Java\jdk-17\bin\jsvml.dll
0x00007ffc63e40000 - 0x00007ffc645ae000 	C:\Windows\System32\SHELL32.dll
0x00007ffc60d10000 - 0x00007ffc614b4000 	C:\Windows\SYSTEM32\windows.storage.dll
0x00007ffc64a50000 - 0x00007ffc64da3000 	C:\Windows\System32\combase.dll
0x00007ffc626f0000 - 0x00007ffc6271b000 	C:\Windows\SYSTEM32\Wldp.dll
0x00007ffc63c90000 - 0x00007ffc63d5d000 	C:\Windows\System32\OLEAUT32.dll
0x00007ffc654c0000 - 0x00007ffc6556d000 	C:\Windows\System32\SHCORE.dll
0x00007ffc65290000 - 0x00007ffc652eb000 	C:\Windows\System32\shlwapi.dll
0x00007ffc62bf0000 - 0x00007ffc62c14000 	C:\Windows\SYSTEM32\profapi.dll
0x00007ffc52b20000 - 0x00007ffc52b38000 	C:\Program Files\Java\jdk-17\bin\zip.dll
0x00007ffc53e10000 - 0x00007ffc53e29000 	C:\Program Files\Java\jdk-17\bin\net.dll
0x00007ffc5d680000 - 0x00007ffc5d78a000 	C:\Windows\SYSTEM32\WINHTTP.dll
0x00007ffc62450000 - 0x00007ffc624ba000 	C:\Windows\system32\mswsock.dll
0x00007ffc52c80000 - 0x00007ffc52c96000 	C:\Program Files\Java\jdk-17\bin\nio.dll
0x00007ffc52a90000 - 0x00007ffc52aaa000 	D:\intel\IntelliJ IDEA 2024.1\bin\breakgen64.dll

dbghelp: loaded successfully - version: 4.0.5 - missing functions: none
symbol engine: initialized successfully - sym options: 0x614 - pdb path: .;C:\Program Files\Java\jdk-17\bin;C:\Windows\SYSTEM32;C:\Windows\WinSxS\amd64_microsoft.windows.common-controls_6595b64144ccf1df_6.0.19041.5915_none_60b4b9d171f9c7c7;C:\Program Files\Java\jdk-17\bin\server;D:\intel\IntelliJ IDEA 2024.1\bin

VM Arguments:
jvm_args: -XX:TieredStopAtLevel=1 -Dspring.output.ansi.enabled=always -Dcom.sun.management.jmxremote -Dspring.jmx.enabled=true -Dspring.liveBeansView.mbeanDomain -Dspring.application.admin.enabled=true -Dmanagement.endpoints.jmx.exposure.include=* -javaagent:D:\intel\IntelliJ IDEA 2024.1\lib\idea_rt.jar=55386:D:\intel\IntelliJ IDEA 2024.1\bin -Dfile.encoding=UTF-8 
java_command: com.example.identityservice.IdentityServiceApplication
java_class_path (initial): E:\microservice\identity-service\target\classes;C:\Users\USER\.m2\repository\org\springframework\boot\spring-boot-starter-web\3.2.0\spring-boot-starter-web-3.2.0.jar;C:\Users\USER\.m2\repository\org\springframework\boot\spring-boot-starter\3.2.0\spring-boot-starter-3.2.0.jar;C:\Users\USER\.m2\repository\org\springframework\boot\spring-boot\3.2.0\spring-boot-3.2.0.jar;C:\Users\USER\.m2\repository\org\springframework\boot\spring-boot-autoconfigure\3.2.0\spring-boot-autoconfigure-3.2.0.jar;C:\Users\USER\.m2\repository\org\springframework\boot\spring-boot-starter-logging\3.2.0\spring-boot-starter-logging-3.2.0.jar;C:\Users\USER\.m2\repository\ch\qos\logback\logback-classic\1.4.11\logback-classic-1.4.11.jar;C:\Users\USER\.m2\repository\ch\qos\logback\logback-core\1.4.11\logback-core-1.4.11.jar;C:\Users\USER\.m2\repository\org\apache\logging\log4j\log4j-to-slf4j\2.21.1\log4j-to-slf4j-2.21.1.jar;C:\Users\USER\.m2\repository\org\apache\logging\log4j\log4j-api\2.21.1\log4j-api-2.21.1.jar;C:\Users\USER\.m2\repository\org\slf4j\jul-to-slf4j\2.0.9\jul-to-slf4j-2.0.9.jar;C:\Users\USER\.m2\repository\jakarta\annotation\jakarta.annotation-api\2.1.1\jakarta.annotation-api-2.1.1.jar;C:\Users\USER\.m2\repository\org\springframework\spring-core\6.1.1\spring-core-6.1.1.jar;C:\Users\USER\.m2\repository\org\springframework\spring-jcl\6.1.1\spring-jcl-6.1.1.jar;C:\Users\USER\.m2\repository\org\yaml\snakeyaml\2.2\snakeyaml-2.2.jar;C:\Users\USER\.m2\repository\org\springframework\boot\spring-boot-starter-json\3.2.0\spring-boot-starter-json-3.2.0.jar;C:\Users\USER\.m2\repository\com\fasterxml\jackson\core\jackson-databind\2.15.3\jackson-databind-2.15.3.jar;C:\Users\USER\.m2\repository\com\fasterxml\jackson\datatype\jackson-datatype-jdk8\2.15.3\jackson-datatype-jdk8-2.15.3.jar;C:\Users\USER\.m2\repository\com\fasterxml\jackson\datatype\jackson-datatype-jsr310\2.15.3\jackson-datatype-jsr310-2.15.3.jar;C:\Users\USER\.m2\repository\com\fasterxml\jackson\module\jackso
Launcher Type: SUN_STANDARD

[Global flags]
     intx CICompilerCount                          = 4                                         {product} {ergonomic}
     uint ConcGCThreads                            = 3                                         {product} {ergonomic}
     uint G1ConcRefinementThreads                  = 10                                        {product} {ergonomic}
   size_t G1HeapRegionSize                         = 4194304                                   {product} {ergonomic}
    uintx GCDrainStackTargetSize                   = 64                                        {product} {ergonomic}
   size_t InitialHeapSize                          = 394264576                                 {product} {ergonomic}
     bool ManagementServer                         = true                                      {product} {command line}
   size_t MarkStackSize                            = 4194304                                   {product} {ergonomic}
   size_t MaxHeapSize                              = 6274678784                                {product} {ergonomic}
   size_t MaxNewSize                               = 3762290688                                {product} {ergonomic}
   size_t MinHeapDeltaBytes                        = 4194304                                   {product} {ergonomic}
   size_t MinHeapSize                              = 8388608                                   {product} {ergonomic}
    uintx NonProfiledCodeHeapSize                  = 0                                      {pd product} {ergonomic}
     bool ProfileInterpreter                       = false                                  {pd product} {command line}
    uintx ProfiledCodeHeapSize                     = 0                                      {pd product} {ergonomic}
   size_t SoftMaxHeapSize                          = 6274678784                             {manageable} {ergonomic}
     intx TieredStopAtLevel                        = 1                                         {product} {command line}
     bool UseCompressedClassPointers               = true                           {product lp64_product} {ergonomic}
     bool UseCompressedOops                        = true                           {product lp64_product} {ergonomic}
     bool UseG1GC                                  = true                                      {product} {ergonomic}
     bool UseLargePagesIndividualAllocation        = false                                  {pd product} {ergonomic}

Logging:
Log output configuration:
 #0: stdout all=warning uptime,level,tags
 #1: stderr all=off uptime,level,tags

Environment Variables:
JAVA_HOME=C:\Program Files\Java\jdk-17
PATH=C:\Program Files\Microsoft MPI\Bin\;C:\Program Files\Common Files\Oracle\Java\javapath;C:\Program Files (x86)\Common Files\Oracle\Java\java8path;C:\Program Files (x86)\Common Files\Oracle\Java\javapath;C:\ProgramData\Oracle\Java\javapath;C:\Windows\system32;C:\Windows;C:\Windows\System32\Wbem;C:\Windows\System32\WindowsPowerShell\v1.0\;C:\Windows\System32\OpenSSH\;D:\xampp\php;C:\ProgramData\ComposerSetup\bin;C:\Users\USER\AppData\Roaming\nvm;D:\nodejs;C:\Program Files\dotnet\;C:\Program Files (x86)\gsudo\;C:\Program Files (x86)\Microsoft SQL Server\160\Tools\Binn\;C:\Program Files\Microsoft SQL Server\160\Tools\Binn\;C:\Program Files\Microsoft SQL Server\Client SDK\ODBC\170\Tools\Binn\;C:\Program Files\Microsoft SQL Server\160\DTS\Binn\;%ZOOKEEPER_HOME%\bin;C:\Users\USER\AppData\Local\Programs\Python\Python313\;C:\Program Files\Java\jdk-17\bin;D:\postgre\bin;%MAVEN_HOME%\bin;C:\ProgramData\chocolatey\bin;D:\Nodejs\;D:\apache-maven-3.9.10-bin\apache-maven-3.9.10\bin;E:\Program Files\Git\cmd;C:\Program Files\Docker\Docker\resources\bin;C:\Users\USER\AppData\Local\Programs\Python\Python313\;C:\Users\USER\AppData\Local\Programs\Python\Launcher\;C:\Users\USER\AppData\Local\Programs\Python\Python313\Scripts\;C:\Python313;C:\Program Files\Microsoft MPI\Bin\;C:\Program Files\Common Files\Oracle\Java\javapath;C:\Program Files (x86)\Common Files\Oracle\Java\java8path;C:\Program Files (x86)\Common Files\Oracle\Java\javapath;C:\ProgramData\Oracle\Java\javapath;C:\Windows\system32;C:\Windows;C:\Windows\System32\Wbem;C:\Windows\System32\WindowsPowerShell\v1.0\;C:\Windows\System32\OpenSSH\;D:\xampp\php;C:\ProgramData\ComposerSetup\bin;C:\Users\USER\AppData\Roaming\nvm;D:\nodejs;C:\Program Files\dotnet\;C:\Program Files (x86)\gsudo\;C:\Program Files (x86)\Microsoft SQL Server\160\Tools\Binn\;C:\Program Files\Microsoft SQL Server\160\Tools\Binn\;C:\Program Files\Microsoft SQL Server\Client SDK\ODBC\170\Tools\Binn\;C:\Program Files\Microsoft SQL Server\160\DTS\Binn\;%ZOOKEEPER_HOM
USERNAME=USER
OS=Windows_NT
PROCESSOR_IDENTIFIER=AMD64 Family 23 Model 104 Stepping 1, AuthenticAMD



---------------  S Y S T E M  ---------------

OS:
 Windows 10 , 64 bit Build 19041 (10.0.19041.5915)
OS uptime: 2 days 12:10 hours
Hyper-V role detected

CPU: total 12 (initial active 12) (12 cores per cpu, 2 threads per core) family 23 model 104 stepping 1 microcode 0x0, cx8, cmov, fxsr, ht, mmx, 3dnowpref, sse, sse2, sse3, ssse3, sse4a, sse4.1, sse4.2, popcnt, lzcnt, tsc, tscinvbit, avx, avx2, aes, clmul, bmi1, bmi2, adx, sha, fma, vzeroupper, clflush, clflushopt, hv

Memory: 4k page, system-wide physical 23925M (5912M free)
TotalPageFile size 23925M (AvailPageFile size 489M)
current process WorkingSet (physical memory assigned to process): 44M, peak: 44M
current process commit charge ("private bytes"): 469M, peak: 469M

vm_info: Java HotSpot(TM) 64-Bit Server VM (17.0.12+8-LTS-286) for windows-amd64 JRE (17.0.12+8-LTS-286), built on Jun  5 2024 06:46:59 by "mach5one" with MS VC++ 17.6 (VS2022)

END.
